AFTERNOON AT THE RACE TRACK - Description of the internal state of the problem
MAN/BRK           SPECTATOR/BETTER              HORSE/JOCKEY PAIR at Race RN
  Stat  St0  Am0 St1  Am1 St2  Am2 St3  Am3 RN St0  Len0 St1  Len1 St2  Len2 St3  Len3 
                                        Race RN Status
 RN Dist BS0  BA0 BS1  BA1 BS2  BA2 BS3  BA3  Od0 N0 Ps0 SD0 Od1 N1 Ps1 SD1 Od2 N2 Ps2 SD2 Od3 N3 Ps3 SD3 
    OTE WFRTS 260        0        0        0  0         0         0         0         0 
  0  864    0   0    0   0    0   0    0   0    0  0   0   0   0  0   0   0   0  0   0   0   0  0   0   0
    OTE WFRTS 260        0        0        0  0         0         0         0         0 
  0  864    0   0    0   0    0   0    0   0    0  0   0   0   0  0   0   0   0  0   0   0   0  0   0   0
    OTE WFRTS 260 WFRTS 157        0        0  0         0         0         0         0 
  0  864    0   0    0   0    0   0    0   0    0  0   0   0   0  0   0   0   0  0   0   0   0  0   0   0
    OTE WFRTS 260 WFRTS 157        0        0  0         0         0         0         0 
  0  864    0   0    0   0    0   0    0   0    0  0   0   0   0  0   0   0   0  0   0   0   0  0   0   0
    OTE WFRTS 260 WFRTS 157 WFRTS  81        0  0         0         0         0         0 
  0  864    0   0    0   0    0   0    0   0    0  0   0   0   0  0   0   0   0  0   0   0   0  0   0   0
    OTE WFRTS 260 WFRTS 157 WFRTS  81        0  0         0         0         0         0 
  0  864    0   0    0   0    0   0    0   0    0  0   0   0   0  0   0   0   0  0   0   0   0  0   0   0
    OTE WFRTS 260 WFRTS 157 WFRTS  81 WFRTS  65  0         0         0         0         0 
  0  864    0   0    0   0    0   0    0   0    0  0   0   0   0  0   0   0   0  0   0   0   0  0   0   0
    OTE WFRTS 260 WFRTS 157 WFRTS  81 WFRTS  65  0         0         0         0         0 
  0  864    0   0    0   0    0   0    0   0    0  0   0   0   0  0   0   0   0  0   0   0   0  0   0   0
    OTE WFRTS 260 WFRTS 157 WFRTS  81 WFRTS  65  0  ATS    0         0         0         0 
  0  864    0   0    0   0    0   0    0   0    0  0   0   0   0  0   0   0   0  0   0   0   0  0   0   0
    OTE WFRTS 260 WFRTS 157 WFRTS  81 WFRTS  65  0  ATS    0  ATS    0         0         0 
  0  864    0   0    0   0    0   0    0   0    0  0   0   0   0  0   0   0   0  0   0   0   0  0   0   0
    OTE WFRTS 260 WFRTS 157 WFRTS  81 WFRTS  65  0  ATS    0  ATS    4         0         0 
  0  864    0   0    0   0    0   0    0   0    0  0   0   0   0  0   0   0   0  0   0   0   0  0   0   0
    OTE WFRTS 260 WFRTS 157 WFRTS  81 WFRTS  65  0  ATS    0  ATS    4         0         0 
  0  864    0   0    0   0    0   0    0   0    0  0   0   0   0  0   0   0   0  0   0   0   0  0   0   0
    OTE WFRTS 260 WFRTS 157 WFRTS  81 WFRTS  65  0  ATS    0  ATS    4  ATS    4         0 
  0  864    0   0    0   0    0   0    0   0    0  0   0   0   0  0   0   0   0  0   0   0   0  0   0   0
    OTE WFRTS 260 WFRTS 157 WFRTS  81 WFRTS  65  0  ATS    0  ATS    4  ATS    4         0 
  0  864    0   0    0   0    0   0    0   0    0  0   0   0   0  0   0   0   0  0   0   0   0  0   0   0
    OTE WFRTS 260 WFRTS 157 WFRTS  81 WFRTS  65  0  ATS    0  ATS    4  ATS    4  ATS    3 
  0  864    0   0    0   0    0   0    0   0    0  0   0   0   0  0   0   0   0  0   0   0   0  0   0   0
    OTE WFRTS 260 WFRTS 157 WFRTS  81 WFRTS  65  0  ATS    0  ATS    4  ATS    4  ATS    3 
  0  864    0   0    0   0    0   0    0   0    0  0   0   0   0  0   0   0   0  0   0   0   0  0   0   0
    OTE  ATH 260 WFRTS 157 WFRTS  81 WFRTS  65  0  ATS    0  ATS    4  ATS    4  ATS    3 
  0  864    0   0    0   0    0   0    0   0    0  0   0   0   0  0   0   0   0  0   0   0   0  0   0   0
    OTE  ATH 260  ATH 157 WFRTS  81 WFRTS  65  0  ATS    0  ATS    4  ATS    4  ATS    3 
  0  864    0   0    0   0    0   0    0   0    0  0   0   0   0  0   0   0   0  0   0   0   0  0   0   0
    OTE  ATH 260  ATH 157 WFRTS  81  ATH  65  0  ATS    0  ATS    4  ATS    4  ATS    3 
  0  864    0   0    0   0    0   0    0   0    0  0   0   0   0  0   0   0   0  0   0   0   0  0   0   0
    OTE  ATH 260  ATH 157  ATH  81  ATH  65  0  ATS    0  ATS    4  ATS    4  ATS    3 
  0  864    0   0    0   0    0   0    0   0    0  0   0   0   0  0   0   0   0  0   0   0   0  0   0   0
    OTE  ATH 260  ATH 157  ATH  81  ATH  65  0  ATP    0  ATS    4  ATS    4  ATS    3 
  0  864    0   0    0   0    0   0    0   0    0  0   0   0   0  0   0   0   0  0   0   0   0  0   0   0
    ANR  ATH 260  ATH 157  ATH  81  ATH  65  0 ATSL    0  ATS    4  ATS    4  ATP    3 
  0  864    0   0    0   0    0   0    0   0    0  0   0   0   0  0   0   0   0  0   0   0   0  0   0   0
    ANR  ATH 260  ATH 157  ATH  81  ATH  65  0 ATSL    0  ATS    4  ATS    4  ATP    3 
  0  864    0   0    0   0    0   0    0   0    0  0   0   0   0  0   0   0   0  0   0   0   0  0   0   0
    ANR  ATH 260  ATH 157  ATH  81  ATH  65  0 ATSL    0  ATS    4  ATS    4  ATP    3 
  0  864    0   0    0   0    0   0    0   0    0  0   0   0   0  0   0   0   0  0   0   0   0  0   0   0
    ANR  ATH 260  ATH 157  ATH  81  ATH  65  0 ATSL    0  ATS    4  ATS    4 ATSL    3 
  0  864    0   0    0   0    0   0    0   0    0  0   0   0   0  0   0   0   0  0   0   0   0  0   0   0
    ANR  ATH 260  ATH 157  ATH  81  ATH  65  0 ATSL    0  ATS    4  ATS    4 ATSL    3 
  0  864    0   0    0   0    0   0    0   0    0  0   0   0   0  0   0   0   0  0   0   0   0  0   0   0
    ANR  ATH 260  ATH 157  ATH  81  ATH  65  0 ATSL    0  ATS    4  ATP    4 ATSL    3 
  0  864    0   0    0   0    0   0    0   0    0  0   0   0   0  0   0   0   0  0   0   0   0  0   0   0
    WFB  ATH 260  ATH 157  ATH  81  ATH  65  0 ATSL    0  ATS    4 ATSL    4 ATSL    3 
  0  864    0   0    0   0    0   0    0   0    0  0   0   0   0  0   0   0   0  0   0   0   0  0   0   0
    WFB  ATH 260  ATH 157  ATH  81  ATH  65  0 ATSL    0  ATS    4 ATSL    4 ATSL    3 
  0  864    0   0    0   0    0   0    0   0    0  0   0   0   0  0   0   0   0  0   0   0   0  0   0   0
    WFB  ATH 260  ATH 157  ATH  81  ATH  65  0 ATSL    0  ATP    4 ATSL    4 ATSL    3 
  0  864    0   0    0   0    0   0    0   0    0  0   0   0   0  0   0   0   0  0   0   0   0  0   0   0
    WFB  ATH 260  ATH 157  ATH  81  ATH  65  0 ATSL    0 ATSL    4 ATSL    4 ATSL    3 
  0  864    0   0    0   0    0   0    0   0    0  0   0   0   0  0   0   0   0  0   0   0   0  0   0   0
    WFB  ATH 260   PB 157  ATH  81  ATH  65  0 ATSL    0 ATSL    4 ATSL    4 ATSL    3 
  0  864    0   0    0   0    0   0    0   0    0  0   0   0   0  0   0   0   0  0   0   0   0  0   0   0
    WFB  ATH 260   WR 157  ATH  81  ATH  65  0 ATSL    0 ATSL    4 ATSL    4 ATSL    3 
  0  864    0   0    2  58    0   0    0   0    0  0   0   0   0  0   0   0   0  0   0   0   0  0   0   0
    WFB   PB 260   WR 157  ATH  81  ATH  65  0 ATSL    0 ATSL    4 ATSL    4 ATSL    3 
  0  864    0   0    2  58    0   0    0   0    0  0   0   0   0  0   0   0   0  0   0   0   0  0   0   0
    WFB   WR 260   WR 157  ATH  81   PB  65  0 ATSL    0 ATSL    4 ATSL    4 ATSL    3 
  0  864    1  65    2  58    0   0    0   0    0  0   0   0   0  0   0   0   0  0   0   0   0  0   0   0
    WFB   WR 260   WR 157  ATH  81   PB  65  0 ATSL    0 ATSL    4 ATSL    4 ATSL    3 
  0  864    1  65    2  58    0   0    0   0    0  0   0   0   0  0   0   0   0  0   0   0   0  0   0   0
    WFB   WR 260   WR 157   PB  81   PB  65  0 ATSL    0 ATSL    4 ATSL    4 ATSL    3 
  0  864    1  65    2  58    0   0    0   0    0  0   0   0   0  0   0   0   0  0   0   0   0  0   0   0
    WFB   WR 260   WR 157   PB  81   WR  65  0 ATSL    0 ATSL    4 ATSL    4 ATSL    3 
  0  864    1  65    2  58    0   0    3  24    0  0   0   0   0  0   0   0   0  0   0   0   0  0   0   0
    WFB   WR 260   WR 157   WR  81   WR  65  0 ATSL    0 ATSL    4 ATSL    4 ATSL    3 
  0  864    1  65    2  58    0   5    3  24    0  0   0   0   0  0   0   0   0  0   0   0   0  0   0   0
    STR   WR 260   WR 157   WR  81   WR  65  0 ATSL    0 ATSL    4 ATSL    4 ATSL    3 
  0  864    1  65    2  58    0   5    3  24    0  0   0   0   0  0   0   0   0  0   0   0   0  0   0   0
