AFTERNOON AT THE RACE TRACK - Description of the internal state of the problem
MAN/BRK           SPECTATOR/BETTER              HORSE/JOCKEY PAIR at Race RN
  Stat  St0  Am0 St1  Am1 St2  Am2 St3  Am3 RN St0  Len0 St1  Len1 St2  Len2 St3  Len3 
                                        Race RN Status
 RN Dist BS0  BA0 BS1  BA1 BS2  BA2 BS3  BA3  Od0 N0 Ps0 SD0 Od1 N1 Ps1 SD1 Od2 N2 Ps2 SD2 Od3 N3 Ps3 SD3 
    OTE WFRTS 627        0        0        0  0         0         0         0         0 
  0 1064    0   0    0   0    0   0    0   0    0  0   0   0   0  0   0   0   0  0   0   0   0  0   0   0
    OTE WFRTS 627        0        0        0  0         0         0         0         0 
  0 1064    0   0    0   0    0   0    0   0    0  0   0   0   0  0   0   0   0  0   0   0   0  0   0   0
    OTE WFRTS 627 WFRTS 932        0        0  0         0         0         0         0 
  0 1064    0   0    0   0    0   0    0   0    0  0   0   0   0  0   0   0   0  0   0   0   0  0   0   0
    OTE WFRTS 627 WFRTS 932        0        0  0         0         0         0         0 
  0 1064    0   0    0   0    0   0    0   0    0  0   0   0   0  0   0   0   0  0   0   0   0  0   0   0
    OTE WFRTS 627 WFRTS 932 WFRTS 957        0  0         0         0         0         0 
  0 1064    0   0    0   0    0   0    0   0    0  0   0   0   0  0   0   0   0  0   0   0   0  0   0   0
    OTE WFRTS 627 WFRTS 932 WFRTS 957        0  0         0         0         0         0 
  0 1064    0   0    0   0    0   0    0   0    0  0   0   0   0  0   0   0   0  0   0   0   0  0   0   0
    OTE WFRTS 627 WFRTS 932 WFRTS 957 WFRTS 815  0         0         0         0         0 
  0 1064    0   0    0   0    0   0    0   0    0  0   0   0   0  0   0   0   0  0   0   0   0  0   0   0
    OTE WFRTS 627 WFRTS 932 WFRTS 957 WFRTS 815  0         0         0         0         0 
  0 1064    0   0    0   0    0   0    0   0    0  0   0   0   0  0   0   0   0  0   0   0   0  0   0   0
    OTE WFRTS 627 WFRTS 932 WFRTS 957 WFRTS 815  0  ATS    2         0         0         0 
  0 1064    0   0    0   0    0   0    0   0    0  0   0   0   0  0   0   0   0  0   0   0   0  0   0   0
    OTE WFRTS 627 WFRTS 932 WFRTS 957 WFRTS 815  0  ATS    2  ATS    0         0         0 
  0 1064    0   0    0   0    0   0    0   0    0  0   0   0   0  0   0   0   0  0   0   0   0  0   0   0
    OTE WFRTS 627 WFRTS 932 WFRTS 957 WFRTS 815  0  ATS    2  ATS    3         0         0 
  0 1064    0   0    0   0    0   0    0   0    0  0   0   0   0  0   0   0   0  0   0   0   0  0   0   0
    OTE WFRTS 627 WFRTS 932 WFRTS 957 WFRTS 815  0  ATS    2  ATS    3  ATS    0         0 
  0 1064    0   0    0   0    0   0    0   0    0  0   0   0   0  0   0   0   0  0   0   0   0  0   0   0
    OTE WFRTS 627 WFRTS 932 WFRTS 957 WFRTS 815  0  ATS    2  ATS    3  ATS    1         0 
  0 1064    0   0    0   0    0   0    0   0    0  0   0   0   0  0   0   0   0  0   0   0   0  0   0   0
    OTE WFRTS 627 WFRTS 932 WFRTS 957 WFRTS 815  0  ATS    2  ATS    3  ATS    1  ATS    0 
  0 1064    0   0    0   0    0   0    0   0    0  0   0   0   0  0   0   0   0  0   0   0   0  0   0   0
    OTE WFRTS 627 WFRTS 932 WFRTS 957 WFRTS 815  0  ATS    2  ATS    3  ATS    1  ATS    4 
  0 1064    0   0    0   0    0   0    0   0    0  0   0   0   0  0   0   0   0  0   0   0   0  0   0   0
    OTE WFRTS 627 WFRTS 932 WFRTS 957 WFRTS 815  0  ATS    2  ATS    3  ATS    1  ATS    4 
  0 1064    0   0    0   0    0   0    0   0    0  0   0   0   0  0   0   0   0  0   0   0   0  0   0   0
    ANR WFRTS 627 WFRTS 932 WFRTS 957 WFRTS 815  0  ATS    2  ATS    3  ATS    1  ATS    4 
  0 1064    0   0    0   0    0   0    0   0    0  0   0   0   0  0   0   0   0  0   0   0   0  0   0   0
    ANR  ATH 627 WFRTS 932 WFRTS 957 WFRTS 815  0  ATS    2  ATS    3  ATS    1  ATS    4 
  0 1064    0   0    0   0    0   0    0   0    0  0   0   0   0  0   0   0   0  0   0   0   0  0   0   0
    ANR  ATH 627  ATH 932 WFRTS 957 WFRTS 815  0  ATS    2  ATS    3  ATS    1  ATS    4 
  0 1064    0   0    0   0    0   0    0   0    0  0   0   0   0  0   0   0   0  0   0   0   0  0   0   0
    ANR  ATH 627  ATH 932  ATH 957 WFRTS 815  0  ATS    2  ATS    3  ATS    1  ATS    4 
  0 1064    0   0    0   0    0   0    0   0    0  0   0   0   0  0   0   0   0  0   0   0   0  0   0   0
    WFB  ATH 627  ATH 932  ATH 957  ATH 815  0  ATS    2  ATS    3  ATS    1  ATS    4 
  0 1064    0   0    0   0    0   0    0   0    0  0   0   0   0  0   0   0   0  0   0   0   0  0   0   0
    WFB  ATH 627  ATH 932  ATH 957  ATH 815  0  ATP    2  ATS    3  ATS    1  ATS    4 
  0 1064    0   0    0   0    0   0    0   0    0  0   0   0   0  0   0   0   0  0   0   0   0  0   0   0
    WFB  ATH 627  ATH 932  ATH 957  ATH 815  0 ATSL    2  ATS    3  ATS    1  ATP    4 
  0 1064    0   0    0   0    0   0    0   0    0  0   0   0   0  0   0   0   0  0   0   0   0  0   0   0
    WFB  ATH 627  ATH 932  ATH 957  ATH 815  0 ATSL    2  ATS    3  ATS    1  ATP    4 
  0 1064    0   0    0   0    0   0    0   0    0  0   0   0   0  0   0   0   0  0   0   0   0  0   0   0
    WFB  ATH 627  ATH 932  ATH 957  ATH 815  0 ATSL    2  ATS    3  ATS    1  ATP    4 
  0 1064    0   0    0   0    0   0    0   0    0  0   0   0   0  0   0   0   0  0   0   0   0  0   0   0
    WFB  ATH 627  ATH 932  ATH 957  ATH 815  0 ATSL    2  ATS    3  ATS    1 ATSL    4 
  0 1064    0   0    0   0    0   0    0   0    0  0   0   0   0  0   0   0   0  0   0   0   0  0   0   0
    WFB  ATH 627  ATH 932  ATH 957  ATH 815  0 ATSL    2  ATS    3  ATS    1 ATSL    4 
  0 1064    0   0    0   0    0   0    0   0    0  0   0   0   0  0   0   0   0  0   0   0   0  0   0   0
    WFB  ATH 627  ATH 932  ATH 957  ATH 815  0 ATSL    2  ATS    3  ATP    1 ATSL    4 
  0 1064    0   0    0   0    0   0    0   0    0  0   0   0   0  0   0   0   0  0   0   0   0  0   0   0
    WFB  ATH 627  ATH 932  ATH 957  ATH 815  0 ATSL    2  ATP    3 ATSL    1 ATSL    4 
  0 1064    0   0    0   0    0   0    0   0    0  0   0   0   0  0   0   0   0  0   0   0   0  0   0   0
    WFB  ATH 627  ATH 932  ATH 957  ATH 815  0 ATSL    2  ATP    3 ATSL    1 ATSL    4 
  0 1362    0   0    0   0    0   0    0   0    0  0   0   0   0  0   0   0   0  0   0   0   0  0   0   0
    WFB  ATH 627  ATH 932  ATH 957  ATH 815  0 ATSL    2 ATSL    3 ATSL    1 ATSL    4 
  0 1362    0   0    0   0    0   0    0   0    0  0   0   0   0  0   0   0   0  0   0   0   0  0   0   0
    WFB   PB 627  ATH 932  ATH 957  ATH 815  1 ATSL    2 ATSL    3 ATSL    1 ATSL    4 
  1 1362    0   0    0   0    0   0    0   0    0  0   0   0   0  0   0   0   0  0   0   0   0  0   0   0
    WFB   WR 627  ATH 932  ATH 957  ATH 815  1 ATSL    2 ATSL    3 ATSL    1 ATSL    4 
  1 1362    2 156    0   0    0   0    0   0    0  0   0   0   0  0   0   0   0  0   0   0   0  0   0   0
    WFB   WR 627  ATH 932  ATH 957   PB 815  1 ATSL    2 ATSL    3 ATSL    1 ATSL    4 
  1 1068    2 156    0   0    0   0    0   0    0  0   0   0   0  0   0   0   0  0   0   0   0  0   0   0
    WFB   WR 627   PB 932  ATH 957   WR 815  1 ATSL    2 ATSL    3 ATSL    1 ATSL    4 
  1 1068    2 156    0   0    0   0    2 305    0  0   0   0   0  0   0   0   0  0   0   0   0  0   0   0
    WFB   WR 627   PB 932  ATH 957   WR 815  1 ATSL    2 ATSL    3 ATSL    1 ATSL    4 
  1 1068    2 156    0   0    0   0    2 305    0  0   0   0   0  0   0   0   0  0   0   0   0  0   0   0
    WFB   WR 627   WR 932  ATH 957   WR 815  1 ATSL    2 ATSL    3 ATSL    1 ATSL    4 
  1 1068    2 156    3 349    0   0    2 305    0  0   0   0   0  0   0   0   0  0   0   0   0  0   0   0
    WFB   WR 627   WR 932   PB 957   WR 815  1 ATSL    2 ATSL    3 ATSL    1 ATSL    4 
  1 1068    2 156    3 349    0   0    2 305    0  0   0   0   0  0   0   0   0  0   0   0   0  0   0   0
    WFB   WR 627   WR 932   WR 957   WR 815  1 ATSL    2 ATSL    3 ATSL    1 ATSL    4 
  1 1068    2 156    3 349    2 358    2 305    0  0   0   0   0  0   0   0   0  0   0   0   0  0   0   0
    STR   WR 627   WR 932   WR 957   WR 815  2 ATSL    2 ATSL    3 ATSL    1 ATSL    4 
  2 1218    2 156    3 349    2 358    2 305    0  0   0   0   0  0   0   0   0  0   0   0   0  0   0   0
