AFTERNOON AT THE RACE TRACK - Description of the internal state of the problem
MAN/BRK           SPECTATOR/BETTER              HORSE/JOCKEY PAIR at Race RN
  Stat  St0  Am0 St1  Am1 St2  Am2 St3  Am3 RN St0  Len0 St1  Len1 St2  Len2 St3  Len3 
                                        Race RN Status
 RN Dist BS0  BA0 BS1  BA1 BS2  BA2 BS3  BA3  Od0 N0 Ps0 SD0 Od1 N1 Ps1 SD1 Od2 N2 Ps2 SD2 Od3 N3 Ps3 SD3 
    OTE WFRTS 621        0        0        0  0         0         0         0         0 
  0    0    0   0    0   0    0   0    0   0    0  0   0   0   0  0   0   0   0  0   0   0   0  0   0   0
    OTE WFRTS 621 WFRTS 188        0        0  0         0         0         0         0 
  0    0    0   0    0   0    0   0    0   0    0  0   0   0   0  0   0   0   0  0   0   0   0  0   0   0
    OTE WFRTS 621 WFRTS 188 WFRTS 930        0  0         0         0         0         0 
  0    0    0   0    0   0    0   0    0   0    0  0   0   0   0  0   0   0   0  0   0   0   0  0   0   0
    OTE WFRTS 621 WFRTS 188 WFRTS 930 WFRTS 902  0         0         0         0         0 
  0    0    0   0    0   0    0   0    0   0    0  0   0   0   0  0   0   0   0  0   0   0   0  0   0   0
    OTE WFRTS 621 WFRTS 188 WFRTS 930 WFRTS 902  0  ATS    1         0         0         0 
  0    0    0   0    0   0    0   0    0   0    0  0   0   0   0  0   0   0   0  0   0   0   0  0   0   0
    OTE WFRTS 621 WFRTS 188 WFRTS 930 WFRTS 902  0  ATS    1         0         0         0 
  0    0    0   0    0   0    0   0    0   0    0  0   0   0   0  0   0   0   0  0   0   0   0  0   0   0
    OTE WFRTS 621 WFRTS 188 WFRTS 930 WFRTS 902  0  ATS    1  ATS    2         0         0 
  0    0    0   0    0   0    0   0    0   0    0  0   0   0   0  0   0   0   0  0   0   0   0  0   0   0
    OTE WFRTS 621 WFRTS 188 WFRTS 930 WFRTS 902  0  ATS    1  ATS    2         0         0 
  0    0    0   0    0   0    0   0    0   0    0  0   0   0   0  0   0   0   0  0   0   0   0  0   0   0
    OTE WFRTS 621 WFRTS 188 WFRTS 930 WFRTS 902  0  ATS    1  ATS    2  ATS    2         0 
  0    0    0   0    0   0    0   0    0   0    0  0   0   0   0  0   0   0   0  0   0   0   0  0   0   0
    OTE WFRTS 621 WFRTS 188 WFRTS 930 WFRTS 902  0  ATS    1  ATS    2  ATS    2         0 
  0    0    0   0    0   0    0   0    0   0    0  0   0   0   0  0   0   0   0  0   0   0   0  0   0   0
    OTE WFRTS 621 WFRTS 188 WFRTS 930 WFRTS 902  0  ATS    1  ATS    2  ATS    2  ATS    1 
  0    0    0   0    0   0    0   0    0   0    0  0   0   0   0  0   0   0   0  0   0   0   0  0   0   0
    OTE WFRTS 621 WFRTS 188 WFRTS 930 WFRTS 902  0  ATS    1  ATS    2  ATS    2  ATS    1 
  0    0    0   0    0   0    0   0    0   0    0  0   0   0   0  0   0   0   0  0   0   0   0  0   0   0
    OTE  ATH 621 WFRTS 188 WFRTS 930 WFRTS 902  0  ATS    1  ATS    2  ATS    2  ATS    1 
  0    0    0   0    0   0    0   0    0   0    0  0   0   0   0  0   0   0   0  0   0   0   0  0   0   0
    OTE  ATH 621 WFRTS 188 WFRTS 930 WFRTS 902  0  ATS    1  ATS    2  ATS    2  ATS    1 
  0    0    0   0    0   0    0   0    0   0    0  0   0   0   0  0   0   0   0  0   0   0   0  0   0   0
    OTE  ATH 621 WFRTS 188 WFRTS 930 WFRTS 902  0  ATS    1  ATS    2  ATS    2  ATS    1 
  0    0    0   0    0   0    0   0    0   0    0  0   0   0   0  0   0   0   0  0   0   0   0  0   0   0
    OTE  ATH 621 WFRTS 188 WFRTS 930 WFRTS 902  0  ATS    1  ATS    2  ATS    2  ATS    1 
  0    0    0   0    0   0    0   0    0   0    0  0   0   0   0  0   0   0   0  0   0   0   0  0   0   0
    OTE  ATH 621 WFRTS 188 WFRTS 930 WFRTS 902  0  ATS    1  ATS    2  ATS    2  ATS    1 
  0    0    0   0    0   0    0   0    0   0    0  0   0   0   0  0   0   0   0  0   0   0   0  0   0   0
    OTE  ATH 621  ATH 188 WFRTS 930 WFRTS 902  0  ATS    1  ATS    2  ATS    2  ATS    1 
  0    0    0   0    0   0    0   0    0   0    0  0   0   0   0  0   0   0   0  0   0   0   0  0   0   0
    OTE  ATH 621  ATH 188  ATH 930 WFRTS 902  0  ATS    1  ATS    2  ATS    2  ATS    1 
  0    0    0   0    0   0    0   0    0   0    0  0   0   0   0  0   0   0   0  0   0   0   0  0   0   0
    OTE  ATH 621  ATH 188  ATH 930 WFRTS 902  0  ATS    1  ATS    2  ATS    2  ATS    1 
  0    0    0   0    0   0    0   0    0   0    0  0   0   0   0  0   0   0   0  0   0   0   0  0   0   0
    ANR  ATH 621  ATH 188  ATH 930  ATH 902  0  ATS    1  ATS    2  ATS    2  ATS    1 
  0    0    0   0    0   0    0   0    0   0    0  0   0   0   0  0   0   0   0  0   0   0   0  0   0   0
    ANR  ATH 621  ATH 188  ATH 930  ATH 902  0  ATS    1  ATS    2  ATS    2  ATS    1 
  0    0    0   0    0   0    0   0    0   0    0  0   0   0   0  0   0   0   0  0   0   0   0  0   0   0
    WFB  ATH 621  ATH 188  ATH 930  ATH 902  0  ATS    1  ATS    2  ATS    2  ATS    1 
  0    0    0   0    0   0    0   0    0   0    0  0   0   0   0  0   0   0   0  0   0   0   0  0   0   0
    WFB  ATH 621  ATH 188  ATH 930  ATH 902  0  ATP    1  ATS    2  ATS    2  ATS    1 
  0    0    0   0    0   0    0   0    0   0    0  0   0   0   0  0   0   0   0  0   0   0   0  0   0   0
    WFB  ATH 621  ATH 188  ATH 930  ATH 902  0  ATP    1  ATS    2  ATS    2  ATP    1 
  0    0    0   0    0   0    0   0    0   0    0  0   0   0   0  0   0   0   0  0   0   0   0  0   0   0
    WFB  ATH 621  ATH 188  ATH 930  ATH 902  0  ATP    1  ATS    2  ATP    2  ATP    1 
  0    0    0   0    0   0    0   0    0   0    0  0   0   0   0  0   0   0   0  0   0   0   0  0   0   0
    WFB  ATH 621  ATH 188  ATH 930  ATH 902  0  ATP    1  ATP    2  ATP    2  ATP    1 
  0    0    0   0    0   0    0   0    0   0    0  0   0   0   0  0   0   0   0  0   0   0   0  0   0   0
    WFB  ATH 621  ATH 188   PB 930  ATH 902  0  ATP    1  ATP    2  ATP    2  ATP    1 
  0    0    0   0    0   0    0   0    0   0    0  0   0   0   0  0   0   0   0  0   0   0   0  0   0   0
    WFB   PB 621  ATH 188   PB 930  ATH 902  0  ATP    1  ATP    2  ATP    2  ATP    1 
  0    0    0   0    0   0    2  58    0   0    0  0   0   0   0  0   0   0   0  0   0   0   0  0   0   0
    WFB   PB 621   PB 188   PB 930  ATH 902  0  ATP    1  ATP    2  ATP    2  ATP    1 
  0    0    1 232    0   0    2  58    0   0    0  0   0   0   0  0   0   0   0  0   0   0   0  0   0   0
    WFB   PB 621   PB 188   PB 930   PB 902  0  ATP    1  ATP    2  ATP    2  ATP    1 
  0    0    1 232    3  47    2  58    0   0    0  0   0   0   0  0   0   0   0  0   0   0   0  0   0   0
    WFB   PB 621   PB 188   PB 930   PB 902  0  ATP    1 ATSL    2  ATP    2  ATP    1 
  0    0    1 232    3  47    2  58    2 338    0  0   0   0   0  0   0   0   0  0   0   0   0  0   0   0
