AFTERNOON AT THE RACE TRACK - Description of the internal state of the problem
MAN/BRK           SPECTATOR/BETTER              HORSE/JOCKEY PAIR at Race RN
  Stat  St0  Am0 St1  Am1 St2  Am2 St3  Am3 RN St0  Len0 St1  Len1 St2  Len2 St3  Len3 
                                        Race RN Status
 RN Dist BS0  BA0 BS1  BA1 BS2  BA2 BS3  BA3  Od0 N0 Ps0 SD0 Od1 N1 Ps1 SD1 Od2 N2 Ps2 SD2 Od3 N3 Ps3 SD3 
    OTE WFRTS  76        0        0        0  0         0         0         0         0 
  0 1349    0   0    0   0    0   0    0   0    0  0   0   0   0  0   0   0   0  0   0   0   0  0   0   0
    OTE WFRTS  76        0        0        0  0         0         0         0         0 
  0 1349    0   0    0   0    0   0    0   0    0  0   0   0   0  0   0   0   0  0   0   0   0  0   0   0
    OTE WFRTS  76 WFRTS 193        0        0  0         0         0         0         0 
  0 1349    0   0    0   0    0   0    0   0    0  0   0   0   0  0   0   0   0  0   0   0   0  0   0   0
    OTE WFRTS  76 WFRTS 193        0        0  0         0         0         0         0 
  0 1349    0   0    0   0    0   0    0   0    0  0   0   0   0  0   0   0   0  0   0   0   0  0   0   0
    OTE WFRTS  76 WFRTS 193 WFRTS 690        0  0         0         0         0         0 
  0 1349    0   0    0   0    0   0    0   0    0  0   0   0   0  0   0   0   0  0   0   0   0  0   0   0
    OTE WFRTS  76 WFRTS 193 WFRTS 690        0  0         0         0         0         0 
  0 1349    0   0    0   0    0   0    0   0    0  0   0   0   0  0   0   0   0  0   0   0   0  0   0   0
    OTE WFRTS  76 WFRTS 193 WFRTS 690 WFRTS 971  0         0         0         0         0 
  0 1349    0   0    0   0    0   0    0   0    0  0   0   0   0  0   0   0   0  0   0   0   0  0   0   0
    OTE WFRTS  76 WFRTS 193 WFRTS 690 WFRTS 971  0         0         0         0         0 
  0 1349    0   0    0   0    0   0    0   0    0  0   0   0   0  0   0   0   0  0   0   0   0  0   0   0
    OTE WFRTS  76 WFRTS 193 WFRTS 690 WFRTS 971  0  ATS    2         0         0         0 
  0 1349    0   0    0   0    0   0    0   0    0  0   0   0   0  0   0   0   0  0   0   0   0  0   0   0
    OTE WFRTS  76 WFRTS 193 WFRTS 690 WFRTS 971  0  ATS    2         0         0         0 
  0 1349    0   0    0   0    0   0    0   0    0  0   0   0   0  0   0   0   0  0   0   0   0  0   0   0
    OTE WFRTS  76 WFRTS 193 WFRTS 690 WFRTS 971  0  ATS    2  ATS    2         0         0 
  0 1349    0   0    0   0    0   0    0   0    0  0   0   0   0  0   0   0   0  0   0   0   0  0   0   0
    OTE WFRTS  76 WFRTS 193 WFRTS 690 WFRTS 971  0  ATS    2  ATS    2         0         0 
  0 1349    0   0    0   0    0   0    0   0    0  0   0   0   0  0   0   0   0  0   0   0   0  0   0   0
    OTE WFRTS  76 WFRTS 193 WFRTS 690 WFRTS 971  0  ATS    2  ATS    2  ATS    2         0 
  0 1349    0   0    0   0    0   0    0   0    0  0   0   0   0  0   0   0   0  0   0   0   0  0   0   0
    OTE WFRTS  76 WFRTS 193 WFRTS 690 WFRTS 971  0  ATS    2  ATS    2  ATS    2         0 
  0 1349    0   0    0   0    0   0    0   0    0  0   0   0   0  0   0   0   0  0   0   0   0  0   0   0
    OTE WFRTS  76 WFRTS 193 WFRTS 690 WFRTS 971  0  ATS    2  ATS    2  ATS    2  ATS    3 
  0 1349    0   0    0   0    0   0    0   0    0  0   0   0   0  0   0   0   0  0   0   0   0  0   0   0
    OTE  ATH  76 WFRTS 193 WFRTS 690 WFRTS 971  0  ATS    2  ATS    2  ATS    2  ATS    3 
  0 1349    0   0    0   0    0   0    0   0    0  0   0   0   0  0   0   0   0  0   0   0   0  0   0   0
    OTE  ATH  76  ATH 193 WFRTS 690 WFRTS 971  0  ATS    2  ATS    2  ATS    2  ATS    3 
  0 1349    0   0    0   0    0   0    0   0    0  0   0   0   0  0   0   0   0  0   0   0   0  0   0   0
    OTE  ATH  76  ATH 193 WFRTS 690  ATH 971  0  ATS    2  ATS    2  ATS    2  ATS    3 
  0 1349    0   0    0   0    0   0    0   0    0  0   0   0   0  0   0   0   0  0   0   0   0  0   0   0
    OTE  ATH  76  ATH 193  ATH 690  ATH 971  0  ATS    2  ATS    2  ATS    2  ATS    3 
  0 1349    0   0    0   0    0   0    0   0    0  0   0   0   0  0   0   0   0  0   0   0   0  0   0   0
    OTE  ATH  76  ATH 193  ATH 690  ATH 971  0  ATP    2  ATS    2  ATS    2  ATS    3 
  0 1349    0   0    0   0    0   0    0   0    0  0   0   0   0  0   0   0   0  0   0   0   0  0   0   0
    OTE  ATH  76  ATH 193  ATH 690  ATH 971  0 ATSL    2  ATS    2  ATS    2  ATP    3 
  0 1349    0   0    0   0    0   0    0   0    0  0   0   0   0  0   0   0   0  0   0   0   0  0   0   0
    OTE  ATH  76  ATH 193  ATH 690  ATH 971  0 ATSL    2  ATS    2  ATS    2  ATP    3 
  0 1349    0   0    0   0    0   0    0   0    0  0   0   0   0  0   0   0   0  0   0   0   0  0   0   0
    OTE  ATH  76  ATH 193  ATH 690  ATH 971  0 ATSL    2  ATS    2  ATS    2  ATP    3 
  0 1349    0   0    0   0    0   0    0   0    0  0   0   0   0  0   0   0   0  0   0   0   0  0   0   0
    OTE  ATH  76  ATH 193  ATH 690  ATH 971  0 ATSL    2  ATS    2  ATP    2 ATSL    3 
  0 1349    0   0    0   0    0   0    0   0    0  0   0   0   0  0   0   0   0  0   0   0   0  0   0   0
    OTE  ATH  76  ATH 193  ATH 690  ATH 971  0 ATSL    2  ATS    2  ATP    2 ATSL    3 
  0 1349    0   0    0   0    0   0    0   0    0  0   0   0   0  0   0   0   0  0   0   0   0  0   0   0
    ANR  ATH  76  ATH 193  ATH 690  ATH 971  0 ATSL    2  ATS    2  ATP    2 ATSL    3 
  0 1349    0   0    0   0    0   0    0   0    0  0   0   0   0  0   0   0   0  0   0   0   0  0   0   0
    ANR  ATH  76  ATH 193  ATH 690  ATH 971  0 ATSL    2  ATS    2  ATP    2 ATSL    3 
  0 1349    0   0    0   0    0   0    0   0    0  0   0   0   0  0   0   0   0  0   0   0   0  0   0   0
    WFB  ATH  76  ATH 193  ATH 690  ATH 971  0 ATSL    2  ATS    2 ATSL    2 ATSL    3 
  0 1349    0   0    0   0    0   0    0   0    0  0   0   0   0  0   0   0   0  0   0   0   0  0   0   0
    WFB  ATH  76  ATH 193  ATH 690  ATH 971  0 ATSL    2  ATS    2 ATSL    2 ATSL    3 
  0 1349    0   0    0   0    0   0    0   0    0  0   0   0   0  0   0   0   0  0   0   0   0  0   0   0
    WFB  ATH  76  ATH 193  ATH 690  ATH 971  0 ATSL    2  ATP    2 ATSL    2 ATSL    3 
  0 1349    0   0    0   0    0   0    0   0    0  0   0   0   0  0   0   0   0  0   0   0   0  0   0   0
    WFB  ATH  76  ATH 193  ATH 690  ATH 971  0 ATSL    2 ATSL    2 ATSL    2 ATSL    3 
  0 1349    0   0    0   0    0   0    0   0    0  0   0   0   0  0   0   0   0  0   0   0   0  0   0   0
    WFB  ATH  76  ATH 193  ATH 690   PB 971  0 ATSL    2 ATSL    2 ATSL    2 ATSL    3 
  0 1349    0   0    0   0    0   0    0   0    0  0   0   0   0  0   0   0   0  0   0   0   0  0   0   0
    WFB  ATH  76  ATH 193  ATH 690   WR 971  0 ATSL    2 ATSL    2 ATSL    2 ATSL    3 
  0 1349    0   0    0   0    0   0    1 242    0  0   0   0   0  0   0   0   0  0   0   0   0  0   0   0
    WFB  ATH  76  ATH 193   PB 690   WR 971  0 ATSL    2 ATSL    2 ATSL    2 ATSL    3 
  0 1349    0   0    0   0    0   0    1 242    0  0   0   0   0  0   0   0   0  0   0   0   0  0   0   0
    WFB  ATH  76   PB 193   WR 690   WR 971  0 ATSL    2 ATSL    2 ATSL    2 ATSL    3 
  0 1349    0   0    0   0    1 258    1 242    0  0   0   0   0  0   0   0   0  0   0   0   0  0   0   0
    WFB  ATH  76   PB 193   WR 690   WR 971  0 ATSL    2 ATSL    2 ATSL    2 ATSL    3 
  0 1349    0   0    0   0    1 258    1 242    0  0   0   0   0  0   0   0   0  0   0   0   0  0   0   0
    WFB   PB  76   PB 193   WR 690   WR 971  0 ATSL    2 ATSL    2 ATSL    2 ATSL    3 
  0 1349    0   0    0   0    1 258    1 242    0  0   0   0   0  0   0   0   0  0   0   0   0  0   0   0
    WFB   PB  76   WR 193   WR 690   WR 971  0 ATSL    2 ATSL    2 ATSL    2 ATSL    3 
  0 1349    0   0    2  72    1 258    1 242    0  0   0   0   0  0   0   0   0  0   0   0   0  0   0   0
    WFB   WR  76   WR 193   WR 690   WR 971  0 ATSL    2 ATSL    2 ATSL    2 ATSL    3 
  0 1349    3   4    2  72    1 258    1 242    0  0   0   0   0  0   0   0   0  0   0   0   0  0   0   0
    STR   WR  76   WR 193   WR 690   WR 971  0 ATSL    2 ATSL    2 ATSL    2 ATSL    3 
  0 1349    3   4    2  72    1 258    1 242    0  0   0   0   0  0   0   0   0  0   0   0   0  0   0   0
