AFTERNOON AT THE RACE TRACK - Description of the internal state of the problem
MAN/BRK           SPECTATOR/BETTER              HORSE/JOCKEY PAIR at Race RN
  Stat  St0  Am0 St1  Am1 St2  Am2 St3  Am3 RN St0  Len0 St1  Len1 St2  Len2 St3  Len3 
                                        Race RN Status
 RN Dist BS0  BA0 BS1  BA1 BS2  BA2 BS3  BA3  Od0 N0 Ps0 SD0 Od1 N1 Ps1 SD1 Od2 N2 Ps2 SD2 Od3 N3 Ps3 SD3 
    OTE WFRTS 796        0        0        0  0         0         0         0         0 
  0 1243    0   0    0   0    0   0    0   0    0  0   0   0   0  0   0   0   0  0   0   0   0  0   0   0
    OTE WFRTS 796        0        0        0  0         0         0         0         0 
  0 1243    0   0    0   0    0   0    0   0    0  0   0   0   0  0   0   0   0  0   0   0   0  0   0   0
    OTE WFRTS 796 WFRTS 935        0        0  0         0         0         0         0 
  0 1243    0   0    0   0    0   0    0   0    0  0   0   0   0  0   0   0   0  0   0   0   0  0   0   0
    OTE WFRTS 796 WFRTS 935        0        0  0         0         0         0         0 
  0 1243    0   0    0   0    0   0    0   0    0  0   0   0   0  0   0   0   0  0   0   0   0  0   0   0
    OTE WFRTS 796 WFRTS 935 WFRTS 118        0  0         0         0         0         0 
  0 1243    0   0    0   0    0   0    0   0    0  0   0   0   0  0   0   0   0  0   0   0   0  0   0   0
    OTE WFRTS 796 WFRTS 935 WFRTS 118        0  0         0         0         0         0 
  0 1243    0   0    0   0    0   0    0   0    0  0   0   0   0  0   0   0   0  0   0   0   0  0   0   0
    OTE WFRTS 796 WFRTS 935 WFRTS 118 WFRTS 172  0         0         0         0         0 
  0 1243    0   0    0   0    0   0    0   0    0  0   0   0   0  0   0   0   0  0   0   0   0  0   0   0
    OTE WFRTS 796 WFRTS 935 WFRTS 118 WFRTS 172  0         0         0         0         0 
  0 1243    0   0    0   0    0   0    0   0    0  0   0   0   0  0   0   0   0  0   0   0   0  0   0   0
    OTE WFRTS 796 WFRTS 935 WFRTS 118 WFRTS 172  0  ATS    0         0         0         0 
  0 1243    0   0    0   0    0   0    0   0    0  0   0   0   0  0   0   0   0  0   0   0   0  0   0   0
    OTE WFRTS 796 WFRTS 935 WFRTS 118 WFRTS 172  0  ATS    0         0         0         0 
  0 1243    0   0    0   0    0   0    0   0    0  0   0   0   0  0   0   0   0  0   0   0   0  0   0   0
    OTE WFRTS 796 WFRTS 935 WFRTS 118 WFRTS 172  0  ATS    0  ATS    4         0         0 
  0 1243    0   0    0   0    0   0    0   0    0  0   0   0   0  0   0   0   0  0   0   0   0  0   0   0
    OTE WFRTS 796 WFRTS 935 WFRTS 118 WFRTS 172  0  ATS    0  ATS    4         0         0 
  0 1243    0   0    0   0    0   0    0   0    0  0   0   0   0  0   0   0   0  0   0   0   0  0   0   0
    OTE WFRTS 796 WFRTS 935 WFRTS 118 WFRTS 172  0  ATS    0  ATS    4  ATS    0         0 
  0 1243    0   0    0   0    0   0    0   0    0  0   0   0   0  0   0   0   0  0   0   0   0  0   0   0
    OTE WFRTS 796 WFRTS 935 WFRTS 118 WFRTS 172  0  ATS    0  ATS    4  ATS    0  ATS    0 
  0 1243    0   0    0   0    0   0    0   0    0  0   0   0   0  0   0   0   0  0   0   0   0  0   0   0
    OTE WFRTS 796 WFRTS 935 WFRTS 118 WFRTS 172  0  ATS    0  ATS    4  ATS    0  ATS    3 
  0 1243    0   0    0   0    0   0    0   0    0  0   0   0   0  0   0   0   0  0   0   0   0  0   0   0
    OTE WFRTS 796 WFRTS 935 WFRTS 118 WFRTS 172  0  ATS    0  ATS    4  ATS    0  ATS    3 
  0 1243    0   0    0   0    0   0    0   0    0  0   0   0   0  0   0   0   0  0   0   0   0  0   0   0
    ANR WFRTS 796 WFRTS 935 WFRTS 118 WFRTS 172  0  ATS    0  ATS    4  ATS    0  ATS    3 
  0 1243    0   0    0   0    0   0    0   0    0  0   0   0   0  0   0   0   0  0   0   0   0  0   0   0
    ANR  ATH 796 WFRTS 935 WFRTS 118 WFRTS 172  0  ATS    0  ATS    4  ATS    0  ATS    3 
  0 1243    0   0    0   0    0   0    0   0    0  0   0   0   0  0   0   0   0  0   0   0   0  0   0   0
    ANR  ATH 796 WFRTS 935 WFRTS 118 WFRTS 172  0  ATS    0  ATS    4  ATS    0  ATS    3 
  0 1243    0   0    0   0    0   0    0   0    0  0   0   0   0  0   0   0   0  0   0   0   0  0   0   0
    ANR  ATH 796  ATH 935 WFRTS 118 WFRTS 172  0  ATS    0  ATS    4  ATS    0  ATS    3 
  0 1243    0   0    0   0    0   0    0   0    0  0   0   0   0  0   0   0   0  0   0   0   0  0   0   0
    ANR  ATH 796  ATH 935  ATH 118 WFRTS 172  0  ATS    0  ATS    4  ATS    0  ATS    3 
  0 1243    0   0    0   0    0   0    0   0    0  0   0   0   0  0   0   0   0  0   0   0   0  0   0   0
    WFB  ATH 796  ATH 935  ATH 118  ATH 172  0  ATS    0  ATS    4  ATS    0  ATS    3 
  0 1243    0   0    0   0    0   0    0   0    0  0   0   0   0  0   0   0   0  0   0   0   0  0   0   0
    WFB  ATH 796  ATH 935  ATH 118  ATH 172  0  ATS    0  ATS    4  ATS    0  ATS    3 
  0 1243    0   0    0   0    0   0    0   0    0  0   0   0   0  0   0   0   0  0   0   0   0  0   0   0
    WFB  ATH 796  ATH 935  ATH 118  ATH 172  0  ATP    0  ATS    4  ATS    0  ATS    3 
  0 1243    0   0    0   0    0   0    0   0    0  0   0   0   0  0   0   0   0  0   0   0   0  0   0   0
    WFB  ATH 796  ATH 935  ATH 118  ATH 172  0 ATSL    0  ATS    4  ATS    0  ATP    3 
  0 1243    0   0    0   0    0   0    0   0    0  0   0   0   0  0   0   0   0  0   0   0   0  0   0   0
    WFB  ATH 796  ATH 935  ATH 118  ATH 172  0 ATSL    0  ATS    4  ATS    0  ATP    3 
  0 1243    0   0    0   0    0   0    0   0    0  0   0   0   0  0   0   0   0  0   0   0   0  0   0   0
    WFB  ATH 796  ATH 935  ATH 118  ATH 172  0 ATSL    0  ATS    4  ATS    0 ATSL    3 
  0 1243    0   0    0   0    0   0    0   0    0  0   0   0   0  0   0   0   0  0   0   0   0  0   0   0
    WFB  ATH 796  ATH 935  ATH 118  ATH 172  0 ATSL    0  ATS    4  ATP    0 ATSL    3 
  0 1243    0   0    0   0    0   0    0   0    0  0   0   0   0  0   0   0   0  0   0   0   0  0   0   0
    WFB  ATH 796  ATH 935  ATH 118  ATH 172  0 ATSL    0  ATP    4 ATSL    0 ATSL    3 
  0 1243    0   0    0   0    0   0    0   0    0  0   0   0   0  0   0   0   0  0   0   0   0  0   0   0
    WFB  ATH 796  ATH 935  ATH 118  ATH 172  0 ATSL    0  ATP    4 ATSL    0 ATSL    3 
  0 1243    0   0    0   0    0   0    0   0    0  0   0   0   0  0   0   0   0  0   0   0   0  0   0   0
    WFB  ATH 796  ATH 935  ATH 118  ATH 172  0 ATSL    0 ATSL    4 ATSL    0 ATSL    3 
  0 1243    0   0    0   0    0   0    0   0    0  0   0   0   0  0   0   0   0  0   0   0   0  0   0   0
    WFB  ATH 796  ATH 935  ATH 118   PB 172  0 ATSL    0 ATSL    4 ATSL    0 ATSL    3 
  0 1243    0   0    0   0    0   0    0   0    0  0   0   0   0  0   0   0   0  0   0   0   0  0   0   0
    WFB  ATH 796  ATH 935  ATH 118   WR 172  0 ATSL    0 ATSL    4 ATSL    0 ATSL    3 
  0 1243    0   0    0   0    0   0    3  43    0  0   0   0   0  0   0   0   0  0   0   0   0  0   0   0
    WFB  ATH 796  ATH 935   PB 118   WR 172  0 ATSL    0 ATSL    4 ATSL    0 ATSL    3 
  0 1243    0   0    0   0    0   0    3  43    0  0   0   0   0  0   0   0   0  0   0   0   0  0   0   0
    WFB  ATH 796   PB 935   WR 118   WR 172  0 ATSL    0 ATSL    4 ATSL    0 ATSL    3 
  0 1243    0   0    0   0    2   7    3  43    0  0   0   0   0  0   0   0   0  0   0   0   0  0   0   0
    WFB  ATH 796   PB 935   WR 118   WR 172  0 ATSL    0 ATSL    4 ATSL    0 ATSL    3 
  0 1243    0   0    0   0    2   7    3  43    0  0   0   0   0  0   0   0   0  0   0   0   0  0   0   0
    WFB   PB 796   PB 935   WR 118   WR 172  0 ATSL    0 ATSL    4 ATSL    0 ATSL    3 
  0 1243    0   0    0   0    2   7    3  43    0  0   0   0   0  0   0   0   0  0   0   0   0  0   0   0
    WFB   PB 796   WR 935   WR 118   WR 172  0 ATSL    0 ATSL    4 ATSL    0 ATSL    3 
  0 1243    0   0    3  58    2   7    3  43    0  0   0   0   0  0   0   0   0  0   0   0   0  0   0   0
    WFB   WR 796   WR 935   WR 118   WR 172  0 ATSL    0 ATSL    4 ATSL    0 ATSL    3 
  0 1243    1 298    3  58    2   7    3  43    0  0   0   0   0  0   0   0   0  0   0   0   0  0   0   0
