AFTERNOON AT THE RACE TRACK - Description of the internal state of the problem
MAN/BRK           SPECTATOR/BETTER              HORSE/JOCKEY PAIR at Race RN
  Stat  St0  Am0 St1  Am1 St2  Am2 St3  Am3 RN St0  Len0 St1  Len1 St2  Len2 St3  Len3 
                                        Race RN Status
 RN Dist BS0  BA0 BS1  BA1 BS2  BA2 BS3  BA3  Od0 N0 Ps0 SD0 Od1 N1 Ps1 SD1 Od2 N2 Ps2 SD2 Od3 N3 Ps3 SD3 
    OTE WFRTS  64        0        0        0  0         0         0         0         0 
  0    0    0   0    0   0    0   0    0   0    0  0   0   0   0  0   0   0   0  0   0   0   0  0   0   0
    OTE WFRTS  64 WFRTS 610        0        0  0         0         0         0         0 
  0    0    0   0    0   0    0   0    0   0    0  0   0   0   0  0   0   0   0  0   0   0   0  0   0   0
    OTE WFRTS  64 WFRTS 610 WFRTS 452        0  0         0         0         0         0 
  0    0    0   0    0   0    0   0    0   0    0  0   0   0   0  0   0   0   0  0   0   0   0  0   0   0
    OTE WFRTS  64 WFRTS 610 WFRTS 452 WFRTS 891  0         0         0         0         0 
  0    0    0   0    0   0    0   0    0   0    0  0   0   0   0  0   0   0   0  0   0   0   0  0   0   0
    OTE WFRTS  64 WFRTS 610 WFRTS 452 WFRTS 891  0  ATS    0         0         0         0 
  0    0    0   0    0   0    0   0    0   0    0  0   0   0   0  0   0   0   0  0   0   0   0  0   0   0
    OTE WFRTS  64 WFRTS 610 WFRTS 452 WFRTS 891  0  ATS    0         0         0         0 
  0    0    0   0    0   0    0   0    0   0    0  0   0   0   0  0   0   0   0  0   0   0   0  0   0   0
    OTE WFRTS  64 WFRTS 610 WFRTS 452 WFRTS 891  0  ATS    0  ATS    4         0         0 
  0    0    0   0    0   0    0   0    0   0    0  0   0   0   0  0   0   0   0  0   0   0   0  0   0   0
    OTE WFRTS  64 WFRTS 610 WFRTS 452 WFRTS 891  0  ATS    0  ATS    4         0         0 
  0    0    0   0    0   0    0   0    0   0    0  0   0   0   0  0   0   0   0  0   0   0   0  0   0   0
    OTE WFRTS  64 WFRTS 610 WFRTS 452 WFRTS 891  0  ATS    0  ATS    4  ATS    3         0 
  0    0    0   0    0   0    0   0    0   0    0  0   0   0   0  0   0   0   0  0   0   0   0  0   0   0
    OTE WFRTS  64 WFRTS 610 WFRTS 452 WFRTS 891  0  ATS    0  ATS    4  ATS    3  ATS    0 
  0    0    0   0    0   0    0   0    0   0    0  0   0   0   0  0   0   0   0  0   0   0   0  0   0   0
    OTE WFRTS  64 WFRTS 610 WFRTS 452 WFRTS 891  0  ATS    0  ATS    4  ATS    3  ATS    0 
  0    0    0   0    0   0    0   0    0   0    0  0   0   0   0  0   0   0   0  0   0   0   0  0   0   0
    OTE WFRTS  64 WFRTS 610 WFRTS 452 WFRTS 891  0  ATS    0  ATS    4  ATS    3  ATS    0 
  0    0    0   0    0   0    0   0    0   0    0  0   0   0   0  0   0   0   0  0   0   0   0  0   0   0
    OTE WFRTS  64 WFRTS 610 WFRTS 452 WFRTS 891  0  ATS    0  ATS    4  ATS    3  ATS    0 
  0    0    0   0    0   0    0   0    0   0    0  0   0   0   0  0   0   0   0  0   0   0   0  0   0   0
    OTE WFRTS  64 WFRTS 610 WFRTS 452 WFRTS 891  0  ATS    0  ATS    4  ATS    3  ATS    0 
  0    0    0   0    0   0    0   0    0   0    0  0   0   0   0  0   0   0   0  0   0   0   0  0   0   0
    OTE  ATH  64 WFRTS 610 WFRTS 452 WFRTS 891  0  ATS    0  ATS    4  ATS    3  ATS    0 
  0    0    0   0    0   0    0   0    0   0    0  0   0   0   0  0   0   0   0  0   0   0   0  0   0   0
    OTE  ATH  64 WFRTS 610 WFRTS 452 WFRTS 891  0  ATS    0  ATS    4  ATS    3  ATS    0 
  0    0    0   0    0   0    0   0    0   0    0  0   0   0   0  0   0   0   0  0   0   0   0  0   0   0
    OTE  ATH  64 WFRTS 610 WFRTS 452 WFRTS 891  0  ATS    0  ATS    4  ATS    3  ATS    0 
  0    0    0   0    0   0    0   0    0   0    0  0   0   0   0  0   0   0   0  0   0   0   0  0   0   0
    OTE  ATH  64 WFRTS 610 WFRTS 452  ATH 891  0  ATS    0  ATS    4  ATS    3  ATS    0 
  0    0    0   0    0   0    0   0    0   0    0  0   0   0   0  0   0   0   0  0   0   0   0  0   0   0
    OTE  ATH  64 WFRTS 610 WFRTS 452  ATH 891  0  ATS    0  ATS    4  ATS    3  ATS    0 
  0    0    0   0    0   0    0   0    0   0    0  0   0   0   0  0   0   0   0  0   0   0   0  0   0   0
    OTE  ATH  64 WFRTS 610  ATH 452  ATH 891  0  ATS    0  ATS    4  ATS    3  ATS    0 
  0    0    0   0    0   0    0   0    0   0    0  0   0   0   0  0   0   0   0  0   0   0   0  0   0   0
    ANR  ATH  64  ATH 610  ATH 452  ATH 891  0  ATS    0  ATS    4  ATS    3  ATS    0 
  0    0    0   0    0   0    0   0    0   0    0  0   0   0   0  0   0   0   0  0   0   0   0  0   0   0
    ANR  ATH  64  ATH 610  ATH 452  ATH 891  0  ATS    0  ATS    4  ATS    3  ATS    0 
  0    0    0   0    0   0    0   0    0   0    0  0   0   0   0  0   0   0   0  0   0   0   0  0   0   0
    WFB  ATH  64  ATH 610  ATH 452  ATH 891  0  ATP    0  ATS    4  ATS    3  ATS    0 
  0    0    0   0    0   0    0   0    0   0    0  0   0   0   0  0   0   0   0  0   0   0   0  0   0   0
    WFB  ATH  64  ATH 610  ATH 452  ATH 891  0  ATP    0  ATS    4  ATS    3  ATS    0 
  0    0    0   0    0   0    0   0    0   0    0  0   0   0   0  0   0   0   0  0   0   0   0  0   0   0
    WFB  ATH  64  ATH 610  ATH 452  ATH 891  0  ATP    0  ATS    4  ATS    3  ATP    0 
  0    0    0   0    0   0    0   0    0   0    0  0   0   0   0  0   0   0   0  0   0   0   0  0   0   0
    WFB  ATH  64  ATH 610  ATH 452  ATH 891  0  ATP    0  ATS    4  ATP    3  ATP    0 
  0    0    0   0    0   0    0   0    0   0    0  0   0   0   0  0   0   0   0  0   0   0   0  0   0   0
    WFB  ATH  64  ATH 610  ATH 452  ATH 891  0  ATP    0  ATP    4  ATP    3  ATP    0 
  0    0    0   0    0   0    0   0    0   0    0  0   0   0   0  0   0   0   0  0   0   0   0  0   0   0
    WFB   PB  64  ATH 610  ATH 452  ATH 891  0  ATP    0  ATP    4  ATP    3  ATP    0 
  0    0    0   0    0   0    0   0    0   0    0  0   0   0   0  0   0   0   0  0   0   0   0  0   0   0
    WFB   PB  64   PB 610  ATH 452  ATH 891  0  ATP    0  ATP    4  ATP    3  ATP    0 
  0    0    0   4    0   0    0   0    0   0    0  0   0   0   0  0   0   0   0  0   0   0   0  0   0   0
    WFB   PB  64   PB 610  ATH 452   PB 891  0  ATP    0  ATP    4  ATP    3  ATP    0 
  0    0    0   4    2 152    0   0    0   0    0  0   0   0   0  0   0   0   0  0   0   0   0  0   0   0
    WFB   PB  64   PB 610   PB 452   PB 891  0  ATP    0  ATP    4  ATP    3  ATP    0 
  0    0    0   4    2 152    0   0    0   0    0  0   0   0   0  0   0   0   0  0   0   0   0  0   0   0
    WFB   PB  64   PB 610   PB 452   PB 891  0 ATSL    0  ATP    4  ATP    3  ATP    0 
  0    0    0   4    2 152    3 169    0 222    0  0   0   0   0  0   0   0   0  0   0   0   0  0   0   0
    WFB   PB  64   PB 610   PB 452   PB 891  0 ATSL    0 ATSL    4  ATP    3  ATP    0 
  0    0    0   4    2 152    3 169    0 222    0  0   0   0   0  0   0   0   0  0   0   0   0  0   0   0
    WFB   PB  64   PB 610   PB 452   PB 891  0 ATSL    0 ATSL    4 ATSL    3  ATP    0 
  0    0    0   4    2 152    3 169    0 222    0  0   0   0   0  0   0   0   0  0   0   0   0  0   0   0
    WFB   PB  64   PB 610   PB 452   PB 891  0 ATSL    0 ATSL    4 ATSL    3 ATSL    0 
  0    0    0   4    2 152    3 169    0 222    0  0   0   0   0  0   0   0   0  0   0   0   0  0   0   0
