AFTERNOON AT THE RACE TRACK - Description of the internal state of the problem
MAN/BRK           SPECTATOR/BETTER              HORSE/JOCKEY PAIR at Race RN
  Stat  St0  Am0 St1  Am1 St2  Am2 St3  Am3 RN St0  Len0 St1  Len1 St2  Len2 St3  Len3 
                                        Race RN Status
 RN Dist BS0  BA0 BS1  BA1 BS2  BA2 BS3  BA3  Od0 N0 Ps0 SD0 Od1 N1 Ps1 SD1 Od2 N2 Ps2 SD2 Od3 N3 Ps3 SD3 
    OTE WFRTS 743        0        0        0  0         0         0         0         0 
  0  934    0   0    0   0    0   0    0   0    0  0   0   0   0  0   0   0   0  0   0   0   0  0   0   0
    OTE WFRTS 743        0        0        0  0         0         0         0         0 
  0  934    0   0    0   0    0   0    0   0    0  0   0   0   0  0   0   0   0  0   0   0   0  0   0   0
    OTE WFRTS 743 WFRTS 664        0        0  0         0         0         0         0 
  0  934    0   0    0   0    0   0    0   0    0  0   0   0   0  0   0   0   0  0   0   0   0  0   0   0
    OTE WFRTS 743 WFRTS 664        0        0  0         0         0         0         0 
  0  934    0   0    0   0    0   0    0   0    0  0   0   0   0  0   0   0   0  0   0   0   0  0   0   0
    OTE WFRTS 743 WFRTS 664 WFRTS 324        0  0         0         0         0         0 
  0  934    0   0    0   0    0   0    0   0    0  0   0   0   0  0   0   0   0  0   0   0   0  0   0   0
    OTE WFRTS 743 WFRTS 664 WFRTS 324        0  0         0         0         0         0 
  0  934    0   0    0   0    0   0    0   0    0  0   0   0   0  0   0   0   0  0   0   0   0  0   0   0
    OTE WFRTS 743 WFRTS 664 WFRTS 324 WFRTS  92  0         0         0         0         0 
  0  934    0   0    0   0    0   0    0   0    0  0   0   0   0  0   0   0   0  0   0   0   0  0   0   0
    OTE WFRTS 743 WFRTS 664 WFRTS 324 WFRTS  92  0         0         0         0         0 
  0  934    0   0    0   0    0   0    0   0    0  0   0   0   0  0   0   0   0  0   0   0   0  0   0   0
    OTE WFRTS 743 WFRTS 664 WFRTS 324 WFRTS  92  0  ATS    2         0         0         0 
  0  934    0   0    0   0    0   0    0   0    0  0   0   0   0  0   0   0   0  0   0   0   0  0   0   0
    OTE WFRTS 743 WFRTS 664 WFRTS 324 WFRTS  92  0  ATS    2  ATS    2         0         0 
  0  934    0   0    0   0    0   0    0   0    0  0   0   0   0  0   0   0   0  0   0   0   0  0   0   0
    OTE WFRTS 743 WFRTS 664 WFRTS 324 WFRTS  92  0  ATS    2  ATS    2         0         0 
  0  934    0   0    0   0    0   0    0   0    0  0   0   0   0  0   0   0   0  0   0   0   0  0   0   0
    OTE WFRTS 743 WFRTS 664 WFRTS 324 WFRTS  92  0  ATS    2  ATS    2         0         0 
  0  934    0   0    0   0    0   0    0   0    0  0   0   0   0  0   0   0   0  0   0   0   0  0   0   0
    OTE WFRTS 743 WFRTS 664 WFRTS 324 WFRTS  92  0  ATS    2  ATS    2  ATS    2         0 
  0  934    0   0    0   0    0   0    0   0    0  0   0   0   0  0   0   0   0  0   0   0   0  0   0   0
    OTE WFRTS 743 WFRTS 664 WFRTS 324 WFRTS  92  0  ATS    2  ATS    2  ATS    2  ATS    0 
  0  934    0   0    0   0    0   0    0   0    0  0   0   0   0  0   0   0   0  0   0   0   0  0   0   0
    OTE WFRTS 743 WFRTS 664 WFRTS 324 WFRTS  92  0  ATS    2  ATS    2  ATS    2  ATS    4 
  0  934    0   0    0   0    0   0    0   0    0  0   0   0   0  0   0   0   0  0   0   0   0  0   0   0
    OTE WFRTS 743 WFRTS 664 WFRTS 324 WFRTS  92  0  ATS    2  ATS    2  ATS    2  ATS    4 
  0  934    0   0    0   0    0   0    0   0    0  0   0   0   0  0   0   0   0  0   0   0   0  0   0   0
    OTE WFRTS 743 WFRTS 664 WFRTS 324 WFRTS  92  0  ATS    2  ATS    2  ATS    2  ATS    4 
  0  934    0   0    0   0    0   0    0   0    0  0   0   0   0  0   0   0   0  0   0   0   0  0   0   0
    ANR WFRTS 743 WFRTS 664 WFRTS 324 WFRTS  92  0  ATS    2  ATS    2  ATS    2  ATS    4 
  0  934    0   0    0   0    0   0    0   0    0  0   0   0   0  0   0   0   0  0   0   0   0  0   0   0
    ANR  ATH 743 WFRTS 664 WFRTS 324 WFRTS  92  0  ATS    2  ATS    2  ATS    2  ATS    4 
  0  934    0   0    0   0    0   0    0   0    0  0   0   0   0  0   0   0   0  0   0   0   0  0   0   0
    ANR  ATH 743  ATH 664 WFRTS 324 WFRTS  92  0  ATS    2  ATS    2  ATS    2  ATS    4 
  0  934    0   0    0   0    0   0    0   0    0  0   0   0   0  0   0   0   0  0   0   0   0  0   0   0
    ANR  ATH 743  ATH 664  ATH 324 WFRTS  92  0  ATS    2  ATS    2  ATS    2  ATS    4 
  0  934    0   0    0   0    0   0    0   0    0  0   0   0   0  0   0   0   0  0   0   0   0  0   0   0
    WFB  ATH 743  ATH 664  ATH 324  ATH  92  0  ATS    2  ATS    2  ATS    2  ATS    4 
  0  934    0   0    0   0    0   0    0   0    0  0   0   0   0  0   0   0   0  0   0   0   0  0   0   0
    WFB  ATH 743  ATH 664  ATH 324  ATH  92  0  ATS    2  ATS    2  ATS    2  ATS    4 
  0  934    0   0    0   0    0   0    0   0    0  0   0   0   0  0   0   0   0  0   0   0   0  0   0   0
    WFB  ATH 743  ATH 664  ATH 324  ATH  92  0  ATP    2  ATS    2  ATS    2  ATS    4 
  0  934    0   0    0   0    0   0    0   0    0  0   0   0   0  0   0   0   0  0   0   0   0  0   0   0
    WFB  ATH 743  ATH 664  ATH 324  ATH  92  0 ATSL    2  ATS    2  ATS    2  ATS    4 
  0  934    0   0    0   0    0   0    0   0    0  0   0   0   0  0   0   0   0  0   0   0   0  0   0   0
    WFB  ATH 743  ATH 664  ATH 324  ATH  92  0 ATSL    2  ATS    2  ATS    2  ATP    4 
  0  934    0   0    0   0    0   0    0   0    0  0   0   0   0  0   0   0   0  0   0   0   0  0   0   0
    WFB  ATH 743  ATH 664  ATH 324  ATH  92  0 ATSL    2  ATS    2  ATP    2 ATSL    4 
  0  934    0   0    0   0    0   0    0   0    0  0   0   0   0  0   0   0   0  0   0   0   0  0   0   0
    WFB  ATH 743  ATH 664  ATH 324  ATH  92  0 ATSL    2  ATS    2  ATP    2 ATSL    4 
  0  934    0   0    0   0    0   0    0   0    0  0   0   0   0  0   0   0   0  0   0   0   0  0   0   0
    WFB  ATH 743  ATH 664  ATH 324  ATH  92  0 ATSL    2  ATP    2  ATP    2 ATSL    4 
  0  934    0   0    0   0    0   0    0   0    0  0   0   0   0  0   0   0   0  0   0   0   0  0   0   0
    WFB  ATH 743  ATH 664  ATH 324  ATH  92  0 ATSL    2 ATSL    2 ATSL    2 ATSL    4 
  0  934    0   0    0   0    0   0    0   0    0  0   0   0   0  0   0   0   0  0   0   0   0  0   0   0
    WFB  ATH 743   PB 664  ATH 324  ATH  92  0 ATSL    2 ATSL    2 ATSL    2 ATSL    4 
  0  934    0   0    0   0    0   0    0   0    0  0   0   0   0  0   0   0   0  0   0   0   0  0   0   0
    WFB  ATH 743   PB 664  ATH 324  ATH  92  0 ATSL    2 ATSL    2 ATSL    2 ATSL    4 
  0  934    0   0    0   0    0   0    0   0    0  0   0   0   0  0   0   0   0  0   0   0   0  0   0   0
    WFB  ATH 743   WR 664  ATH 324  ATH  92  0 ATSL    2 ATSL    2 ATSL    2 ATSL    4 
  0  934    0   0    0 166    0   0    0   0    0  0   0   0   0  0   0   0   0  0   0   0   0  0   0   0
    WFB   PB 743   WR 664  ATH 324  ATH  92  0 ATSL    2 ATSL    2 ATSL    2 ATSL    4 
  0  934    0   0    0 166    0   0    0   0    0  0   0   0   0  0   0   0   0  0   0   0   0  0   0   0
    WFB   WR 743   WR 664  ATH 324   PB  92  0 ATSL    2 ATSL    2 ATSL    2 ATSL    4 
  0  934    0 185    0 166    0   0    0   0    0  0   0   0   0  0   0   0   0  0   0   0   0  0   0   0
    WFB   WR 743   WR 664  ATH 324   PB  92  0 ATSL    2 ATSL    2 ATSL    2 ATSL    4 
  0  934    0 185    0 166    0   0    0   0    0  0   0   0   0  0   0   0   0  0   0   0   0  0   0   0
    WFB   WR 743   WR 664   PB 324   PB  92  0 ATSL    2 ATSL    2 ATSL    2 ATSL    4 
  0  934    0 185    0 166    0   0    0   0    0  0   0   0   0  0   0   0   0  0   0   0   0  0   0   0
    WFB   WR 743   WR 664   PB 324   WR  92  0 ATSL    2 ATSL    2 ATSL    2 ATSL    4 
  0  934    0 185    0 166    0 121    0  23    0  0   0   0   0  0   0   0   0  0   0   0   0  0   0   0
    WFB   WR 743   WR 664   WR 324   WR  92  0 ATSL    2 ATSL    2 ATSL    2 ATSL    4 
  0  934    0 185    0 166    0 121    0  23    0  0   0   0   0  0   0   0   0  0   0   0   0  0   0   0
