AFTERNOON AT THE RACE TRACK - Description of the internal state of the problem
MAN/BRK           SPECTATOR/BETTER              HORSE/JOCKEY PAIR at Race RN
  Stat  St0  Am0 St1  Am1 St2  Am2 St3  Am3 RN St0  Len0 St1  Len1 St2  Len2 St3  Len3 
                                        Race RN Status
 RN Dist BS0  BA0 BS1  BA1 BS2  BA2 BS3  BA3  Od0 N0 Ps0 SD0 Od1 N1 Ps1 SD1 Od2 N2 Ps2 SD2 Od3 N3 Ps3 SD3 
    OTE WFRTS  56        0        0        0  0         0         0         0         0 
  0  867    0   0    0   0    0   0    0   0    0  0   0   0   0  0   0   0   0  0   0   0   0  0   0   0
    OTE WFRTS  56        0        0        0  0         0         0         0         0 
  0  867    0   0    0   0    0   0    0   0    0  0   0   0   0  0   0   0   0  0   0   0   0  0   0   0
    OTE WFRTS  56 WFRTS 132        0        0  0         0         0         0         0 
  0  867    0   0    0   0    0   0    0   0    0  0   0   0   0  0   0   0   0  0   0   0   0  0   0   0
    OTE WFRTS  56 WFRTS 132        0        0  0         0         0         0         0 
  0  867    0   0    0   0    0   0    0   0    0  0   0   0   0  0   0   0   0  0   0   0   0  0   0   0
    OTE WFRTS  56 WFRTS 132 WFRTS 528        0  0         0         0         0         0 
  0  867    0   0    0   0    0   0    0   0    0  0   0   0   0  0   0   0   0  0   0   0   0  0   0   0
    OTE WFRTS  56 WFRTS 132 WFRTS 528        0  0         0         0         0         0 
  0  867    0   0    0   0    0   0    0   0    0  0   0   0   0  0   0   0   0  0   0   0   0  0   0   0
    OTE WFRTS  56 WFRTS 132 WFRTS 528 WFRTS 282  0         0         0         0         0 
  0  867    0   0    0   0    0   0    0   0    0  0   0   0   0  0   0   0   0  0   0   0   0  0   0   0
    OTE WFRTS  56 WFRTS 132 WFRTS 528 WFRTS 282  0         0         0         0         0 
  0  867    0   0    0   0    0   0    0   0    0  0   0   0   0  0   0   0   0  0   0   0   0  0   0   0
    OTE WFRTS  56 WFRTS 132 WFRTS 528 WFRTS 282  0  ATS    4         0         0         0 
  0  867    0   0    0   0    0   0    0   0    0  0   0   0   0  0   0   0   0  0   0   0   0  0   0   0
    OTE WFRTS  56 WFRTS 132 WFRTS 528 WFRTS 282  0  ATS    4         0         0         0 
  0  867    0   0    0   0    0   0    0   0    0  0   0   0   0  0   0   0   0  0   0   0   0  0   0   0
    OTE WFRTS  56 WFRTS 132 WFRTS 528 WFRTS 282  0  ATS    4  ATS    4         0         0 
  0  867    0   0    0   0    0   0    0   0    0  0   0   0   0  0   0   0   0  0   0   0   0  0   0   0
    OTE WFRTS  56 WFRTS 132 WFRTS 528 WFRTS 282  0  ATS    4  ATS    4         0         0 
  0  867    0   0    0   0    0   0    0   0    0  0   0   0   0  0   0   0   0  0   0   0   0  0   0   0
    OTE WFRTS  56 WFRTS 132 WFRTS 528 WFRTS 282  0  ATS    4  ATS    4  ATS    3         0 
  0  867    0   0    0   0    0   0    0   0    0  0   0   0   0  0   0   0   0  0   0   0   0  0   0   0
    OTE WFRTS  56 WFRTS 132 WFRTS 528 WFRTS 282  0  ATS    4  ATS    4  ATS    3         0 
  0  867    0   0    0   0    0   0    0   0    0  0   0   0   0  0   0   0   0  0   0   0   0  0   0   0
    OTE WFRTS  56 WFRTS 132 WFRTS 528 WFRTS 282  0  ATS    4  ATS    4  ATS    3  ATS    4 
  0  867    0   0    0   0    0   0    0   0    0  0   0   0   0  0   0   0   0  0   0   0   0  0   0   0
    OTE  ATH  56 WFRTS 132 WFRTS 528 WFRTS 282  0  ATS    4  ATS    4  ATS    3  ATS    4 
  0  867    0   0    0   0    0   0    0   0    0  0   0   0   0  0   0   0   0  0   0   0   0  0   0   0
    OTE  ATH  56  ATH 132 WFRTS 528 WFRTS 282  0  ATS    4  ATS    4  ATS    3  ATS    4 
  0  867    0   0    0   0    0   0    0   0    0  0   0   0   0  0   0   0   0  0   0   0   0  0   0   0
    OTE  ATH  56  ATH 132  ATH 528 WFRTS 282  0  ATS    4  ATS    4  ATS    3  ATS    4 
  0  867    0   0    0   0    0   0    0   0    0  0   0   0   0  0   0   0   0  0   0   0   0  0   0   0
    OTE  ATH  56  ATH 132  ATH 528  ATH 282  0  ATS    4  ATS    4  ATS    3  ATS    4 
  0  867    0   0    0   0    0   0    0   0    0  0   0   0   0  0   0   0   0  0   0   0   0  0   0   0
    OTE  ATH  56  ATH 132  ATH 528  ATH 282  0  ATP    4  ATS    4  ATS    3  ATS    4 
  0  867    0   0    0   0    0   0    0   0    0  0   0   0   0  0   0   0   0  0   0   0   0  0   0   0
    OTE  ATH  56  ATH 132  ATH 528  ATH 282  0 ATSL    4  ATS    4  ATS    3  ATP    4 
  0  867    0   0    0   0    0   0    0   0    0  0   0   0   0  0   0   0   0  0   0   0   0  0   0   0
    OTE  ATH  56  ATH 132  ATH 528  ATH 282  0 ATSL    4  ATS    4  ATS    3  ATP    4 
  0  867    0   0    0   0    0   0    0   0    0  0   0   0   0  0   0   0   0  0   0   0   0  0   0   0
    OTE  ATH  56  ATH 132  ATH 528  ATH 282  0 ATSL    4  ATS    4  ATS    3  ATP    4 
  0  867    0   0    0   0    0   0    0   0    0  0   0   0   0  0   0   0   0  0   0   0   0  0   0   0
    OTE  ATH  56  ATH 132  ATH 528  ATH 282  0 ATSL    4  ATS    4  ATP    3 ATSL    4 
  0  867    0   0    0   0    0   0    0   0    0  0   0   0   0  0   0   0   0  0   0   0   0  0   0   0
    OTE  ATH  56  ATH 132  ATH 528  ATH 282  0 ATSL    4  ATS    4  ATP    3 ATSL    4 
  0  867    0   0    0   0    0   0    0   0    0  0   0   0   0  0   0   0   0  0   0   0   0  0   0   0
    OTE  ATH  56  ATH 132  ATH 528  ATH 282  0 ATSL    4  ATP    4 ATSL    3 ATSL    4 
  0  867    0   0    0   0    0   0    0   0    0  0   0   0   0  0   0   0   0  0   0   0   0  0   0   0
    OTE  ATH  56  ATH 132  ATH 528  ATH 282  0 ATSL    4  ATP    4 ATSL    3 ATSL    4 
  0  867    0   0    0   0    0   0    0   0    0  0   0   0   0  0   0   0   0  0   0   0   0  0   0   0
    OTE  ATH  56  ATH 132  ATH 528  ATH 282  0 ATSL    4 ATSL    4 ATSL    3 ATSL    4 
  0  867    0   0    0   0    0   0    0   0    0  0   0   0   0  0   0   0   0  0   0   0   0  0   0   0
    OTE  ATH  56  ATH 132   PB 528  ATH 282  0 ATSL    4 ATSL    4 ATSL    3 ATSL    4 
  0  867    0   0    0   0    0   0    0   0    0  0   0   0   0  0   0   0   0  0   0   0   0  0   0   0
    OTE   PB  56  ATH 132   PB 528  ATH 282  0 ATSL    4 ATSL    4 ATSL    3 ATSL    4 
  0  867    0   0    0   0    0   0    0   0    0  0   0   0   0  0   0   0   0  0   0   0   0  0   0   0
    OTE   PB  56   PB 132   PB 528  ATH 282  0 ATSL    4 ATSL    4 ATSL    3 ATSL    4 
  0  867    0   0    0   0    0   0    0   0    0  0   0   0   0  0   0   0   0  0   0   0   0  0   0   0
    OTE   PB  56   PB 132   PB 528   PB 282  0 ATSL    4 ATSL    4 ATSL    3 ATSL    4 
  0  867    0   0    0   0    0   0    0   0    0  0   0   0   0  0   0   0   0  0   0   0   0  0   0   0
    ANR   PB  56   PB 132   PB 528   PB 282  0 ATSL    4 ATSL    4 ATSL    3 ATSL    4 
  0  867    0   0    0   0    0   0    0   0    0  0   0   0   0  0   0   0   0  0   0   0   0  0   0   0
    WFB   PB  56   PB 132   PB 528   PB 282  0 ATSL    4 ATSL    4 ATSL    3 ATSL    4 
  0  867    0   0    0   0    0   0    0   0    0  0   0   0   0  0   0   0   0  0   0   0   0  0   0   0
    WFB   PB  56   PB 132   WR 528   PB 282  0 ATSL    4 ATSL    4 ATSL    3 ATSL    4 
  0  867    0   0    0   0    1 198    0   0    0  0   0   0   0  0   0   0   0  0   0   0   0  0   0   0
    WFB   WR  56   PB 132   WR 528   PB 282  0 ATSL    4 ATSL    4 ATSL    3 ATSL    4 
  0  867    3  21    0   0    1 198    0   0    0  0   0   0   0  0   0   0   0  0   0   0   0  0   0   0
    WFB   WR  56   WR 132   WR 528   PB 282  0 ATSL    4 ATSL    4 ATSL    3 ATSL    4 
  0  867    3  21    3   8    1 198    0   0    0  0   0   0   0  0   0   0   0  0   0   0   0  0   0   0
    WFB   WR  56   WR 132   WR 528   PB 282  0 ATSL    4 ATSL    4 ATSL    3 ATSL    4 
  0  867    3  21    3   8    1 198    0   0    0  0   0   0   0  0   0   0   0  0   0   0   0  0   0   0
    WFB   WR  56   WR 132   WR 528   WR 282  0 ATSL    4 ATSL    4 ATSL    3 ATSL    4 
  0  867    3  21    3   8    1 198    2  17    0  0   0   0   0  0   0   0   0  0   0   0   0  0   0   0
    STR   WR  56   WR 132   WR 528   WR 282  0 ATSL    4 ATSL    4 ATSL    3 ATSL    4 
  0  867    3  21    3   8    1 198    2  17    0  0   0   0   0  0   0   0   0  0   0   0   0  0   0   0
