AFTERNOON AT THE RACE TRACK - Description of the internal state of the problem
MAN/BRK           SPECTATOR/BETTER              HORSE/JOCKEY PAIR at Race RN
  Stat  St0  Am0 St1  Am1 St2  Am2 St3  Am3 RN St0  Len0 St1  Len1 St2  Len2 St3  Len3 
                                        Race RN Status
 RN Dist BS0  BA0 BS1  BA1 BS2  BA2 BS3  BA3  Od0 N0 Ps0 SD0 Od1 N1 Ps1 SD1 Od2 N2 Ps2 SD2 Od3 N3 Ps3 SD3 
    OTE WFRTS 845        0        0        0  0         0         0         0         0 
  0    0    0   0    0   0    0   0    0   0    0  0   0   0   0  0   0   0   0  0   0   0   0  0   0   0
    OTE WFRTS 845 WFRTS 476        0        0  0         0         0         0         0 
  0    0    0   0    0   0    0   0    0   0    0  0   0   0   0  0   0   0   0  0   0   0   0  0   0   0
    OTE WFRTS 845 WFRTS 476 WFRTS 296        0  0         0         0         0         0 
  0    0    0   0    0   0    0   0    0   0    0  0   0   0   0  0   0   0   0  0   0   0   0  0   0   0
    OTE WFRTS 845 WFRTS 476 WFRTS 296 WFRTS 305  0         0         0         0         0 
  0    0    0   0    0   0    0   0    0   0    0  0   0   0   0  0   0   0   0  0   0   0   0  0   0   0
    OTE WFRTS 845 WFRTS 476 WFRTS 296 WFRTS 305  0  ATS    0         0         0         0 
  0    0    0   0    0   0    0   0    0   0    0  0   0   0   0  0   0   0   0  0   0   0   0  0   0   0
    OTE WFRTS 845 WFRTS 476 WFRTS 296 WFRTS 305  0  ATS    0         0         0         0 
  0    0    0   0    0   0    0   0    0   0    0  0   0   0   0  0   0   0   0  0   0   0   0  0   0   0
    OTE WFRTS 845 WFRTS 476 WFRTS 296 WFRTS 305  0  ATS    0  ATS    3         0         0 
  0    0    0   0    0   0    0   0    0   0    0  0   0   0   0  0   0   0   0  0   0   0   0  0   0   0
    OTE WFRTS 845 WFRTS 476 WFRTS 296 WFRTS 305  0  ATS    0  ATS    3         0         0 
  0    0    0   0    0   0    0   0    0   0    0  0   0   0   0  0   0   0   0  0   0   0   0  0   0   0
    OTE WFRTS 845 WFRTS 476 WFRTS 296 WFRTS 305  0  ATS    0  ATS    3  ATS    4         0 
  0    0    0   0    0   0    0   0    0   0    0  0   0   0   0  0   0   0   0  0   0   0   0  0   0   0
    OTE WFRTS 845 WFRTS 476 WFRTS 296 WFRTS 305  0  ATS    0  ATS    3  ATS    4         0 
  0    0    0   0    0   0    0   0    0   0    0  0   0   0   0  0   0   0   0  0   0   0   0  0   0   0
    OTE WFRTS 845 WFRTS 476 WFRTS 296 WFRTS 305  0  ATS    0  ATS    3  ATS    4  ATS    4 
  0    0    0   0    0   0    0   0    0   0    0  0   0   0   0  0   0   0   0  0   0   0   0  0   0   0
    OTE WFRTS 845 WFRTS 476 WFRTS 296 WFRTS 305  0  ATS    0  ATS    3  ATS    4  ATS    4 
  0    0    0   0    0   0    0   0    0   0    0  0   0   0   0  0   0   0   0  0   0   0   0  0   0   0
    OTE  ATH 845 WFRTS 476 WFRTS 296 WFRTS 305  0  ATS    0  ATS    3  ATS    4  ATS    4 
  0    0    0   0    0   0    0   0    0   0    0  0   0   0   0  0   0   0   0  0   0   0   0  0   0   0
    OTE  ATH 845 WFRTS 476 WFRTS 296 WFRTS 305  0  ATS    0  ATS    3  ATS    4  ATS    4 
  0    0    0   0    0   0    0   0    0   0    0  0   0   0   0  0   0   0   0  0   0   0   0  0   0   0
    OTE  ATH 845 WFRTS 476 WFRTS 296 WFRTS 305  0  ATS    0  ATS    3  ATS    4  ATS    4 
  0    0    0   0    0   0    0   0    0   0    0  0   0   0   0  0   0   0   0  0   0   0   0  0   0   0
    OTE  ATH 845 WFRTS 476 WFRTS 296  ATH 305  0  ATS    0  ATS    3  ATS    4  ATS    4 
  0    0    0   0    0   0    0   0    0   0    0  0   0   0   0  0   0   0   0  0   0   0   0  0   0   0
    OTE  ATH 845 WFRTS 476  ATH 296  ATH 305  0  ATS    0  ATS    3  ATS    4  ATS    4 
  0    0    0   0    0   0    0   0    0   0    0  0   0   0   0  0   0   0   0  0   0   0   0  0   0   0
    OTE  ATH 845 WFRTS 476  ATH 296  ATH 305  0  ATS    0  ATS    3  ATS    4  ATS    4 
  0    0    0   0    0   0    0   0    0   0    0  0   0   0   0  0   0   0   0  0   0   0   0  0   0   0
    OTE  ATH 845  ATH 476  ATH 296  ATH 305  0  ATS    0  ATS    3  ATS    4  ATS    4 
  0    0    0   0    0   0    0   0    0   0    0  0   0   0   0  0   0   0   0  0   0   0   0  0   0   0
    OTE  ATH 845  ATH 476  ATH 296  ATH 305  0  ATP    0  ATS    3  ATS    4  ATS    4 
  0    0    0   0    0   0    0   0    0   0    0  0   0   0   0  0   0   0   0  0   0   0   0  0   0   0
    OTE  ATH 845  ATH 476  ATH 296  ATH 305  0  ATP    0  ATS    3  ATS    4  ATP    4 
  0    0    0   0    0   0    0   0    0   0    0  0   0   0   0  0   0   0   0  0   0   0   0  0   0   0
    OTE  ATH 845  ATH 476  ATH 296  ATH 305  0  ATP    0  ATS    3  ATP    4  ATP    4 
  0    0    0   0    0   0    0   0    0   0    0  0   0   0   0  0   0   0   0  0   0   0   0  0   0   0
    OTE  ATH 845  ATH 476  ATH 296  ATH 305  0  ATP    0  ATP    3  ATP    4  ATP    4 
  0    0    0   0    0   0    0   0    0   0    0  0   0   0   0  0   0   0   0  0   0   0   0  0   0   0
    OTE  ATH 845  ATH 476  ATH 296   PB 305  0  ATP    0  ATP    3  ATP    4  ATP    4 
  0    0    0   0    0   0    0   0    0   0    0  0   0   0   0  0   0   0   0  0   0   0   0  0   0   0
    OTE  ATH 845   PB 476  ATH 296   PB 305  0  ATP    0  ATP    3  ATP    4  ATP    4 
  0    0    0   0    0   0    0   0    0   0    0  0   0   0   0  0   0   0   0  0   0   0   0  0   0   0
    OTE   PB 845   PB 476  ATH 296   PB 305  0  ATP    0  ATP    3  ATP    4  ATP    4 
  0    0    0   0    0   0    0   0    0   0    0  0   0   0   0  0   0   0   0  0   0   0   0  0   0   0
    OTE   PB 845   PB 476   PB 296   PB 305  0  ATP    0  ATP    3  ATP    4  ATP    4 
  0    0    0   0    0   0    0   0    0   0    0  0   0   0   0  0   0   0   0  0   0   0   0  0   0   0
    OTE   PB 845   PB 476   PB 296   PB 305  0  ATP    0  ATP    3  ATP    4  ATP    4 
  0    0    0   0    0   0    0   0    0   0    0  0   0   0   0  0   0   0   0  0   0   0   0  0   0   0
    ANR   PB 845   PB 476   PB 296   PB 305  0  ATP    0  ATP    3  ATP    4  ATP    4 
  0    0    0   0    0   0    0   0    0   0    0  0   0   0   0  0   0   0   0  0   0   0   0  0   0   0
    ANR   PB 845   PB 476   PB 296   PB 305  0  ATP    0  ATP    3  ATP    4  ATP    4 
  0    0    0   0    0   0    0   0    0   0    0  0   0   0   0  0   0   0   0  0   0   0   0  0   0   0
