AFTERNOON AT THE RACE TRACK - Description of the internal state of the problem
MAN/BRK           SPECTATOR/BETTER              HORSE/JOCKEY PAIR at Race RN
  Stat  St0  Am0 St1  Am1 St2  Am2 St3  Am3 RN St0  Len0 St1  Len1 St2  Len2 St3  Len3 
                                        Race RN Status
 RN Dist BS0  BA0 BS1  BA1 BS2  BA2 BS3  BA3  Od0 N0 Ps0 SD0 Od1 N1 Ps1 SD1 Od2 N2 Ps2 SD2 Od3 N3 Ps3 SD3 
    OTE WFRTS 441        0        0        0  0         0         0         0         0 
  0 1377    0   0    0   0    0   0    0   0    0  0   0   0   0  0   0   0   0  0   0   0   0  0   0   0
    OTE WFRTS 441        0        0        0  0         0         0         0         0 
  0 1377    0   0    0   0    0   0    0   0    0  0   0   0   0  0   0   0   0  0   0   0   0  0   0   0
    OTE WFRTS 441 WFRTS 137        0        0  0         0         0         0         0 
  0 1377    0   0    0   0    0   0    0   0    0  0   0   0   0  0   0   0   0  0   0   0   0  0   0   0
    OTE WFRTS 441 WFRTS 137        0        0  0         0         0         0         0 
  0 1377    0   0    0   0    0   0    0   0    0  0   0   0   0  0   0   0   0  0   0   0   0  0   0   0
    OTE WFRTS 441 WFRTS 137 WFRTS  83        0  0         0         0         0         0 
  0 1377    0   0    0   0    0   0    0   0    0  0   0   0   0  0   0   0   0  0   0   0   0  0   0   0
    OTE WFRTS 441 WFRTS 137 WFRTS  83        0  0         0         0         0         0 
  0 1377    0   0    0   0    0   0    0   0    0  0   0   0   0  0   0   0   0  0   0   0   0  0   0   0
    OTE WFRTS 441 WFRTS 137 WFRTS  83 WFRTS 180  0         0         0         0         0 
  0 1377    0   0    0   0    0   0    0   0    0  0   0   0   0  0   0   0   0  0   0   0   0  0   0   0
    OTE WFRTS 441 WFRTS 137 WFRTS  83 WFRTS 180  0         0         0         0         0 
  0 1377    0   0    0   0    0   0    0   0    0  0   0   0   0  0   0   0   0  0   0   0   0  0   0   0
    OTE WFRTS 441 WFRTS 137 WFRTS  83 WFRTS 180  0  ATS    3         0         0         0 
  0 1377    0   0    0   0    0   0    0   0    0  0   0   0   0  0   0   0   0  0   0   0   0  0   0   0
    OTE WFRTS 441 WFRTS 137 WFRTS  83 WFRTS 180  0  ATS    3         0         0         0 
  0 1377    0   0    0   0    0   0    0   0    0  0   0   0   0  0   0   0   0  0   0   0   0  0   0   0
    OTE WFRTS 441 WFRTS 137 WFRTS  83 WFRTS 180  0  ATS    3  ATS    1         0         0 
  0 1377    0   0    0   0    0   0    0   0    0  0   0   0   0  0   0   0   0  0   0   0   0  0   0   0
    OTE WFRTS 441 WFRTS 137 WFRTS  83 WFRTS 180  0  ATS    3  ATS    1         0         0 
  0 1377    0   0    0   0    0   0    0   0    0  0   0   0   0  0   0   0   0  0   0   0   0  0   0   0
    OTE WFRTS 441 WFRTS 137 WFRTS  83 WFRTS 180  0  ATS    3  ATS    1  ATS    1         0 
  0 1377    0   0    0   0    0   0    0   0    0  0   0   0   0  0   0   0   0  0   0   0   0  0   0   0
    OTE WFRTS 441 WFRTS 137 WFRTS  83 WFRTS 180  0  ATS    3  ATS    1  ATS    1         0 
  0 1377    0   0    0   0    0   0    0   0    0  0   0   0   0  0   0   0   0  0   0   0   0  0   0   0
    OTE WFRTS 441 WFRTS 137 WFRTS  83 WFRTS 180  0  ATS    3  ATS    1  ATS    1  ATS    1 
  0 1377    0   0    0   0    0   0    0   0    0  0   0   0   0  0   0   0   0  0   0   0   0  0   0   0
    OTE  ATH 441 WFRTS 137 WFRTS  83 WFRTS 180  0  ATS    3  ATS    1  ATS    1  ATS    1 
  0 1377    0   0    0   0    0   0    0   0    0  0   0   0   0  0   0   0   0  0   0   0   0  0   0   0
    OTE  ATH 441  ATH 137 WFRTS  83 WFRTS 180  0  ATS    3  ATS    1  ATS    1  ATS    1 
  0 1377    0   0    0   0    0   0    0   0    0  0   0   0   0  0   0   0   0  0   0   0   0  0   0   0
    OTE  ATH 441  ATH 137  ATH  83 WFRTS 180  0  ATS    3  ATS    1  ATS    1  ATS    1 
  0 1377    0   0    0   0    0   0    0   0    0  0   0   0   0  0   0   0   0  0   0   0   0  0   0   0
    OTE  ATH 441  ATH 137  ATH  83  ATH 180  0  ATS    3  ATS    1  ATS    1  ATS    1 
  0 1377    0   0    0   0    0   0    0   0    0  0   0   0   0  0   0   0   0  0   0   0   0  0   0   0
    OTE  ATH 441  ATH 137  ATH  83  ATH 180  0  ATP    3  ATS    1  ATS    1  ATS    1 
  0 1377    0   0    0   0    0   0    0   0    0  0   0   0   0  0   0   0   0  0   0   0   0  0   0   0
    OTE  ATH 441  ATH 137  ATH  83  ATH 180  0 ATSL    3  ATS    1  ATS    1  ATS    1 
  0 1377    0   0    0   0    0   0    0   0    0  0   0   0   0  0   0   0   0  0   0   0   0  0   0   0
    OTE  ATH 441  ATH 137  ATH  83  ATH 180  0 ATSL    3  ATS    1  ATS    1  ATS    1 
  0 1377    0   0    0   0    0   0    0   0    0  0   0   0   0  0   0   0   0  0   0   0   0  0   0   0
    OTE  ATH 441  ATH 137  ATH  83  ATH 180  0 ATSL    3  ATS    1  ATS    1  ATP    1 
  0 1377    0   0    0   0    0   0    0   0    0  0   0   0   0  0   0   0   0  0   0   0   0  0   0   0
    ANR  ATH 441  ATH 137  ATH  83  ATH 180  0 ATSL    3  ATS    1  ATP    1 ATSL    1 
  0 1377    0   0    0   0    0   0    0   0    0  0   0   0   0  0   0   0   0  0   0   0   0  0   0   0
    WFB  ATH 441  ATH 137  ATH  83  ATH 180  0 ATSL    3  ATS    1  ATP    1 ATSL    1 
  0 1377    0   0    0   0    0   0    0   0    0  0   0   0   0  0   0   0   0  0   0   0   0  0   0   0
    WFB  ATH 441  ATH 137  ATH  83  ATH 180  0 ATSL    3  ATS    1  ATP    1 ATSL    1 
  0 1377    0   0    0   0    0   0    0   0    0  0   0   0   0  0   0   0   0  0   0   0   0  0   0   0
    WFB  ATH 441  ATH 137  ATH  83  ATH 180  0 ATSL    3  ATS    1  ATP    1 ATSL    1 
  0 1377    0   0    0   0    0   0    0   0    0  0   0   0   0  0   0   0   0  0   0   0   0  0   0   0
    WFB  ATH 441  ATH 137  ATH  83  ATH 180  0 ATSL    3  ATS    1  ATP    1 ATSL    1 
  0 1377    0   0    0   0    0   0    0   0    0  0   0   0   0  0   0   0   0  0   0   0   0  0   0   0
    WFB  ATH 441  ATH 137  ATH  83  ATH 180  0 ATSL    3  ATP    1 ATSL    1 ATSL    1 
  0 1377    0   0    0   0    0   0    0   0    0  0   0   0   0  0   0   0   0  0   0   0   0  0   0   0
    WFB  ATH 441  ATH 137  ATH  83  ATH 180  0 ATSL    3  ATP    1 ATSL    1 ATSL    1 
  0  814    0   0    0   0    0   0    0   0    0  0   0   0   0  0   0   0   0  0   0   0   0  0   0   0
    WFB  ATH 441  ATH 137  ATH  83  ATH 180  0 ATSL    3 ATSL    1 ATSL    1 ATSL    1 
  0  814    0   0    0   0    0   0    0   0    0  0   0   0   0  0   0   0   0  0   0   0   0  0   0   0
    WFB  ATH 441  ATH 137  ATH  83   PB 180  1 ATSL    3 ATSL    1 ATSL    1 ATSL    1 
  1  814    0   0    0   0    0   0    0   0    0  0   0   0   0  0   0   0   0  0   0   0   0  0   0   0
    WFB  ATH 441  ATH 137  ATH  83   WR 180  1 ATSL    3 ATSL    1 ATSL    1 ATSL    1 
  1  814    0   0    0   0    0   0    0  45    0  0   0   0   0  0   0   0   0  0   0   0   0  0   0   0
    WFB  ATH 441   PB 137  ATH  83   WR 180  1 ATSL    3 ATSL    1 ATSL    1 ATSL    1 
  1  594    0   0    0   0    0   0    0  45    0  0   0   0   0  0   0   0   0  0   0   0   0  0   0   0
    WFB  ATH 441   WR 137  ATH  83   WR 180  1 ATSL    3 ATSL    1 ATSL    1 ATSL    1 
  1  594    0   0    2  34    0   0    0  45    0  0   0   0   0  0   0   0   0  0   0   0   0  0   0   0
    WFB   PB 441   WR 137  ATH  83   WR 180  3 ATSL    3 ATSL    1 ATSL    1 ATSL    1 
  3  953    0   0    2  34    0   0    0  45    0  0   0   0   0  0   0   0   0  0   0   0   0  0   0   0
    WFB   WR 441   WR 137   PB  83   WR 180  3 ATSL    3 ATSL    1 ATSL    1 ATSL    1 
  3  953    2  27    2  34    0   0    0  45    0  0   0   0   0  0   0   0   0  0   0   0   0  0   0   0
    WFB   WR 441   WR 137   PB  83   WR 180  3 ATSL    3 ATSL    1 ATSL    1 ATSL    1 
  3  953    2  27    2  34    0   0    0  45    0  0   0   0   0  0   0   0   0  0   0   0   0  0   0   0
    WFB   WR 441   WR 137   WR  83   WR 180  3 ATSL    3 ATSL    1 ATSL    1 ATSL    1 
  3  953    2  27    2  34    0   5    0  45    0  0   0   0   0  0   0   0   0  0   0   0   0  0   0   0
    STR   WR 441   WR 137   WR  83   WR 180  3 ATSL    3 ATSL    1 ATSL    1 ATSL    1 
  3  953    2  27    2  34    0   5    0  45    0  0   0   0   0  0   0   0   0  0   0   0   0  0   0   0
