AFTERNOON AT THE RACE TRACK - Description of the internal state of the problem
MAN/BRK           SPECTATOR/BETTER              HORSE/JOCKEY PAIR at Race RN
  Stat  St0  Am0 St1  Am1 St2  Am2 St3  Am3 RN St0  Len0 St1  Len1 St2  Len2 St3  Len3 
                                        Race RN Status
 RN Dist BS0  BA0 BS1  BA1 BS2  BA2 BS3  BA3  Od0 N0 Ps0 SD0 Od1 N1 Ps1 SD1 Od2 N2 Ps2 SD2 Od3 N3 Ps3 SD3 
    OTE WFRTS 560        0        0        0  0         0         0         0         0 
  0  726    0   0    0   0    0   0    0   0    0  0   0   0   0  0   0   0   0  0   0   0   0  0   0   0
    OTE WFRTS 560        0        0        0  0         0         0         0         0 
  0  726    0   0    0   0    0   0    0   0    0  0   0   0   0  0   0   0   0  0   0   0   0  0   0   0
    OTE WFRTS 560 WFRTS 945        0        0  0         0         0         0         0 
  0  726    0   0    0   0    0   0    0   0    0  0   0   0   0  0   0   0   0  0   0   0   0  0   0   0
    OTE WFRTS 560 WFRTS 945        0        0  0         0         0         0         0 
  0  726    0   0    0   0    0   0    0   0    0  0   0   0   0  0   0   0   0  0   0   0   0  0   0   0
    OTE WFRTS 560 WFRTS 945 WFRTS 525        0  0         0         0         0         0 
  0  726    0   0    0   0    0   0    0   0    0  0   0   0   0  0   0   0   0  0   0   0   0  0   0   0
    OTE WFRTS 560 WFRTS 945 WFRTS 525        0  0         0         0         0         0 
  0  726    0   0    0   0    0   0    0   0    0  0   0   0   0  0   0   0   0  0   0   0   0  0   0   0
    OTE WFRTS 560 WFRTS 945 WFRTS 525 WFRTS 111  0         0         0         0         0 
  0  726    0   0    0   0    0   0    0   0    0  0   0   0   0  0   0   0   0  0   0   0   0  0   0   0
    OTE WFRTS 560 WFRTS 945 WFRTS 525 WFRTS 111  0         0         0         0         0 
  0  726    0   0    0   0    0   0    0   0    0  0   0   0   0  0   0   0   0  0   0   0   0  0   0   0
    OTE WFRTS 560 WFRTS 945 WFRTS 525 WFRTS 111  0  ATS    0         0         0         0 
  0  726    0   0    0   0    0   0    0   0    0  0   0   0   0  0   0   0   0  0   0   0   0  0   0   0
    OTE WFRTS 560 WFRTS 945 WFRTS 525 WFRTS 111  0  ATS    0         0         0         0 
  0  726    0   0    0   0    0   0    0   0    0  0   0   0   0  0   0   0   0  0   0   0   0  0   0   0
    OTE WFRTS 560 WFRTS 945 WFRTS 525 WFRTS 111  0  ATS    0  ATS    1         0         0 
  0  726    0   0    0   0    0   0    0   0    0  0   0   0   0  0   0   0   0  0   0   0   0  0   0   0
    OTE WFRTS 560 WFRTS 945 WFRTS 525 WFRTS 111  0  ATS    0  ATS    1         0         0 
  0  726    0   0    0   0    0   0    0   0    0  0   0   0   0  0   0   0   0  0   0   0   0  0   0   0
    OTE WFRTS 560 WFRTS 945 WFRTS 525 WFRTS 111  0  ATS    0  ATS    1  ATS    1         0 
  0  726    0   0    0   0    0   0    0   0    0  0   0   0   0  0   0   0   0  0   0   0   0  0   0   0
    OTE WFRTS 560 WFRTS 945 WFRTS 525 WFRTS 111  0  ATS    0  ATS    1  ATS    1         0 
  0  726    0   0    0   0    0   0    0   0    0  0   0   0   0  0   0   0   0  0   0   0   0  0   0   0
    OTE WFRTS 560 WFRTS 945 WFRTS 525 WFRTS 111  0  ATS    0  ATS    1  ATS    1  ATS    0 
  0  726    0   0    0   0    0   0    0   0    0  0   0   0   0  0   0   0   0  0   0   0   0  0   0   0
    OTE  ATH 560 WFRTS 945 WFRTS 525 WFRTS 111  0  ATS    0  ATS    1  ATS    1  ATS    0 
  0  726    0   0    0   0    0   0    0   0    0  0   0   0   0  0   0   0   0  0   0   0   0  0   0   0
    OTE  ATH 560  ATH 945 WFRTS 525 WFRTS 111  0  ATS    0  ATS    1  ATS    1  ATS    0 
  0  726    0   0    0   0    0   0    0   0    0  0   0   0   0  0   0   0   0  0   0   0   0  0   0   0
    OTE  ATH 560  ATH 945  ATH 525 WFRTS 111  0  ATS    0  ATS    1  ATS    1  ATS    0 
  0  726    0   0    0   0    0   0    0   0    0  0   0   0   0  0   0   0   0  0   0   0   0  0   0   0
    OTE  ATH 560  ATH 945  ATH 525  ATH 111  0  ATS    0  ATS    1  ATS    1  ATS    0 
  0  726    0   0    0   0    0   0    0   0    0  0   0   0   0  0   0   0   0  0   0   0   0  0   0   0
    OTE  ATH 560  ATH 945  ATH 525  ATH 111  0  ATS    0  ATS    1  ATS    1  ATS    0 
  0  726    0   0    0   0    0   0    0   0    0  0   0   0   0  0   0   0   0  0   0   0   0  0   0   0
    OTE  ATH 560  ATH 945  ATH 525  ATH 111  0  ATS    0  ATS    1  ATS    1  ATP    0 
  0  726    0   0    0   0    0   0    0   0    0  0   0   0   0  0   0   0   0  0   0   0   0  0   0   0
    OTE  ATH 560  ATH 945  ATH 525  ATH 111  0  ATS    0  ATS    1  ATP    1  ATP    0 
  0  726    0   0    0   0    0   0    0   0    0  0   0   0   0  0   0   0   0  0   0   0   0  0   0   0
    OTE  ATH 560  ATH 945  ATH 525  ATH 111  0  ATS    0  ATP    1 ATSL    1  ATP    0 
  0  726    0   0    0   0    0   0    0   0    0  0   0   0   0  0   0   0   0  0   0   0   0  0   0   0
    OTE  ATH 560  ATH 945  ATH 525  ATH 111  0  ATS    0 ATSL    1 ATSL    1  ATP    0 
  0  726    0   0    0   0    0   0    0   0    0  0   0   0   0  0   0   0   0  0   0   0   0  0   0   0
    OTE  ATH 560  ATH 945  ATH 525  ATH 111  0  ATS    0 ATSL    1 ATSL    1  ATP    0 
  0  726    0   0    0   0    0   0    0   0    0  0   0   0   0  0   0   0   0  0   0   0   0  0   0   0
    ANR  ATH 560  ATH 945  ATH 525  ATH 111  0  ATP    0 ATSL    1 ATSL    1  ATP    0 
  0  726    0   0    0   0    0   0    0   0    0  0   0   0   0  0   0   0   0  0   0   0   0  0   0   0
    ANR  ATH 560  ATH 945  ATH 525  ATH 111  0  ATP    0 ATSL    1 ATSL    1  ATP    0 
  0  726    0   0    0   0    0   0    0   0    0  0   0   0   0  0   0   0   0  0   0   0   0  0   0   0
    WFB  ATH 560  ATH 945  ATH 525  ATH 111  0  ATP    0 ATSL    1 ATSL    1  ATP    0 
  0  726    0   0    0   0    0   0    0   0    0  0   0   0   0  0   0   0   0  0   0   0   0  0   0   0
    WFB  ATH 560  ATH 945  ATH 525  ATH 111  0  ATP    0 ATSL    1 ATSL    1  ATP    0 
  0  726    0   0    0   0    0   0    0   0    0  0   0   0   0  0   0   0   0  0   0   0   0  0   0   0
    WFB  ATH 560  ATH 945  ATH 525  ATH 111  0 ATSL    0 ATSL    1 ATSL    1 ATSL    0 
  0  726    0   0    0   0    0   0    0   0    0  0   0   0   0  0   0   0   0  0   0   0   0  0   0   0
    WFB  ATH 560   PB 945  ATH 525  ATH 111  0 ATSL    0 ATSL    1 ATSL    1 ATSL    0 
  0  726    0   0    0   0    0   0    0   0    0  0   0   0   0  0   0   0   0  0   0   0   0  0   0   0
    WFB  ATH 560   PB 945  ATH 525  ATH 111  0 ATSL    0 ATSL    1 ATSL    1 ATSL    0 
  0  726    0   0    0   0    0   0    0   0    0  0   0   0   0  0   0   0   0  0   0   0   0  0   0   0
    WFB  ATH 560   WR 945  ATH 525  ATH 111  0 ATSL    0 ATSL    1 ATSL    1 ATSL    0 
  0  726    0   0    1 354    0   0    0   0    0  0   0   0   0  0   0   0   0  0   0   0   0  0   0   0
    WFB  ATH 560   WR 945  ATH 525   PB 111  0 ATSL    0 ATSL    1 ATSL    1 ATSL    0 
  0  726    0   0    1 354    0   0    0   0    0  0   0   0   0  0   0   0   0  0   0   0   0  0   0   0
    WFB  ATH 560   WR 945   PB 525   WR 111  0 ATSL    0 ATSL    1 ATSL    1 ATSL    0 
  0  726    0   0    1 354    0   0    2   6    0  0   0   0   0  0   0   0   0  0   0   0   0  0   0   0
    WFB  ATH 560   WR 945   PB 525   WR 111  0 ATSL    0 ATSL    1 ATSL    1 ATSL    0 
  0  726    0   0    1 354    0   0    2   6    0  0   0   0   0  0   0   0   0  0   0   0   0  0   0   0
    WFB   PB 560   WR 945   PB 525   WR 111  0 ATSL    0 ATSL    1 ATSL    1 ATSL    0 
  0  726    0   0    1 354    0   0    2   6    0  0   0   0   0  0   0   0   0  0   0   0   0  0   0   0
    WFB   PB 560   WR 945   WR 525   WR 111  0 ATSL    0 ATSL    1 ATSL    1 ATSL    0 
  0  726    0 210    1 354    1 131    2   6    0  0   0   0   0  0   0   0   0  0   0   0   0  0   0   0
    WFB   WR 560   WR 945   WR 525   WR 111  0 ATSL    0 ATSL    1 ATSL    1 ATSL    0 
  0  726    1 210    1 354    1 131    2   6    0  0   0   0   0  0   0   0   0  0   0   0   0  0   0   0
    STR   WR 560   WR 945   WR 525   WR 111  0 ATSL    0 ATSL    1 ATSL    1 ATSL    0 
  0  726    1 210    1 354    1 131    2   6    0  0   0   0   0  0   0   0   0  0   0   0   0  0   0   0
