AFTERNOON AT THE RACE TRACK - Description of the internal state of the problem
MAN/BRK           SPECTATOR/BETTER              HORSE/JOCKEY PAIR at Race RN
  Stat  St0  Am0 St1  Am1 St2  Am2 St3  Am3 RN St0  Len0 St1  Len1 St2  Len2 St3  Len3 
                                        Race RN Status
 RN Dist BS0  BA0 BS1  BA1 BS2  BA2 BS3  BA3  Od0 N0 Ps0 SD0 Od1 N1 Ps1 SD1 Od2 N2 Ps2 SD2 Od3 N3 Ps3 SD3 
    OTE WFRTS  75        0        0        0  0         0         0         0         0 
  0  956    0   0    0   0    0   0    0   0    0  0   0   0   0  0   0   0   0  0   0   0   0  0   0   0
    OTE WFRTS  75        0        0        0  0         0         0         0         0 
  0  956    0   0    0   0    0   0    0   0    0  0   0   0   0  0   0   0   0  0   0   0   0  0   0   0
    OTE WFRTS  75 WFRTS 797        0        0  0         0         0         0         0 
  0  956    0   0    0   0    0   0    0   0    0  0   0   0   0  0   0   0   0  0   0   0   0  0   0   0
    OTE WFRTS  75 WFRTS 797        0        0  0         0         0         0         0 
  0  956    0   0    0   0    0   0    0   0    0  0   0   0   0  0   0   0   0  0   0   0   0  0   0   0
    OTE WFRTS  75 WFRTS 797 WFRTS 663        0  0         0         0         0         0 
  0  956    0   0    0   0    0   0    0   0    0  0   0   0   0  0   0   0   0  0   0   0   0  0   0   0
    OTE WFRTS  75 WFRTS 797 WFRTS 663        0  0         0         0         0         0 
  0  956    0   0    0   0    0   0    0   0    0  0   0   0   0  0   0   0   0  0   0   0   0  0   0   0
    OTE WFRTS  75 WFRTS 797 WFRTS 663 WFRTS 893  0         0         0         0         0 
  0  956    0   0    0   0    0   0    0   0    0  0   0   0   0  0   0   0   0  0   0   0   0  0   0   0
    OTE WFRTS  75 WFRTS 797 WFRTS 663 WFRTS 893  0         0         0         0         0 
  0  956    0   0    0   0    0   0    0   0    0  0   0   0   0  0   0   0   0  0   0   0   0  0   0   0
    OTE WFRTS  75 WFRTS 797 WFRTS 663 WFRTS 893  0  ATS    2         0         0         0 
  0  956    0   0    0   0    0   0    0   0    0  0   0   0   0  0   0   0   0  0   0   0   0  0   0   0
    OTE WFRTS  75 WFRTS 797 WFRTS 663 WFRTS 893  0  ATS    2         0         0         0 
  0  956    0   0    0   0    0   0    0   0    0  0   0   0   0  0   0   0   0  0   0   0   0  0   0   0
    OTE WFRTS  75 WFRTS 797 WFRTS 663 WFRTS 893  0  ATS    2  ATS    2         0         0 
  0  956    0   0    0   0    0   0    0   0    0  0   0   0   0  0   0   0   0  0   0   0   0  0   0   0
    OTE WFRTS  75 WFRTS 797 WFRTS 663 WFRTS 893  0  ATS    2  ATS    2  ATS    1         0 
  0  956    0   0    0   0    0   0    0   0    0  0   0   0   0  0   0   0   0  0   0   0   0  0   0   0
    OTE WFRTS  75 WFRTS 797 WFRTS 663 WFRTS 893  0  ATS    2  ATS    2  ATS    1         0 
  0  956    0   0    0   0    0   0    0   0    0  0   0   0   0  0   0   0   0  0   0   0   0  0   0   0
    OTE WFRTS  75 WFRTS 797 WFRTS 663 WFRTS 893  0  ATS    2  ATS    2  ATS    1         0 
  0  956    0   0    0   0    0   0    0   0    0  0   0   0   0  0   0   0   0  0   0   0   0  0   0   0
    OTE WFRTS  75 WFRTS 797 WFRTS 663 WFRTS 893  0  ATS    2  ATS    2  ATS    1  ATS    3 
  0  956    0   0    0   0    0   0    0   0    0  0   0   0   0  0   0   0   0  0   0   0   0  0   0   0
    OTE WFRTS  75 WFRTS 797 WFRTS 663 WFRTS 893  0  ATS    2  ATS    2  ATS    1  ATS    3 
  0  956    0   0    0   0    0   0    0   0    0  0   0   0   0  0   0   0   0  0   0   0   0  0   0   0
    OTE  ATH  75 WFRTS 797 WFRTS 663 WFRTS 893  0  ATS    2  ATS    2  ATS    1  ATS    3 
  0  956    0   0    0   0    0   0    0   0    0  0   0   0   0  0   0   0   0  0   0   0   0  0   0   0
    OTE  ATH  75  ATH 797 WFRTS 663 WFRTS 893  0  ATS    2  ATS    2  ATS    1  ATS    3 
  0  956    0   0    0   0    0   0    0   0    0  0   0   0   0  0   0   0   0  0   0   0   0  0   0   0
    OTE  ATH  75  ATH 797  ATH 663 WFRTS 893  0  ATS    2  ATS    2  ATS    1  ATS    3 
  0  956    0   0    0   0    0   0    0   0    0  0   0   0   0  0   0   0   0  0   0   0   0  0   0   0
    OTE  ATH  75  ATH 797  ATH 663  ATH 893  0  ATS    2  ATS    2  ATS    1  ATS    3 
  0  956    0   0    0   0    0   0    0   0    0  0   0   0   0  0   0   0   0  0   0   0   0  0   0   0
    ANR  ATH  75  ATH 797  ATH 663  ATH 893  0  ATS    2  ATS    2  ATS    1  ATS    3 
  0  956    0   0    0   0    0   0    0   0    0  0   0   0   0  0   0   0   0  0   0   0   0  0   0   0
    WFB  ATH  75  ATH 797  ATH 663  ATH 893  0  ATS    2  ATS    2  ATS    1  ATS    3 
  0  956    0   0    0   0    0   0    0   0    0  0   0   0   0  0   0   0   0  0   0   0   0  0   0   0
    WFB  ATH  75  ATH 797  ATH 663  ATH 893  0  ATS    2  ATS    2  ATS    1  ATS    3 
  0  956    0   0    0   0    0   0    0   0    0  0   0   0   0  0   0   0   0  0   0   0   0  0   0   0
    WFB  ATH  75  ATH 797  ATH 663  ATH 893  0  ATS    2  ATS    2  ATS    1  ATP    3 
  0  956    0   0    0   0    0   0    0   0    0  0   0   0   0  0   0   0   0  0   0   0   0  0   0   0
    WFB  ATH  75  ATH 797  ATH 663  ATH 893  0  ATS    2  ATS    2  ATP    1  ATP    3 
  0  956    0   0    0   0    0   0    0   0    0  0   0   0   0  0   0   0   0  0   0   0   0  0   0   0
    WFB  ATH  75  ATH 797  ATH 663  ATH 893  0  ATS    2  ATP    2 ATSL    1  ATP    3 
  0  956    0   0    0   0    0   0    0   0    0  0   0   0   0  0   0   0   0  0   0   0   0  0   0   0
    WFB  ATH  75  ATH 797  ATH 663  ATH 893  0  ATS    2 ATSL    2 ATSL    1  ATP    3 
  0  956    0   0    0   0    0   0    0   0    0  0   0   0   0  0   0   0   0  0   0   0   0  0   0   0
    WFB  ATH  75  ATH 797  ATH 663  ATH 893  0  ATP    2 ATSL    2 ATSL    1  ATP    3 
  0  956    0   0    0   0    0   0    0   0    0  0   0   0   0  0   0   0   0  0   0   0   0  0   0   0
    WFB  ATH  75  ATH 797  ATH 663  ATH 893  0 ATSL    2 ATSL    2 ATSL    1  ATP    3 
  0  956    0   0    0   0    0   0    0   0    0  0   0   0   0  0   0   0   0  0   0   0   0  0   0   0
    WFB  ATH  75  ATH 797  ATH 663  ATH 893  0 ATSL    2 ATSL    2 ATSL    1  ATP    3 
  0  956    0   0    0   0    0   0    0   0    0  0   0   0   0  0   0   0   0  0   0   0   0  0   0   0
    WFB  ATH  75  ATH 797   PB 663  ATH 893  0 ATSL    2 ATSL    2 ATSL    1  ATP    3 
  0  956    0   0    0   0    0   0    0   0    0  0   0   0   0  0   0   0   0  0   0   0   0  0   0   0
    WFB  ATH  75  ATH 797   PB 663  ATH 893  0 ATSL    2 ATSL    2 ATSL    1 ATSL    3 
  0  956    0   0    0   0    0   0    0   0    0  0   0   0   0  0   0   0   0  0   0   0   0  0   0   0
    WFB  ATH  75  ATH 797   WR 663  ATH 893  0 ATSL    2 ATSL    2 ATSL    1 ATSL    3 
  0  956    0   0    0   0    2 248    0   0    0  0   0   0   0  0   0   0   0  0   0   0   0  0   0   0
    WFB  ATH  75   PB 797   WR 663  ATH 893  0 ATSL    2 ATSL    2 ATSL    1 ATSL    3 
  0  956    0   0    0   0    2 248    0   0    0  0   0   0   0  0   0   0   0  0   0   0   0  0   0   0
    WFB  ATH  75   WR 797   WR 663  ATH 893  0 ATSL    2 ATSL    2 ATSL    1 ATSL    3 
  0  956    0   0    0 298    2 248    0   0    0  0   0   0   0  0   0   0   0  0   0   0   0  0   0   0
    WFB  ATH  75   WR 797   WR 663   PB 893  0 ATSL    2 ATSL    2 ATSL    1 ATSL    3 
  0  956    0   0    0 298    2 248    0   0    0  0   0   0   0  0   0   0   0  0   0   0   0  0   0   0
    WFB  ATH  75   WR 797   WR 663   WR 893  0 ATSL    2 ATSL    2 ATSL    1 ATSL    3 
  0  956    0   0    0 298    2 248    2 334    0  0   0   0   0  0   0   0   0  0   0   0   0  0   0   0
    WFB   PB  75   WR 797   WR 663   WR 893  0 ATSL    2 ATSL    2 ATSL    1 ATSL    3 
  0  956    0   0    0 298    2 248    2 334    0  0   0   0   0  0   0   0   0  0   0   0   0  0   0   0
    WFB   WR  75   WR 797   WR 663   WR 893  0 ATSL    2 ATSL    2 ATSL    1 ATSL    3 
  0  956    1  18    0 298    2 248    2 334    0  0   0   0   0  0   0   0   0  0   0   0   0  0   0   0
    STR   WR  75   WR 797   WR 663   WR 893  0 ATSL    2 ATSL    2 ATSL    1 ATSL    3 
  0  956    1  18    0 298    2 248    2 334    0  0   0   0   0  0   0   0   0  0   0   0   0  0   0   0
