AFTERNOON AT THE RACE TRACK - Description of the internal state of the problem
MAN/BRK           SPECTATOR/BETTER              HORSE/JOCKEY PAIR at Race RN
  Stat  St0  Am0 St1  Am1 St2  Am2 St3  Am3 RN St0  Len0 St1  Len1 St2  Len2 St3  Len3 
                                        Race RN Status
 RN Dist BS0  BA0 BS1  BA1 BS2  BA2 BS3  BA3  Od0 N0 Ps0 SD0 Od1 N1 Ps1 SD1 Od2 N2 Ps2 SD2 Od3 N3 Ps3 SD3 
    OTE WFRTS  15        0        0        0  0         0         0         0         0 
  0 1125    0   0    0   0    0   0    0   0    0  0   0   0   0  0   0   0   0  0   0   0   0  0   0   0
    OTE WFRTS  15        0        0        0  0         0         0         0         0 
  0 1125    0   0    0   0    0   0    0   0    0  0   0   0   0  0   0   0   0  0   0   0   0  0   0   0
    OTE WFRTS  15 WFRTS  90        0        0  0         0         0         0         0 
  0 1125    0   0    0   0    0   0    0   0    0  0   0   0   0  0   0   0   0  0   0   0   0  0   0   0
    OTE WFRTS  15 WFRTS  90        0        0  0         0         0         0         0 
  0 1125    0   0    0   0    0   0    0   0    0  0   0   0   0  0   0   0   0  0   0   0   0  0   0   0
    OTE WFRTS  15 WFRTS  90 WFRTS 473        0  0         0         0         0         0 
  0 1125    0   0    0   0    0   0    0   0    0  0   0   0   0  0   0   0   0  0   0   0   0  0   0   0
    OTE WFRTS  15 WFRTS  90 WFRTS 473        0  0         0         0         0         0 
  0 1125    0   0    0   0    0   0    0   0    0  0   0   0   0  0   0   0   0  0   0   0   0  0   0   0
    OTE WFRTS  15 WFRTS  90 WFRTS 473 WFRTS 605  0         0         0         0         0 
  0 1125    0   0    0   0    0   0    0   0    0  0   0   0   0  0   0   0   0  0   0   0   0  0   0   0
    OTE WFRTS  15 WFRTS  90 WFRTS 473 WFRTS 605  0         0         0         0         0 
  0 1125    0   0    0   0    0   0    0   0    0  0   0   0   0  0   0   0   0  0   0   0   0  0   0   0
    OTE WFRTS  15 WFRTS  90 WFRTS 473 WFRTS 605  0  ATS    0         0         0         0 
  0 1125    0   0    0   0    0   0    0   0    0  0   0   0   0  0   0   0   0  0   0   0   0  0   0   0
    OTE WFRTS  15 WFRTS  90 WFRTS 473 WFRTS 605  0  ATS    0         0         0         0 
  0 1125    0   0    0   0    0   0    0   0    0  0   0   0   0  0   0   0   0  0   0   0   0  0   0   0
    OTE WFRTS  15 WFRTS  90 WFRTS 473 WFRTS 605  0  ATS    0  ATS    0         0         0 
  0 1125    0   0    0   0    0   0    0   0    0  0   0   0   0  0   0   0   0  0   0   0   0  0   0   0
    OTE WFRTS  15 WFRTS  90 WFRTS 473 WFRTS 605  0  ATS    0  ATS    0         0         0 
  0 1125    0   0    0   0    0   0    0   0    0  0   0   0   0  0   0   0   0  0   0   0   0  0   0   0
    OTE WFRTS  15 WFRTS  90 WFRTS 473 WFRTS 605  0  ATS    0  ATS    0  ATS    1         0 
  0 1125    0   0    0   0    0   0    0   0    0  0   0   0   0  0   0   0   0  0   0   0   0  0   0   0
    OTE WFRTS  15 WFRTS  90 WFRTS 473 WFRTS 605  0  ATS    0  ATS    0  ATS    1  ATS    0 
  0 1125    0   0    0   0    0   0    0   0    0  0   0   0   0  0   0   0   0  0   0   0   0  0   0   0
    OTE WFRTS  15 WFRTS  90 WFRTS 473 WFRTS 605  0  ATS    0  ATS    0  ATS    1  ATS    3 
  0 1125    0   0    0   0    0   0    0   0    0  0   0   0   0  0   0   0   0  0   0   0   0  0   0   0
    OTE  ATH  15 WFRTS  90 WFRTS 473 WFRTS 605  0  ATS    0  ATS    0  ATS    1  ATS    3 
  0 1125    0   0    0   0    0   0    0   0    0  0   0   0   0  0   0   0   0  0   0   0   0  0   0   0
    OTE  ATH  15  ATH  90 WFRTS 473 WFRTS 605  0  ATS    0  ATS    0  ATS    1  ATS    3 
  0 1125    0   0    0   0    0   0    0   0    0  0   0   0   0  0   0   0   0  0   0   0   0  0   0   0
    OTE  ATH  15  ATH  90 WFRTS 473  ATH 605  0  ATS    0  ATS    0  ATS    1  ATS    3 
  0 1125    0   0    0   0    0   0    0   0    0  0   0   0   0  0   0   0   0  0   0   0   0  0   0   0
    OTE  ATH  15  ATH  90  ATH 473  ATH 605  0  ATS    0  ATS    0  ATS    1  ATS    3 
  0 1125    0   0    0   0    0   0    0   0    0  0   0   0   0  0   0   0   0  0   0   0   0  0   0   0
    OTE  ATH  15  ATH  90  ATH 473  ATH 605  0  ATP    0  ATS    0  ATS    1  ATS    3 
  0 1125    0   0    0   0    0   0    0   0    0  0   0   0   0  0   0   0   0  0   0   0   0  0   0   0
    OTE  ATH  15  ATH  90  ATH 473  ATH 605  0 ATSL    0  ATS    0  ATS    1  ATS    3 
  0 1125    0   0    0   0    0   0    0   0    0  0   0   0   0  0   0   0   0  0   0   0   0  0   0   0
    OTE  ATH  15  ATH  90  ATH 473  ATH 605  0 ATSL    0  ATS    0  ATS    1  ATS    3 
  0 1125    0   0    0   0    0   0    0   0    0  0   0   0   0  0   0   0   0  0   0   0   0  0   0   0
    OTE  ATH  15  ATH  90  ATH 473  ATH 605  0 ATSL    0  ATS    0  ATS    1  ATP    3 
  0 1125    0   0    0   0    0   0    0   0    0  0   0   0   0  0   0   0   0  0   0   0   0  0   0   0
    OTE  ATH  15  ATH  90  ATH 473  ATH 605  0 ATSL    0  ATS    0  ATP    1 ATSL    3 
  0 1125    0   0    0   0    0   0    0   0    0  0   0   0   0  0   0   0   0  0   0   0   0  0   0   0
    OTE  ATH  15  ATH  90  ATH 473  ATH 605  0 ATSL    0  ATS    0  ATP    1 ATSL    3 
  0 1125    0   0    0   0    0   0    0   0    0  0   0   0   0  0   0   0   0  0   0   0   0  0   0   0
    OTE  ATH  15  ATH  90  ATH 473  ATH 605  0 ATSL    0  ATP    0 ATSL    1 ATSL    3 
  0 1125    0   0    0   0    0   0    0   0    0  0   0   0   0  0   0   0   0  0   0   0   0  0   0   0
    OTE  ATH  15  ATH  90  ATH 473  ATH 605  0 ATSL    0  ATP    0 ATSL    1 ATSL    3 
  0 1125    0   0    0   0    0   0    0   0    0  0   0   0   0  0   0   0   0  0   0   0   0  0   0   0
    OTE  ATH  15  ATH  90  ATH 473  ATH 605  0 ATSL    0 ATSL    0 ATSL    1 ATSL    3 
  0 1125    0   0    0   0    0   0    0   0    0  0   0   0   0  0   0   0   0  0   0   0   0  0   0   0
    OTE   PB  15  ATH  90  ATH 473  ATH 605  0 ATSL    0 ATSL    0 ATSL    1 ATSL    3 
  0 1125    0   0    0   0    0   0    0   0    0  0   0   0   0  0   0   0   0  0   0   0   0  0   0   0
    OTE   PB  15  ATH  90  ATH 473   PB 605  0 ATSL    0 ATSL    0 ATSL    1 ATSL    3 
  0 1125    0   0    0   0    0   0    0   0    0  0   0   0   0  0   0   0   0  0   0   0   0  0   0   0
    OTE   PB  15   PB  90  ATH 473   PB 605  0 ATSL    0 ATSL    0 ATSL    1 ATSL    3 
  0 1125    0   0    0   0    0   0    0   0    0  0   0   0   0  0   0   0   0  0   0   0   0  0   0   0
    OTE   PB  15   PB  90   PB 473   PB 605  0 ATSL    0 ATSL    0 ATSL    1 ATSL    3 
  0 1125    0   0    0   0    0   0    0   0    0  0   0   0   0  0   0   0   0  0   0   0   0  0   0   0
    ANR   PB  15   PB  90   PB 473   PB 605  0 ATSL    0 ATSL    0 ATSL    1 ATSL    3 
  0 1125    0   0    0   0    0   0    0   0    0  0   0   0   0  0   0   0   0  0   0   0   0  0   0   0
    WFB   PB  15   PB  90   PB 473   PB 605  0 ATSL    0 ATSL    0 ATSL    1 ATSL    3 
  0 1125    0   0    0   0    0   0    0   0    0  0   0   0   0  0   0   0   0  0   0   0   0  0   0   0
    WFB   WR  15   PB  90   PB 473   PB 605  0 ATSL    0 ATSL    0 ATSL    1 ATSL    3 
  0 1125    3   0    0   0    0   0    0   0    0  0   0   0   0  0   0   0   0  0   0   0   0  0   0   0
    WFB   WR  15   PB  90   PB 473   PB 605  0 ATSL    0 ATSL    0 ATSL    1 ATSL    3 
  0 1125    3   0    0   0    0   0    0   0    0  0   0   0   0  0   0   0   0  0   0   0   0  0   0   0
    WFB   WR  15   PB  90   PB 473   WR 605  0 ATSL    0 ATSL    0 ATSL    1 ATSL    3 
  0 1125    3   0    0   0    0   0    3 151    0  0   0   0   0  0   0   0   0  0   0   0   0  0   0   0
    WFB   WR  15   WR  90   PB 473   WR 605  0 ATSL    0 ATSL    0 ATSL    1 ATSL    3 
  0 1125    3   0    3  33    0   0    3 151    0  0   0   0   0  0   0   0   0  0   0   0   0  0   0   0
    WFB   WR  15   WR  90   WR 473   WR 605  0 ATSL    0 ATSL    0 ATSL    1 ATSL    3 
  0 1125    3   0    3  33    0 118    3 151    0  0   0   0   0  0   0   0   0  0   0   0   0  0   0   0
    STR   WR  15   WR  90   WR 473   WR 605  0 ATSL    0 ATSL    0 ATSL    1 ATSL    3 
  0 1125    3   0    3  33    0 118    3 151    0  0   0   0   0  0   0   0   0  0   0   0   0  0   0   0
