AFTERNOON AT THE RACE TRACK - Description of the internal state of the problem
MAN/BRK           SPECTATOR/BETTER              HORSE/JOCKEY PAIR at Race RN
  Stat  St0  Am0 St1  Am1 St2  Am2 St3  Am3 RN St0  Len0 St1  Len1 St2  Len2 St3  Len3 
                                        Race RN Status
 RN Dist BS0  BA0 BS1  BA1 BS2  BA2 BS3  BA3  Od0 N0 Ps0 SD0 Od1 N1 Ps1 SD1 Od2 N2 Ps2 SD2 Od3 N3 Ps3 SD3 
    OTE WFRTS 722        0        0        0  0         0         0         0         0 
  0    0    0   0    0   0    0   0    0   0    0  0   0   0   0  0   0   0   0  0   0   0   0  0   0   0
    OTE WFRTS 722 WFRTS 714        0        0  0         0         0         0         0 
  0    0    0   0    0   0    0   0    0   0    0  0   0   0   0  0   0   0   0  0   0   0   0  0   0   0
    OTE WFRTS 722 WFRTS 714 WFRTS 760        0  0         0         0         0         0 
  0    0    0   0    0   0    0   0    0   0    0  0   0   0   0  0   0   0   0  0   0   0   0  0   0   0
    OTE WFRTS 722 WFRTS 714 WFRTS 760 WFRTS 927  0         0         0         0         0 
  0    0    0   0    0   0    0   0    0   0    0  0   0   0   0  0   0   0   0  0   0   0   0  0   0   0
    OTE WFRTS 722 WFRTS 714 WFRTS 760 WFRTS 927  0  ATS    3         0         0         0 
  0    0    0   0    0   0    0   0    0   0    0  0   0   0   0  0   0   0   0  0   0   0   0  0   0   0
    OTE WFRTS 722 WFRTS 714 WFRTS 760 WFRTS 927  0  ATS    3  ATS    1         0         0 
  0    0    0   0    0   0    0   0    0   0    0  0   0   0   0  0   0   0   0  0   0   0   0  0   0   0
    OTE WFRTS 722 WFRTS 714 WFRTS 760 WFRTS 927  0  ATS    3  ATS    1         0         0 
  0    0    0   0    0   0    0   0    0   0    0  0   0   0   0  0   0   0   0  0   0   0   0  0   0   0
    OTE WFRTS 722 WFRTS 714 WFRTS 760 WFRTS 927  0  ATS    3  ATS    1         0         0 
  0    0    0   0    0   0    0   0    0   0    0  0   0   0   0  0   0   0   0  0   0   0   0  0   0   0
    OTE WFRTS 722 WFRTS 714 WFRTS 760 WFRTS 927  0  ATS    3  ATS    1  ATS    0         0 
  0    0    0   0    0   0    0   0    0   0    0  0   0   0   0  0   0   0   0  0   0   0   0  0   0   0
    OTE WFRTS 722 WFRTS 714 WFRTS 760 WFRTS 927  0  ATS    3  ATS    1  ATS    0  ATS    4 
  0    0    0   0    0   0    0   0    0   0    0  0   0   0   0  0   0   0   0  0   0   0   0  0   0   0
    OTE WFRTS 722 WFRTS 714 WFRTS 760 WFRTS 927  0  ATS    3  ATS    1  ATS    0  ATS    4 
  0    0    0   0    0   0    0   0    0   0    0  0   0   0   0  0   0   0   0  0   0   0   0  0   0   0
    OTE WFRTS 722 WFRTS 714 WFRTS 760 WFRTS 927  0  ATS    3  ATS    1  ATS    0  ATS    4 
  0    0    0   0    0   0    0   0    0   0    0  0   0   0   0  0   0   0   0  0   0   0   0  0   0   0
    OTE WFRTS 722 WFRTS 714 WFRTS 760 WFRTS 927  0  ATS    3  ATS    1  ATS    0  ATS    4 
  0    0    0   0    0   0    0   0    0   0    0  0   0   0   0  0   0   0   0  0   0   0   0  0   0   0
    OTE WFRTS 722 WFRTS 714 WFRTS 760 WFRTS 927  0  ATS    3  ATS    1  ATS    0  ATS    4 
  0    0    0   0    0   0    0   0    0   0    0  0   0   0   0  0   0   0   0  0   0   0   0  0   0   0
    OTE  ATH 722 WFRTS 714 WFRTS 760 WFRTS 927  0  ATS    3  ATS    1  ATS    0  ATS    4 
  0    0    0   0    0   0    0   0    0   0    0  0   0   0   0  0   0   0   0  0   0   0   0  0   0   0
    OTE  ATH 722 WFRTS 714 WFRTS 760 WFRTS 927  0  ATS    3  ATS    1  ATS    0  ATS    4 
  0    0    0   0    0   0    0   0    0   0    0  0   0   0   0  0   0   0   0  0   0   0   0  0   0   0
    OTE  ATH 722 WFRTS 714 WFRTS 760  ATH 927  0  ATS    3  ATS    1  ATS    0  ATS    4 
  0    0    0   0    0   0    0   0    0   0    0  0   0   0   0  0   0   0   0  0   0   0   0  0   0   0
    OTE  ATH 722 WFRTS 714 WFRTS 760  ATH 927  0  ATS    3  ATS    1  ATS    0  ATS    4 
  0    0    0   0    0   0    0   0    0   0    0  0   0   0   0  0   0   0   0  0   0   0   0  0   0   0
    OTE  ATH 722 WFRTS 714  ATH 760  ATH 927  0  ATS    3  ATS    1  ATS    0  ATS    4 
  0    0    0   0    0   0    0   0    0   0    0  0   0   0   0  0   0   0   0  0   0   0   0  0   0   0
    OTE  ATH 722 WFRTS 714  ATH 760  ATH 927  0  ATS    3  ATS    1  ATS    0  ATS    4 
  0    0    0   0    0   0    0   0    0   0    0  0   0   0   0  0   0   0   0  0   0   0   0  0   0   0
    ANR  ATH 722  ATH 714  ATH 760  ATH 927  0  ATS    3  ATS    1  ATS    0  ATS    4 
  0    0    0   0    0   0    0   0    0   0    0  0   0   0   0  0   0   0   0  0   0   0   0  0   0   0
    ANR  ATH 722  ATH 714  ATH 760  ATH 927  0  ATS    3  ATS    1  ATS    0  ATS    4 
  0    0    0   0    0   0    0   0    0   0    0  0   0   0   0  0   0   0   0  0   0   0   0  0   0   0
    WFB  ATH 722  ATH 714  ATH 760  ATH 927  0  ATP    3  ATS    1  ATS    0  ATS    4 
  0    0    0   0    0   0    0   0    0   0    0  0   0   0   0  0   0   0   0  0   0   0   0  0   0   0
    WFB  ATH 722  ATH 714  ATH 760  ATH 927  0  ATP    3  ATS    1  ATS    0  ATS    4 
  0    0    0   0    0   0    0   0    0   0    0  0   0   0   0  0   0   0   0  0   0   0   0  0   0   0
    WFB  ATH 722  ATH 714  ATH 760  ATH 927  0  ATP    3  ATS    1  ATS    0  ATP    4 
  0    0    0   0    0   0    0   0    0   0    0  0   0   0   0  0   0   0   0  0   0   0   0  0   0   0
    WFB  ATH 722  ATH 714  ATH 760  ATH 927  0  ATP    3  ATS    1  ATP    0  ATP    4 
  0    0    0   0    0   0    0   0    0   0    0  0   0   0   0  0   0   0   0  0   0   0   0  0   0   0
    WFB  ATH 722  ATH 714  ATH 760  ATH 927  0  ATP    3  ATP    1  ATP    0  ATP    4 
  0    0    0   0    0   0    0   0    0   0    0  0   0   0   0  0   0   0   0  0   0   0   0  0   0   0
    WFB  ATH 722  ATH 714  ATH 760   PB 927  0  ATP    3  ATP    1  ATP    0  ATP    4 
  0    0    0   0    0   0    0   0    0   0    0  0   0   0   0  0   0   0   0  0   0   0   0  0   0   0
    WFB  ATH 722   PB 714  ATH 760   PB 927  0  ATP    3  ATP    1  ATP    0  ATP    4 
  0    0    0   0    0   0    0   0    3 347    0  0   0   0   0  0   0   0   0  0   0   0   0  0   0   0
    WFB   PB 722   PB 714  ATH 760   PB 927  0  ATP    3  ATP    1  ATP    0  ATP    4 
  0    0    0   0    1  44    0   0    3 347    0  0   0   0   0  0   0   0   0  0   0   0   0  0   0   0
    WFB   PB 722   PB 714   PB 760   PB 927  0  ATP    3  ATP    1  ATP    0  ATP    4 
  0    0    0   0    1  44    0   0    3 347    0  0   0   0   0  0   0   0   0  0   0   0   0  0   0   0
    WFB   PB 722   PB 714   PB 760   PB 927  0 ATSL    3  ATP    1  ATP    0  ATP    4 
  0    0    2  45    1  44    0  47    3 347    0  0   0   0   0  0   0   0   0  0   0   0   0  0   0   0
    WFB   PB 722   PB 714   PB 760   PB 927  0 ATSL    3 ATSL    1  ATP    0  ATP    4 
  0    0    2  45    1  44    0  47    3 347    0  0   0   0   0  0   0   0   0  0   0   0   0  0   0   0
    WFB   PB 722   PB 714   PB 760   PB 927  0 ATSL    3 ATSL    1 ATSL    0  ATP    4 
  0    0    2  45    1  44    0  47    3 347    0  0   0   0   0  0   0   0   0  0   0   0   0  0   0   0
    WFB   PB 722   PB 714   PB 760   PB 927  0 ATSL    3 ATSL    1 ATSL    0 ATSL    4 
  0    0    2  45    1  44    0  47    3 347    0  0   0   0   0  0   0   0   0  0   0   0   0  0   0   0
