AFTERNOON AT THE RACE TRACK - Description of the internal state of the problem
MAN/BRK           SPECTATOR/BETTER              HORSE/JOCKEY PAIR at Race RN
  Stat  St0  Am0 St1  Am1 St2  Am2 St3  Am3 RN St0  Len0 St1  Len1 St2  Len2 St3  Len3 
                                        Race RN Status
 RN Dist BS0  BA0 BS1  BA1 BS2  BA2 BS3  BA3  Od0 N0 Ps0 SD0 Od1 N1 Ps1 SD1 Od2 N2 Ps2 SD2 Od3 N3 Ps3 SD3 
    OTE WFRTS  24        0        0        0  0         0         0         0         0 
  0 1453    0   0    0   0    0   0    0   0    0  0   0   0   0  0   0   0   0  0   0   0   0  0   0   0
    OTE WFRTS  24        0        0        0  0         0         0         0         0 
  0 1453    0   0    0   0    0   0    0   0    0  0   0   0   0  0   0   0   0  0   0   0   0  0   0   0
    OTE WFRTS  24 WFRTS 638        0        0  0         0         0         0         0 
  0 1453    0   0    0   0    0   0    0   0    0  0   0   0   0  0   0   0   0  0   0   0   0  0   0   0
    OTE WFRTS  24 WFRTS 638        0        0  0         0         0         0         0 
  0 1453    0   0    0   0    0   0    0   0    0  0   0   0   0  0   0   0   0  0   0   0   0  0   0   0
    OTE WFRTS  24 WFRTS 638 WFRTS 824        0  0         0         0         0         0 
  0 1453    0   0    0   0    0   0    0   0    0  0   0   0   0  0   0   0   0  0   0   0   0  0   0   0
    OTE WFRTS  24 WFRTS 638 WFRTS 824        0  0         0         0         0         0 
  0 1453    0   0    0   0    0   0    0   0    0  0   0   0   0  0   0   0   0  0   0   0   0  0   0   0
    OTE WFRTS  24 WFRTS 638 WFRTS 824 WFRTS 267  0         0         0         0         0 
  0 1453    0   0    0   0    0   0    0   0    0  0   0   0   0  0   0   0   0  0   0   0   0  0   0   0
    OTE WFRTS  24 WFRTS 638 WFRTS 824 WFRTS 267  0         0         0         0         0 
  0 1453    0   0    0   0    0   0    0   0    0  0   0   0   0  0   0   0   0  0   0   0   0  0   0   0
    OTE WFRTS  24 WFRTS 638 WFRTS 824 WFRTS 267  0  ATS    2         0         0         0 
  0 1453    0   0    0   0    0   0    0   0    0  0   0   0   0  0   0   0   0  0   0   0   0  0   0   0
    OTE WFRTS  24 WFRTS 638 WFRTS 824 WFRTS 267  0  ATS    2         0         0         0 
  0 1453    0   0    0   0    0   0    0   0    0  0   0   0   0  0   0   0   0  0   0   0   0  0   0   0
    OTE WFRTS  24 WFRTS 638 WFRTS 824 WFRTS 267  0  ATS    2  ATS    2         0         0 
  0 1453    0   0    0   0    0   0    0   0    0  0   0   0   0  0   0   0   0  0   0   0   0  0   0   0
    OTE WFRTS  24 WFRTS 638 WFRTS 824 WFRTS 267  0  ATS    2  ATS    2  ATS    0         0 
  0 1453    0   0    0   0    0   0    0   0    0  0   0   0   0  0   0   0   0  0   0   0   0  0   0   0
    OTE WFRTS  24 WFRTS 638 WFRTS 824 WFRTS 267  0  ATS    2  ATS    2  ATS    0         0 
  0 1453    0   0    0   0    0   0    0   0    0  0   0   0   0  0   0   0   0  0   0   0   0  0   0   0
    OTE WFRTS  24 WFRTS 638 WFRTS 824 WFRTS 267  0  ATS    2  ATS    2  ATS    0  ATS    0 
  0 1453    0   0    0   0    0   0    0   0    0  0   0   0   0  0   0   0   0  0   0   0   0  0   0   0
    OTE WFRTS  24 WFRTS 638 WFRTS 824 WFRTS 267  0  ATS    2  ATS    2  ATS    0  ATS    0 
  0 1453    0   0    0   0    0   0    0   0    0  0   0   0   0  0   0   0   0  0   0   0   0  0   0   0
    OTE WFRTS  24 WFRTS 638 WFRTS 824 WFRTS 267  0  ATS    2  ATS    2  ATS    0  ATS    0 
  0 1453    0   0    0   0    0   0    0   0    0  0   0   0   0  0   0   0   0  0   0   0   0  0   0   0
    ANR  ATH  24 WFRTS 638 WFRTS 824 WFRTS 267  0  ATS    2  ATS    2  ATS    0  ATS    0 
  0 1453    0   0    0   0    0   0    0   0    0  0   0   0   0  0   0   0   0  0   0   0   0  0   0   0
    ANR  ATH  24 WFRTS 638 WFRTS 824 WFRTS 267  0  ATS    2  ATS    2  ATS    0  ATS    0 
  0 1453    0   0    0   0    0   0    0   0    0  0   0   0   0  0   0   0   0  0   0   0   0  0   0   0
    ANR  ATH  24 WFRTS 638 WFRTS 824 WFRTS 267  0  ATS    2  ATS    2  ATS    0  ATS    0 
  0 1453    0   0    0   0    0   0    0   0    0  0   0   0   0  0   0   0   0  0   0   0   0  0   0   0
    ANR  ATH  24  ATH 638 WFRTS 824 WFRTS 267  0  ATS    2  ATS    2  ATS    0  ATS    0 
  0 1453    0   0    0   0    0   0    0   0    0  0   0   0   0  0   0   0   0  0   0   0   0  0   0   0
    ANR  ATH  24  ATH 638 WFRTS 824  ATH 267  0  ATS    2  ATS    2  ATS    0  ATS    0 
  0 1453    0   0    0   0    0   0    0   0    0  0   0   0   0  0   0   0   0  0   0   0   0  0   0   0
    WFB  ATH  24  ATH 638  ATH 824  ATH 267  0  ATS    2  ATS    2  ATS    0  ATS    0 
  0 1453    0   0    0   0    0   0    0   0    0  0   0   0   0  0   0   0   0  0   0   0   0  0   0   0
    WFB  ATH  24  ATH 638  ATH 824  ATH 267  0  ATS    2  ATS    2  ATS    0  ATS    0 
  0 1453    0   0    0   0    0   0    0   0    0  0   0   0   0  0   0   0   0  0   0   0   0  0   0   0
    WFB  ATH  24  ATH 638  ATH 824  ATH 267  0  ATP    2  ATS    2  ATS    0  ATS    0 
  0 1453    0   0    0   0    0   0    0   0    0  0   0   0   0  0   0   0   0  0   0   0   0  0   0   0
    WFB  ATH  24  ATH 638  ATH 824  ATH 267  0 ATSL    2  ATS    2  ATS    0  ATP    0 
  0 1453    0   0    0   0    0   0    0   0    0  0   0   0   0  0   0   0   0  0   0   0   0  0   0   0
    WFB  ATH  24  ATH 638  ATH 824  ATH 267  0 ATSL    2  ATS    2  ATS    0  ATP    0 
  0 1453    0   0    0   0    0   0    0   0    0  0   0   0   0  0   0   0   0  0   0   0   0  0   0   0
    WFB  ATH  24  ATH 638  ATH 824  ATH 267  0 ATSL    2  ATS    2  ATP    0 ATSL    0 
  0 1453    0   0    0   0    0   0    0   0    0  0   0   0   0  0   0   0   0  0   0   0   0  0   0   0
    WFB  ATH  24  ATH 638  ATH 824  ATH 267  0 ATSL    2  ATS    2  ATP    0 ATSL    0 
  0 1453    0   0    0   0    0   0    0   0    0  0   0   0   0  0   0   0   0  0   0   0   0  0   0   0
    WFB  ATH  24  ATH 638  ATH 824  ATH 267  0 ATSL    2  ATP    2 ATSL    0 ATSL    0 
  0 1453    0   0    0   0    0   0    0   0    0  0   0   0   0  0   0   0   0  0   0   0   0  0   0   0
    WFB  ATH  24  ATH 638  ATH 824  ATH 267  0 ATSL    2  ATP    2 ATSL    0 ATSL    0 
  0 1453    0   0    0   0    0   0    0   0    0  0   0   0   0  0   0   0   0  0   0   0   0  0   0   0
    WFB  ATH  24  ATH 638  ATH 824  ATH 267  0 ATSL    2 ATSL    2 ATSL    0 ATSL    0 
  0 1453    0   0    0   0    0   0    0   0    0  0   0   0   0  0   0   0   0  0   0   0   0  0   0   0
    WFB  ATH  24   PB 638  ATH 824  ATH 267  0 ATSL    2 ATSL    2 ATSL    0 ATSL    0 
  0 1453    0   0    0   0    0   0    0   0    0  0   0   0   0  0   0   0   0  0   0   0   0  0   0   0
    WFB  ATH  24   WR 638  ATH 824  ATH 267  0 ATSL    2 ATSL    2 ATSL    0 ATSL    0 
  0 1453    0   0    0 239    0   0    0   0    0  0   0   0   0  0   0   0   0  0   0   0   0  0   0   0
    WFB   PB  24   WR 638  ATH 824  ATH 267  0 ATSL    2 ATSL    2 ATSL    0 ATSL    0 
  0 1453    0   0    0 239    0   0    0   0    0  0   0   0   0  0   0   0   0  0   0   0   0  0   0   0
    WFB   WR  24   WR 638   PB 824  ATH 267  0 ATSL    2 ATSL    2 ATSL    0 ATSL    0 
  0 1453    2   6    0 239    0   0    0   0    0  0   0   0   0  0   0   0   0  0   0   0   0  0   0   0
    WFB   WR  24   WR 638   PB 824  ATH 267  0 ATSL    2 ATSL    2 ATSL    0 ATSL    0 
  0 1453    2   6    0 239    0   0    0   0    0  0   0   0   0  0   0   0   0  0   0   0   0  0   0   0
    WFB   WR  24   WR 638   PB 824   PB 267  0 ATSL    2 ATSL    2 ATSL    0 ATSL    0 
  0 1453    2   6    0 239    0   0    0   0    0  0   0   0   0  0   0   0   0  0   0   0   0  0   0   0
    WFB   WR  24   WR 638   WR 824   PB 267  0 ATSL    2 ATSL    2 ATSL    0 ATSL    0 
  0 1453    2   6    0 239    1 206    0  16    0  0   0   0   0  0   0   0   0  0   0   0   0  0   0   0
    WFB   WR  24   WR 638   WR 824   WR 267  0 ATSL    2 ATSL    2 ATSL    0 ATSL    0 
  0 1453    2   6    0 239    1 206    3  16    0  0   0   0   0  0   0   0   0  0   0   0   0  0   0   0
    STR   WR  24   WR 638   WR 824   WR 267  0 ATSL    2 ATSL    2 ATSL    0 ATSL    0 
  0 1453    2   6    0 239    1 206    3  16    0  0   0   0   0  0   0   0   0  0   0   0   0  0   0   0
