AFTERNOON AT THE RACE TRACK - Description of the internal state of the problem
MAN/BRK           SPECTATOR/BETTER              HORSE/JOCKEY PAIR at Race RN
  Stat  St0  Am0 St1  Am1 St2  Am2 St3  Am3 RN St0  Len0 St1  Len1 St2  Len2 St3  Len3 
                                        Race RN Status
 RN Dist BS0  BA0 BS1  BA1 BS2  BA2 BS3  BA3  Od0 N0 Ps0 SD0 Od1 N1 Ps1 SD1 Od2 N2 Ps2 SD2 Od3 N3 Ps3 SD3 
    OTE WFRTS  62        0        0        0  0         0         0         0         0 
  0  931    0   0    0   0    0   0    0   0    0  0   0   0   0  0   0   0   0  0   0   0   0  0   0   0
    OTE WFRTS  62        0        0        0  0         0         0         0         0 
  0  931    0   0    0   0    0   0    0   0    0  0   0   0   0  0   0   0   0  0   0   0   0  0   0   0
    OTE WFRTS  62 WFRTS 531        0        0  0         0         0         0         0 
  0  931    0   0    0   0    0   0    0   0    0  0   0   0   0  0   0   0   0  0   0   0   0  0   0   0
    OTE WFRTS  62 WFRTS 531        0        0  0         0         0         0         0 
  0  931    0   0    0   0    0   0    0   0    0  0   0   0   0  0   0   0   0  0   0   0   0  0   0   0
    OTE WFRTS  62 WFRTS 531 WFRTS 643        0  0         0         0         0         0 
  0  931    0   0    0   0    0   0    0   0    0  0   0   0   0  0   0   0   0  0   0   0   0  0   0   0
    OTE WFRTS  62 WFRTS 531 WFRTS 643        0  0         0         0         0         0 
  0  931    0   0    0   0    0   0    0   0    0  0   0   0   0  0   0   0   0  0   0   0   0  0   0   0
    OTE WFRTS  62 WFRTS 531 WFRTS 643 WFRTS 583  0         0         0         0         0 
  0  931    0   0    0   0    0   0    0   0    0  0   0   0   0  0   0   0   0  0   0   0   0  0   0   0
    OTE WFRTS  62 WFRTS 531 WFRTS 643 WFRTS 583  0         0         0         0         0 
  0  931    0   0    0   0    0   0    0   0    0  0   0   0   0  0   0   0   0  0   0   0   0  0   0   0
    OTE WFRTS  62 WFRTS 531 WFRTS 643 WFRTS 583  0  ATS    0         0         0         0 
  0  931    0   0    0   0    0   0    0   0    0  0   0   0   0  0   0   0   0  0   0   0   0  0   0   0
    OTE WFRTS  62 WFRTS 531 WFRTS 643 WFRTS 583  0  ATS    0  ATS    0         0         0 
  0  931    0   0    0   0    0   0    0   0    0  0   0   0   0  0   0   0   0  0   0   0   0  0   0   0
    OTE WFRTS  62 WFRTS 531 WFRTS 643 WFRTS 583  0  ATS    0  ATS    1         0         0 
  0  931    0   0    0   0    0   0    0   0    0  0   0   0   0  0   0   0   0  0   0   0   0  0   0   0
    OTE WFRTS  62 WFRTS 531 WFRTS 643 WFRTS 583  0  ATS    0  ATS    1         0         0 
  0  931    0   0    0   0    0   0    0   0    0  0   0   0   0  0   0   0   0  0   0   0   0  0   0   0
    OTE WFRTS  62 WFRTS 531 WFRTS 643 WFRTS 583  0  ATS    0  ATS    1  ATS    4         0 
  0  931    0   0    0   0    0   0    0   0    0  0   0   0   0  0   0   0   0  0   0   0   0  0   0   0
    OTE WFRTS  62 WFRTS 531 WFRTS 643 WFRTS 583  0  ATS    0  ATS    1  ATS    4  ATS    0 
  0  931    0   0    0   0    0   0    0   0    0  0   0   0   0  0   0   0   0  0   0   0   0  0   0   0
    OTE WFRTS  62 WFRTS 531 WFRTS 643 WFRTS 583  0  ATS    0  ATS    1  ATS    4  ATS    1 
  0  931    0   0    0   0    0   0    0   0    0  0   0   0   0  0   0   0   0  0   0   0   0  0   0   0
    OTE  ATH  62 WFRTS 531 WFRTS 643 WFRTS 583  0  ATS    0  ATS    1  ATS    4  ATS    1 
  0  931    0   0    0   0    0   0    0   0    0  0   0   0   0  0   0   0   0  0   0   0   0  0   0   0
    OTE  ATH  62  ATH 531 WFRTS 643 WFRTS 583  0  ATS    0  ATS    1  ATS    4  ATS    1 
  0  931    0   0    0   0    0   0    0   0    0  0   0   0   0  0   0   0   0  0   0   0   0  0   0   0
    OTE  ATH  62  ATH 531 WFRTS 643  ATH 583  0  ATS    0  ATS    1  ATS    4  ATS    1 
  0  931    0   0    0   0    0   0    0   0    0  0   0   0   0  0   0   0   0  0   0   0   0  0   0   0
    OTE  ATH  62  ATH 531  ATH 643  ATH 583  0  ATS    0  ATS    1  ATS    4  ATS    1 
  0  931    0   0    0   0    0   0    0   0    0  0   0   0   0  0   0   0   0  0   0   0   0  0   0   0
    OTE  ATH  62  ATH 531  ATH 643  ATH 583  0  ATS    0  ATS    1  ATS    4  ATS    1 
  0  931    0   0    0   0    0   0    0   0    0  0   0   0   0  0   0   0   0  0   0   0   0  0   0   0
    OTE  ATH  62  ATH 531  ATH 643  ATH 583  0  ATP    0  ATS    1  ATS    4  ATS    1 
  0  931    0   0    0   0    0   0    0   0    0  0   0   0   0  0   0   0   0  0   0   0   0  0   0   0
    ANR  ATH  62  ATH 531  ATH 643  ATH 583  0 ATSL    0  ATS    1  ATS    4  ATS    1 
  0  931    0   0    0   0    0   0    0   0    0  0   0   0   0  0   0   0   0  0   0   0   0  0   0   0
    WFB  ATH  62  ATH 531  ATH 643  ATH 583  0 ATSL    0  ATS    1  ATS    4  ATS    1 
  0  931    0   0    0   0    0   0    0   0    0  0   0   0   0  0   0   0   0  0   0   0   0  0   0   0
    WFB  ATH  62  ATH 531  ATH 643  ATH 583  0 ATSL    0  ATS    1  ATS    4  ATS    1 
  0  931    0   0    0   0    0   0    0   0    0  0   0   0   0  0   0   0   0  0   0   0   0  0   0   0
    WFB  ATH  62  ATH 531  ATH 643  ATH 583  0 ATSL    0  ATS    1  ATS    4  ATS    1 
  0  931    0   0    0   0    0   0    0   0    0  0   0   0   0  0   0   0   0  0   0   0   0  0   0   0
    WFB  ATH  62  ATH 531  ATH 643  ATH 583  0 ATSL    0  ATS    1  ATS    4  ATP    1 
  0  931    0   0    0   0    0   0    0   0    0  0   0   0   0  0   0   0   0  0   0   0   0  0   0   0
    WFB  ATH  62  ATH 531  ATH 643  ATH 583  0 ATSL    0  ATS    1  ATP    4 ATSL    1 
  0  931    0   0    0   0    0   0    0   0    0  0   0   0   0  0   0   0   0  0   0   0   0  0   0   0
    WFB  ATH  62  ATH 531  ATH 643  ATH 583  0 ATSL    0  ATS    1  ATP    4 ATSL    1 
  0  931    0   0    0   0    0   0    0   0    0  0   0   0   0  0   0   0   0  0   0   0   0  0   0   0
    WFB  ATH  62  ATH 531  ATH 643  ATH 583  0 ATSL    0  ATP    1 ATSL    4 ATSL    1 
  0  931    0   0    0   0    0   0    0   0    0  0   0   0   0  0   0   0   0  0   0   0   0  0   0   0
    WFB  ATH  62  ATH 531  ATH 643  ATH 583  0 ATSL    0  ATP    1 ATSL    4 ATSL    1 
  0  931    0   0    0   0    0   0    0   0    0  0   0   0   0  0   0   0   0  0   0   0   0  0   0   0
    WFB  ATH  62  ATH 531  ATH 643  ATH 583  0 ATSL    0 ATSL    1 ATSL    4 ATSL    1 
  0  931    0   0    0   0    0   0    0   0    0  0   0   0   0  0   0   0   0  0   0   0   0  0   0   0
    WFB   PB  62  ATH 531  ATH 643  ATH 583  0 ATSL    0 ATSL    1 ATSL    4 ATSL    1 
  0  931    0   0    0   0    0   0    0   0    0  0   0   0   0  0   0   0   0  0   0   0   0  0   0   0
    WFB   WR  62  ATH 531  ATH 643  ATH 583  0 ATSL    0 ATSL    1 ATSL    4 ATSL    1 
  0  931    0  15    0   0    0   0    0   0    0  0   0   0   0  0   0   0   0  0   0   0   0  0   0   0
    WFB   WR  62  ATH 531   PB 643  ATH 583  0 ATSL    0 ATSL    1 ATSL    4 ATSL    1 
  0  931    0  15    0   0    0   0    0   0    0  0   0   0   0  0   0   0   0  0   0   0   0  0   0   0
    WFB   WR  62  ATH 531   WR 643  ATH 583  0 ATSL    0 ATSL    1 ATSL    4 ATSL    1 
  0  931    0  15    0   0    0 241    0   0    0  0   0   0   0  0   0   0   0  0   0   0   0  0   0   0
    WFB   WR  62   PB 531   WR 643  ATH 583  0 ATSL    0 ATSL    1 ATSL    4 ATSL    1 
  0  931    0  15    0   0    0 241    0   0    0  0   0   0   0  0   0   0   0  0   0   0   0  0   0   0
    WFB   WR  62   WR 531   WR 643   PB 583  0 ATSL    0 ATSL    1 ATSL    4 ATSL    1 
  0  931    0  15    0 132    0 241    0   0    0  0   0   0   0  0   0   0   0  0   0   0   0  0   0   0
    WFB   WR  62   WR 531   WR 643   PB 583  0 ATSL    0 ATSL    1 ATSL    4 ATSL    1 
  0  931    0  15    0 132    0 241    0   0    0  0   0   0   0  0   0   0   0  0   0   0   0  0   0   0
    WFB   WR  62   WR 531   WR 643   WR 583  0 ATSL    0 ATSL    1 ATSL    4 ATSL    1 
  0  931    0  15    0 132    0 241    0  36    0  0   0   0   0  0   0   0   0  0   0   0   0  0   0   0
    STR   WR  62   WR 531   WR 643   WR 583  0 ATSL    0 ATSL    1 ATSL    4 ATSL    1 
  0  931    0  15    0 132    0 241    0  36    0  0   0   0   0  0   0   0   0  0   0   0   0  0   0   0
