AFTERNOON AT THE RACE TRACK - Description of the internal state of the problem
MAN/BRK           SPECTATOR/BETTER              HORSE/JOCKEY PAIR at Race RN
  Stat  St0  Am0 St1  Am1 St2  Am2 St3  Am3 RN St0  Len0 St1  Len1 St2  Len2 St3  Len3 
                                        Race RN Status
 RN Dist BS0  BA0 BS1  BA1 BS2  BA2 BS3  BA3  Od0 N0 Ps0 SD0 Od1 N1 Ps1 SD1 Od2 N2 Ps2 SD2 Od3 N3 Ps3 SD3 
    OTE WFRTS 728        0        0        0  0         0         0         0         0 
  0  657    0   0    0   0    0   0    0   0    0  0   0   0   0  0   0   0   0  0   0   0   0  0   0   0
    OTE WFRTS 728        0        0        0  0         0         0         0         0 
  0  657    0   0    0   0    0   0    0   0    0  0   0   0   0  0   0   0   0  0   0   0   0  0   0   0
    OTE WFRTS 728 WFRTS 643        0        0  0         0         0         0         0 
  0  657    0   0    0   0    0   0    0   0    0  0   0   0   0  0   0   0   0  0   0   0   0  0   0   0
    OTE WFRTS 728 WFRTS 643        0        0  0         0         0         0         0 
  0  657    0   0    0   0    0   0    0   0    0  0   0   0   0  0   0   0   0  0   0   0   0  0   0   0
    OTE WFRTS 728 WFRTS 643 WFRTS  97        0  0         0         0         0         0 
  0  657    0   0    0   0    0   0    0   0    0  0   0   0   0  0   0   0   0  0   0   0   0  0   0   0
    OTE WFRTS 728 WFRTS 643 WFRTS  97        0  0         0         0         0         0 
  0  657    0   0    0   0    0   0    0   0    0  0   0   0   0  0   0   0   0  0   0   0   0  0   0   0
    OTE WFRTS 728 WFRTS 643 WFRTS  97 WFRTS 428  0         0         0         0         0 
  0  657    0   0    0   0    0   0    0   0    0  0   0   0   0  0   0   0   0  0   0   0   0  0   0   0
    OTE WFRTS 728 WFRTS 643 WFRTS  97 WFRTS 428  0         0         0         0         0 
  0  657    0   0    0   0    0   0    0   0    0  0   0   0   0  0   0   0   0  0   0   0   0  0   0   0
    OTE WFRTS 728 WFRTS 643 WFRTS  97 WFRTS 428  0  ATS    1         0         0         0 
  0  657    0   0    0   0    0   0    0   0    0  0   0   0   0  0   0   0   0  0   0   0   0  0   0   0
    OTE WFRTS 728 WFRTS 643 WFRTS  97 WFRTS 428  0  ATS    1         0         0         0 
  0  657    0   0    0   0    0   0    0   0    0  0   0   0   0  0   0   0   0  0   0   0   0  0   0   0
    OTE WFRTS 728 WFRTS 643 WFRTS  97 WFRTS 428  0  ATS    1  ATS    0         0         0 
  0  657    0   0    0   0    0   0    0   0    0  0   0   0   0  0   0   0   0  0   0   0   0  0   0   0
    OTE WFRTS 728 WFRTS 643 WFRTS  97 WFRTS 428  0  ATS    1  ATS    0         0         0 
  0  657    0   0    0   0    0   0    0   0    0  0   0   0   0  0   0   0   0  0   0   0   0  0   0   0
    OTE WFRTS 728 WFRTS 643 WFRTS  97 WFRTS 428  0  ATS    1  ATS    0  ATS    1         0 
  0  657    0   0    0   0    0   0    0   0    0  0   0   0   0  0   0   0   0  0   0   0   0  0   0   0
    OTE WFRTS 728 WFRTS 643 WFRTS  97 WFRTS 428  0  ATS    1  ATS    0  ATS    1  ATS    0 
  0  657    0   0    0   0    0   0    0   0    0  0   0   0   0  0   0   0   0  0   0   0   0  0   0   0
    OTE WFRTS 728 WFRTS 643 WFRTS  97 WFRTS 428  0  ATS    1  ATS    0  ATS    1  ATS    0 
  0  657    0   0    0   0    0   0    0   0    0  0   0   0   0  0   0   0   0  0   0   0   0  0   0   0
    OTE WFRTS 728 WFRTS 643 WFRTS  97 WFRTS 428  0  ATS    1  ATS    0  ATS    1  ATS    0 
  0  657    0   0    0   0    0   0    0   0    0  0   0   0   0  0   0   0   0  0   0   0   0  0   0   0
    OTE WFRTS 728 WFRTS 643 WFRTS  97  ATH 428  0  ATS    1  ATS    0  ATS    1  ATS    0 
  0  657    0   0    0   0    0   0    0   0    0  0   0   0   0  0   0   0   0  0   0   0   0  0   0   0
    ANR WFRTS 728 WFRTS 643  ATH  97  ATH 428  0  ATS    1  ATS    0  ATS    1  ATS    0 
  0  657    0   0    0   0    0   0    0   0    0  0   0   0   0  0   0   0   0  0   0   0   0  0   0   0
    ANR WFRTS 728 WFRTS 643  ATH  97  ATH 428  0  ATS    1  ATS    0  ATS    1  ATS    0 
  0  657    0   0    0   0    0   0    0   0    0  0   0   0   0  0   0   0   0  0   0   0   0  0   0   0
    ANR WFRTS 728 WFRTS 643  ATH  97  ATH 428  0  ATS    1  ATS    0  ATS    1  ATS    0 
  0  657    0   0    0   0    0   0    0   0    0  0   0   0   0  0   0   0   0  0   0   0   0  0   0   0
    WFB  ATH 728 WFRTS 643  ATH  97  ATH 428  0  ATS    1  ATS    0  ATS    1  ATS    0 
  0  657    0   0    0   0    0   0    0   0    0  0   0   0   0  0   0   0   0  0   0   0   0  0   0   0
    WFB  ATH 728 WFRTS 643  ATH  97  ATH 428  0  ATS    1  ATS    0  ATS    1  ATS    0 
  0  657    0   0    0   0    0   0    0   0    0  0   0   0   0  0   0   0   0  0   0   0   0  0   0   0
    WFB  ATH 728  ATH 643  ATH  97  ATH 428  0  ATS    1  ATS    0  ATS    1  ATS    0 
  0  657    0   0    0   0    0   0    0   0    0  0   0   0   0  0   0   0   0  0   0   0   0  0   0   0
    WFB  ATH 728  ATH 643  ATH  97  ATH 428  0  ATP    1  ATS    0  ATS    1  ATS    0 
  0  657    0   0    0   0    0   0    0   0    0  0   0   0   0  0   0   0   0  0   0   0   0  0   0   0
    WFB  ATH 728  ATH 643  ATH  97  ATH 428  0 ATSL    1  ATS    0  ATS    1  ATP    0 
  0  657    0   0    0   0    0   0    0   0    0  0   0   0   0  0   0   0   0  0   0   0   0  0   0   0
    WFB  ATH 728  ATH 643  ATH  97  ATH 428  0 ATSL    1  ATS    0  ATS    1  ATP    0 
  0  657    0   0    0   0    0   0    0   0    0  0   0   0   0  0   0   0   0  0   0   0   0  0   0   0
    WFB  ATH 728  ATH 643  ATH  97  ATH 428  0 ATSL    1  ATS    0  ATP    1 ATSL    0 
  0  657    0   0    0   0    0   0    0   0    0  0   0   0   0  0   0   0   0  0   0   0   0  0   0   0
    WFB  ATH 728  ATH 643  ATH  97  ATH 428  0 ATSL    1  ATS    0  ATP    1 ATSL    0 
  0  657    0   0    0   0    0   0    0   0    0  0   0   0   0  0   0   0   0  0   0   0   0  0   0   0
    WFB  ATH 728  ATH 643  ATH  97  ATH 428  0 ATSL    1  ATP    0  ATP    1 ATSL    0 
  0  657    0   0    0   0    0   0    0   0    0  0   0   0   0  0   0   0   0  0   0   0   0  0   0   0
    WFB  ATH 728  ATH 643  ATH  97  ATH 428  0 ATSL    1 ATSL    0 ATSL    1 ATSL    0 
  0  657    0   0    0   0    0   0    0   0    0  0   0   0   0  0   0   0   0  0   0   0   0  0   0   0
    WFB  ATH 728  ATH 643  ATH  97   PB 428  0 ATSL    1 ATSL    0 ATSL    1 ATSL    0 
  0  657    0   0    0   0    0   0    0   0    0  0   0   0   0  0   0   0   0  0   0   0   0  0   0   0
    WFB  ATH 728  ATH 643  ATH  97   PB 428  0 ATSL    1 ATSL    0 ATSL    1 ATSL    0 
  0  657    0   0    0   0    0   0    0   0    0  0   0   0   0  0   0   0   0  0   0   0   0  0   0   0
    WFB  ATH 728  ATH 643  ATH  97   WR 428  0 ATSL    1 ATSL    0 ATSL    1 ATSL    0 
  0  657    0   0    0   0    0   0    1  26    0  0   0   0   0  0   0   0   0  0   0   0   0  0   0   0
    WFB  ATH 728   PB 643  ATH  97   WR 428  0 ATSL    1 ATSL    0 ATSL    1 ATSL    0 
  0  657    0   0    0   0    0   0    1  26    0  0   0   0   0  0   0   0   0  0   0   0   0  0   0   0
    WFB  ATH 728   WR 643   PB  97   WR 428  0 ATSL    1 ATSL    0 ATSL    1 ATSL    0 
  0  657    0   0    3 241    0   0    1  26    0  0   0   0   0  0   0   0   0  0   0   0   0  0   0   0
    WFB  ATH 728   WR 643   PB  97   WR 428  0 ATSL    1 ATSL    0 ATSL    1 ATSL    0 
  0  657    0   0    3 241    0   0    1  26    0  0   0   0   0  0   0   0   0  0   0   0   0  0   0   0
    WFB   PB 728   WR 643   PB  97   WR 428  0 ATSL    1 ATSL    0 ATSL    1 ATSL    0 
  0  657    0   0    3 241    0   0    1  26    0  0   0   0   0  0   0   0   0  0   0   0   0  0   0   0
    WFB   PB 728   WR 643   WR  97   WR 428  0 ATSL    1 ATSL    0 ATSL    1 ATSL    0 
  0  657    0 273    3 241    2  24    1  26    0  0   0   0   0  0   0   0   0  0   0   0   0  0   0   0
    WFB   WR 728   WR 643   WR  97   WR 428  0 ATSL    1 ATSL    0 ATSL    1 ATSL    0 
  0  657    1 273    3 241    2  24    1  26    0  0   0   0   0  0   0   0   0  0   0   0   0  0   0   0
