AFTERNOON AT THE RACE TRACK - Description of the internal state of the problem
MAN/BRK           SPECTATOR/BETTER              HORSE/JOCKEY PAIR at Race RN
  Stat  St0  Am0 St1  Am1 St2  Am2 St3  Am3 RN St0  Len0 St1  Len1 St2  Len2 St3  Len3 
                                        Race RN Status
 RN Dist BS0  BA0 BS1  BA1 BS2  BA2 BS3  BA3  Od0 N0 Ps0 SD0 Od1 N1 Ps1 SD1 Od2 N2 Ps2 SD2 Od3 N3 Ps3 SD3 
    OTE WFRTS 193        0        0        0  0         0         0         0         0 
  0    0    0   0    0   0    0   0    0   0    0  0   0   0   0  0   0   0   0  0   0   0   0  0   0   0
    OTE WFRTS 193 WFRTS 252        0        0  0         0         0         0         0 
  0    0    0   0    0   0    0   0    0   0    0  0   0   0   0  0   0   0   0  0   0   0   0  0   0   0
    OTE WFRTS 193 WFRTS 252 WFRTS 912        0  0         0         0         0         0 
  0    0    0   0    0   0    0   0    0   0    0  0   0   0   0  0   0   0   0  0   0   0   0  0   0   0
    OTE WFRTS 193 WFRTS 252 WFRTS 912 WFRTS 335  0         0         0         0         0 
  0    0    0   0    0   0    0   0    0   0    0  0   0   0   0  0   0   0   0  0   0   0   0  0   0   0
    OTE WFRTS 193 WFRTS 252 WFRTS 912 WFRTS 335  0  ATS    0         0         0         0 
  0    0    0   0    0   0    0   0    0   0    0  0   0   0   0  0   0   0   0  0   0   0   0  0   0   0
    OTE WFRTS 193 WFRTS 252 WFRTS 912 WFRTS 335  0  ATS    0         0         0         0 
  0    0    0   0    0   0    0   0    0   0    0  0   0   0   0  0   0   0   0  0   0   0   0  0   0   0
    OTE WFRTS 193 WFRTS 252 WFRTS 912 WFRTS 335  0  ATS    0  ATS    1         0         0 
  0    0    0   0    0   0    0   0    0   0    0  0   0   0   0  0   0   0   0  0   0   0   0  0   0   0
    OTE WFRTS 193 WFRTS 252 WFRTS 912 WFRTS 335  0  ATS    0  ATS    1         0         0 
  0    0    0   0    0   0    0   0    0   0    0  0   0   0   0  0   0   0   0  0   0   0   0  0   0   0
    OTE WFRTS 193 WFRTS 252 WFRTS 912 WFRTS 335  0  ATS    0  ATS    1  ATS    0         0 
  0    0    0   0    0   0    0   0    0   0    0  0   0   0   0  0   0   0   0  0   0   0   0  0   0   0
    OTE WFRTS 193 WFRTS 252 WFRTS 912 WFRTS 335  0  ATS    0  ATS    1  ATS    0         0 
  0    0    0   0    0   0    0   0    0   0    0  0   0   0   0  0   0   0   0  0   0   0   0  0   0   0
    OTE WFRTS 193 WFRTS 252 WFRTS 912 WFRTS 335  0  ATS    0  ATS    1  ATS    0  ATS    0 
  0    0    0   0    0   0    0   0    0   0    0  0   0   0   0  0   0   0   0  0   0   0   0  0   0   0
    OTE WFRTS 193 WFRTS 252 WFRTS 912 WFRTS 335  0  ATS    0  ATS    1  ATS    0  ATP    0 
  0    0    0   0    0   0    0   0    0   0    0  0   0   0   0  0   0   0   0  0   0   0   0  0   0   0
    OTE WFRTS 193 WFRTS 252 WFRTS 912 WFRTS 335  0  ATP    0  ATS    1  ATS    0  ATP    0 
  0    0    0   0    0   0    0   0    0   0    0  0   0   0   0  0   0   0   0  0   0   0   0  0   0   0
    OTE WFRTS 193 WFRTS 252 WFRTS 912 WFRTS 335  0  ATP    0  ATS    1  ATP    0  ATP    0 
  0    0    0   0    0   0    0   0    0   0    0  0   0   0   0  0   0   0   0  0   0   0   0  0   0   0
    OTE WFRTS 193 WFRTS 252 WFRTS 912 WFRTS 335  0  ATP    0  ATP    1  ATP    0  ATP    0 
  0    0    0   0    0   0    0   0    0   0    0  0   0   0   0  0   0   0   0  0   0   0   0  0   0   0
    OTE WFRTS 193 WFRTS 252 WFRTS 912 WFRTS 335  0  ATP    0  ATP    1  ATP    0  ATP    0 
  0    0    0   0    0   0    0   0    0   0    0  0   0   0   0  0   0   0   0  0   0   0   0  0   0   0
    OTE WFRTS 193 WFRTS 252 WFRTS 912 WFRTS 335  0  ATP    0  ATP    1  ATP    0  ATP    0 
  0    0    0   0    0   0    0   0    0   0    0  0   0   0   0  0   0   0   0  0   0   0   0  0   0   0
    OTE  ATH 193 WFRTS 252 WFRTS 912 WFRTS 335  0  ATP    0  ATP    1  ATP    0  ATP    0 
  0    0    0   0    0   0    0   0    0   0    0  0   0   0   0  0   0   0   0  0   0   0   0  0   0   0
    OTE  ATH 193 WFRTS 252 WFRTS 912 WFRTS 335  0  ATP    0  ATP    1  ATP    0  ATP    0 
  0    0    0   0    0   0    0   0    0   0    0  0   0   0   0  0   0   0   0  0   0   0   0  0   0   0
    OTE  ATH 193 WFRTS 252 WFRTS 912  ATH 335  0  ATP    0  ATP    1  ATP    0  ATP    0 
  0    0    0   0    0   0    0   0    0   0    0  0   0   0   0  0   0   0   0  0   0   0   0  0   0   0
    OTE  ATH 193 WFRTS 252 WFRTS 912  ATH 335  0  ATP    0  ATP    1  ATP    0  ATP    0 
  0    0    0   0    0   0    0   0    0   0    0  0   0   0   0  0   0   0   0  0   0   0   0  0   0   0
    OTE  ATH 193 WFRTS 252  ATH 912  ATH 335  0  ATP    0  ATP    1  ATP    0  ATP    0 
  0    0    0   0    0   0    0   0    0   0    0  0   0   0   0  0   0   0   0  0   0   0   0  0   0   0
    OTE  ATH 193 WFRTS 252  ATH 912  ATH 335  0  ATP    0  ATP    1  ATP    0  ATP    0 
  0    0    0   0    0   0    0   0    0   0    0  0   0   0   0  0   0   0   0  0   0   0   0  0   0   0
    OTE  ATH 193  ATH 252  ATH 912  ATH 335  0  ATP    0  ATP    1  ATP    0  ATP    0 
  0    0    0   0    0   0    0   0    0   0    0  0   0   0   0  0   0   0   0  0   0   0   0  0   0   0
    OTE  ATH 193  ATH 252  ATH 912  ATH 335  0  ATP    0  ATP    1  ATP    0  ATP    0 
  0    0    0   0    0   0    0   0    0   0    0  0   0   0   0  0   0   0   0  0   0   0   0  0   0   0
