AFTERNOON AT THE RACE TRACK - Description of the internal state of the problem
MAN/BRK           SPECTATOR/BETTER              HORSE/JOCKEY PAIR at Race RN
  Stat  St0  Am0 St1  Am1 St2  Am2 St3  Am3 RN St0  Len0 St1  Len1 St2  Len2 St3  Len3 
                                        Race RN Status
 RN Dist BS0  BA0 BS1  BA1 BS2  BA2 BS3  BA3  Od0 N0 Ps0 SD0 Od1 N1 Ps1 SD1 Od2 N2 Ps2 SD2 Od3 N3 Ps3 SD3 
    OTE WFRTS 145        0        0        0  0         0         0         0         0 
  0    0    0   0    0   0    0   0    0   0    0  0   0   0   0  0   0   0   0  0   0   0   0  0   0   0
    OTE WFRTS 145 WFRTS 541        0        0  0         0         0         0         0 
  0    0    0   0    0   0    0   0    0   0    0  0   0   0   0  0   0   0   0  0   0   0   0  0   0   0
    OTE WFRTS 145 WFRTS 541 WFRTS 336        0  0         0         0         0         0 
  0    0    0   0    0   0    0   0    0   0    0  0   0   0   0  0   0   0   0  0   0   0   0  0   0   0
    OTE WFRTS 145 WFRTS 541 WFRTS 336 WFRTS 358  0         0         0         0         0 
  0    0    0   0    0   0    0   0    0   0    0  0   0   0   0  0   0   0   0  0   0   0   0  0   0   0
    OTE WFRTS 145 WFRTS 541 WFRTS 336 WFRTS 358  0  ATS    0         0         0         0 
  0    0    0   0    0   0    0   0    0   0    0  0   0   0   0  0   0   0   0  0   0   0   0  0   0   0
    OTE WFRTS 145 WFRTS 541 WFRTS 336 WFRTS 358  0  ATS    0  ATS    0         0         0 
  0    0    0   0    0   0    0   0    0   0    0  0   0   0   0  0   0   0   0  0   0   0   0  0   0   0
    OTE WFRTS 145 WFRTS 541 WFRTS 336 WFRTS 358  0  ATS    0  ATS    1         0         0 
  0    0    0   0    0   0    0   0    0   0    0  0   0   0   0  0   0   0   0  0   0   0   0  0   0   0
    OTE WFRTS 145 WFRTS 541 WFRTS 336 WFRTS 358  0  ATS    0  ATS    1         0         0 
  0    0    0   0    0   0    0   0    0   0    0  0   0   0   0  0   0   0   0  0   0   0   0  0   0   0
    OTE WFRTS 145 WFRTS 541 WFRTS 336 WFRTS 358  0  ATS    0  ATS    1  ATS    4         0 
  0    0    0   0    0   0    0   0    0   0    0  0   0   0   0  0   0   0   0  0   0   0   0  0   0   0
    OTE WFRTS 145 WFRTS 541 WFRTS 336 WFRTS 358  0  ATS    0  ATS    1  ATS    4         0 
  0    0    0   0    0   0    0   0    0   0    0  0   0   0   0  0   0   0   0  0   0   0   0  0   0   0
    OTE WFRTS 145 WFRTS 541 WFRTS 336 WFRTS 358  0  ATS    0  ATS    1  ATS    4  ATS    3 
  0    0    0   0    0   0    0   0    0   0    0  0   0   0   0  0   0   0   0  0   0   0   0  0   0   0
    OTE WFRTS 145 WFRTS 541 WFRTS 336 WFRTS 358  0  ATS    0  ATS    1  ATS    4  ATS    3 
  0    0    0   0    0   0    0   0    0   0    0  0   0   0   0  0   0   0   0  0   0   0   0  0   0   0
    OTE  ATH 145 WFRTS 541 WFRTS 336 WFRTS 358  0  ATS    0  ATS    1  ATS    4  ATS    3 
  0    0    0   0    0   0    0   0    0   0    0  0   0   0   0  0   0   0   0  0   0   0   0  0   0   0
    OTE  ATH 145 WFRTS 541 WFRTS 336 WFRTS 358  0  ATS    0  ATS    1  ATS    4  ATS    3 
  0    0    0   0    0   0    0   0    0   0    0  0   0   0   0  0   0   0   0  0   0   0   0  0   0   0
    OTE  ATH 145 WFRTS 541 WFRTS 336 WFRTS 358  0  ATS    0  ATS    1  ATS    4  ATS    3 
  0    0    0   0    0   0    0   0    0   0    0  0   0   0   0  0   0   0   0  0   0   0   0  0   0   0
    OTE  ATH 145 WFRTS 541 WFRTS 336 WFRTS 358  0  ATS    0  ATS    1  ATS    4  ATS    3 
  0    0    0   0    0   0    0   0    0   0    0  0   0   0   0  0   0   0   0  0   0   0   0  0   0   0
    OTE  ATH 145 WFRTS 541 WFRTS 336 WFRTS 358  0  ATS    0  ATS    1  ATS    4  ATS    3 
  0    0    0   0    0   0    0   0    0   0    0  0   0   0   0  0   0   0   0  0   0   0   0  0   0   0
    OTE  ATH 145  ATH 541 WFRTS 336 WFRTS 358  0  ATS    0  ATS    1  ATS    4  ATS    3 
  0    0    0   0    0   0    0   0    0   0    0  0   0   0   0  0   0   0   0  0   0   0   0  0   0   0
    OTE  ATH 145  ATH 541  ATH 336 WFRTS 358  0  ATS    0  ATS    1  ATS    4  ATS    3 
  0    0    0   0    0   0    0   0    0   0    0  0   0   0   0  0   0   0   0  0   0   0   0  0   0   0
    OTE  ATH 145  ATH 541  ATH 336  ATH 358  0  ATS    0  ATS    1  ATS    4  ATS    3 
  0    0    0   0    0   0    0   0    0   0    0  0   0   0   0  0   0   0   0  0   0   0   0  0   0   0
    OTE  ATH 145  ATH 541  ATH 336  ATH 358  0  ATP    0  ATS    1  ATS    4  ATS    3 
  0    0    0   0    0   0    0   0    0   0    0  0   0   0   0  0   0   0   0  0   0   0   0  0   0   0
    OTE  ATH 145  ATH 541  ATH 336  ATH 358  0  ATP    0  ATS    1  ATS    4  ATP    3 
  0    0    0   0    0   0    0   0    0   0    0  0   0   0   0  0   0   0   0  0   0   0   0  0   0   0
    OTE  ATH 145  ATH 541  ATH 336  ATH 358  0  ATP    0  ATS    1  ATP    4  ATP    3 
  0    0    0   0    0   0    0   0    0   0    0  0   0   0   0  0   0   0   0  0   0   0   0  0   0   0
    OTE  ATH 145  ATH 541  ATH 336  ATH 358  0  ATP    0  ATP    1  ATP    4  ATP    3 
  0    0    0   0    0   0    0   0    0   0    0  0   0   0   0  0   0   0   0  0   0   0   0  0   0   0
    OTE   PB 145  ATH 541  ATH 336  ATH 358  0  ATP    0  ATP    1  ATP    4  ATP    3 
  0    0    0   0    0   0    0   0    0   0    0  0   0   0   0  0   0   0   0  0   0   0   0  0   0   0
    OTE   PB 145  ATH 541  ATH 336   PB 358  0  ATP    0  ATP    1  ATP    4  ATP    3 
  0    0    0   0    0   0    0   0    0   0    0  0   0   0   0  0   0   0   0  0   0   0   0  0   0   0
    OTE   PB 145   PB 541  ATH 336   PB 358  0  ATP    0  ATP    1  ATP    4  ATP    3 
  0    0    0   0    0   0    0   0    0   0    0  0   0   0   0  0   0   0   0  0   0   0   0  0   0   0
    OTE   PB 145   PB 541  ATH 336   PB 358  0  ATP    0  ATP    1  ATP    4  ATP    3 
  0    0    0   0    0   0    0   0    0   0    0  0   0   0   0  0   0   0   0  0   0   0   0  0   0   0
    OTE   PB 145   PB 541   PB 336   PB 358  0  ATP    0  ATP    1  ATP    4  ATP    3 
  0    0    0   0    0   0    0   0    0   0    0  0   0   0   0  0   0   0   0  0   0   0   0  0   0   0
    ANR   PB 145   PB 541   PB 336   PB 358  0  ATP    0  ATP    1  ATP    4  ATP    3 
  0    0    0   0    0   0    0   0    0   0    0  0   0   0   0  0   0   0   0  0   0   0   0  0   0   0
    WFB   PB 145   PB 541   PB 336   PB 358  0  ATP    0  ATP    1  ATP    4  ATP    3 
  0    0    0   0    0   0    0   0    0   0    0  0   0   0   0  0   0   0   0  0   0   0   0  0   0   0
    STR   PB 145   PB 541   PB 336   PB 358  0  ATP    0  ATP    1  ATP    4  ATP    3 
  0    0    1   9    3  33    0  21    2 134    0  0   0   0   0  0   0   0   0  0   0   0   0  0   0   0
