AFTERNOON AT THE RACE TRACK - Description of the internal state of the problem
MAN/BRK           SPECTATOR/BETTER              HORSE/JOCKEY PAIR at Race RN
  Stat  St0  Am0 St1  Am1 St2  Am2 St3  Am3 RN St0  Len0 St1  Len1 St2  Len2 St3  Len3 
                                        Race RN Status
 RN Dist BS0  BA0 BS1  BA1 BS2  BA2 BS3  BA3  Od0 N0 Ps0 SD0 Od1 N1 Ps1 SD1 Od2 N2 Ps2 SD2 Od3 N3 Ps3 SD3 
    OTE WFRTS 928        0        0        0  0         0         0         0         0 
  0 1271    0   0    0   0    0   0    0   0    0  0   0   0   0  0   0   0   0  0   0   0   0  0   0   0
    OTE WFRTS 928        0        0        0  0         0         0         0         0 
  0 1271    0   0    0   0    0   0    0   0    0  0   0   0   0  0   0   0   0  0   0   0   0  0   0   0
    OTE WFRTS 928 WFRTS 345        0        0  0         0         0         0         0 
  0 1271    0   0    0   0    0   0    0   0    0  0   0   0   0  0   0   0   0  0   0   0   0  0   0   0
    OTE WFRTS 928 WFRTS 345        0        0  0         0         0         0         0 
  0 1271    0   0    0   0    0   0    0   0    0  0   0   0   0  0   0   0   0  0   0   0   0  0   0   0
    OTE WFRTS 928 WFRTS 345 WFRTS 519        0  0         0         0         0         0 
  0 1271    0   0    0   0    0   0    0   0    0  0   0   0   0  0   0   0   0  0   0   0   0  0   0   0
    OTE WFRTS 928 WFRTS 345 WFRTS 519        0  0         0         0         0         0 
  0 1271    0   0    0   0    0   0    0   0    0  0   0   0   0  0   0   0   0  0   0   0   0  0   0   0
    OTE WFRTS 928 WFRTS 345 WFRTS 519 WFRTS 103  0         0         0         0         0 
  0 1271    0   0    0   0    0   0    0   0    0  0   0   0   0  0   0   0   0  0   0   0   0  0   0   0
    OTE WFRTS 928 WFRTS 345 WFRTS 519 WFRTS 103  0         0         0         0         0 
  0 1271    0   0    0   0    0   0    0   0    0  0   0   0   0  0   0   0   0  0   0   0   0  0   0   0
    OTE WFRTS 928 WFRTS 345 WFRTS 519 WFRTS 103  0  ATS    3         0         0         0 
  0 1271    0   0    0   0    0   0    0   0    0  0   0   0   0  0   0   0   0  0   0   0   0  0   0   0
    OTE WFRTS 928 WFRTS 345 WFRTS 519 WFRTS 103  0  ATS    3         0         0         0 
  0 1271    0   0    0   0    0   0    0   0    0  0   0   0   0  0   0   0   0  0   0   0   0  0   0   0
    OTE WFRTS 928 WFRTS 345 WFRTS 519 WFRTS 103  0  ATS    3  ATS    0         0         0 
  0 1271    0   0    0   0    0   0    0   0    0  0   0   0   0  0   0   0   0  0   0   0   0  0   0   0
    OTE WFRTS 928 WFRTS 345 WFRTS 519 WFRTS 103  0  ATS    3  ATS    0         0         0 
  0 1271    0   0    0   0    0   0    0   0    0  0   0   0   0  0   0   0   0  0   0   0   0  0   0   0
    OTE WFRTS 928 WFRTS 345 WFRTS 519 WFRTS 103  0  ATS    3  ATS    0  ATS    0         0 
  0 1271    0   0    0   0    0   0    0   0    0  0   0   0   0  0   0   0   0  0   0   0   0  0   0   0
    OTE WFRTS 928 WFRTS 345 WFRTS 519 WFRTS 103  0  ATS    3  ATS    0  ATS    0         0 
  0 1271    0   0    0   0    0   0    0   0    0  0   0   0   0  0   0   0   0  0   0   0   0  0   0   0
    OTE WFRTS 928 WFRTS 345 WFRTS 519 WFRTS 103  0  ATS    3  ATS    0  ATS    0  ATS    3 
  0 1271    0   0    0   0    0   0    0   0    0  0   0   0   0  0   0   0   0  0   0   0   0  0   0   0
    OTE WFRTS 928 WFRTS 345 WFRTS 519 WFRTS 103  0  ATS    3  ATS    0  ATS    0  ATS    3 
  0 1271    0   0    0   0    0   0    0   0    0  0   0   0   0  0   0   0   0  0   0   0   0  0   0   0
    OTE  ATH 928 WFRTS 345 WFRTS 519 WFRTS 103  0  ATS    3  ATS    0  ATS    0  ATS    3 
  0 1271    0   0    0   0    0   0    0   0    0  0   0   0   0  0   0   0   0  0   0   0   0  0   0   0
    OTE  ATH 928  ATH 345 WFRTS 519 WFRTS 103  0  ATS    3  ATS    0  ATS    0  ATS    3 
  0 1271    0   0    0   0    0   0    0   0    0  0   0   0   0  0   0   0   0  0   0   0   0  0   0   0
    OTE  ATH 928  ATH 345 WFRTS 519  ATH 103  0  ATS    3  ATS    0  ATS    0  ATS    3 
  0 1271    0   0    0   0    0   0    0   0    0  0   0   0   0  0   0   0   0  0   0   0   0  0   0   0
    OTE  ATH 928  ATH 345  ATH 519  ATH 103  0  ATS    3  ATS    0  ATS    0  ATS    3 
  0 1271    0   0    0   0    0   0    0   0    0  0   0   0   0  0   0   0   0  0   0   0   0  0   0   0
    OTE  ATH 928  ATH 345  ATH 519  ATH 103  0  ATS    3  ATS    0  ATS    0  ATS    3 
  0 1271    0   0    0   0    0   0    0   0    0  0   0   0   0  0   0   0   0  0   0   0   0  0   0   0
    ANR  ATH 928  ATH 345  ATH 519  ATH 103  0  ATP    3  ATS    0  ATS    0  ATS    3 
  0 1271    0   0    0   0    0   0    0   0    0  0   0   0   0  0   0   0   0  0   0   0   0  0   0   0
    ANR  ATH 928  ATH 345  ATH 519  ATH 103  0  ATP    3  ATS    0  ATS    0  ATS    3 
  0 1271    0   0    0   0    0   0    0   0    0  0   0   0   0  0   0   0   0  0   0   0   0  0   0   0
    WFB  ATH 928  ATH 345  ATH 519  ATH 103  0  ATP    3  ATS    0  ATS    0  ATS    3 
  0 1271    0   0    0   0    0   0    0   0    0  0   0   0   0  0   0   0   0  0   0   0   0  0   0   0
    WFB  ATH 928  ATH 345  ATH 519  ATH 103  0  ATP    3  ATS    0  ATS    0  ATP    3 
  0 1271    0   0    0   0    0   0    0   0    0  0   0   0   0  0   0   0   0  0   0   0   0  0   0   0
    WFB  ATH 928  ATH 345  ATH 519  ATH 103  0 ATSL    3  ATS    0  ATP    0  ATP    3 
  0 1271    0   0    0   0    0   0    0   0    0  0   0   0   0  0   0   0   0  0   0   0   0  0   0   0
    WFB  ATH 928  ATH 345  ATH 519  ATH 103  0 ATSL    3  ATS    0  ATP    0  ATP    3 
  0 1271    0   0    0   0    0   0    0   0    0  0   0   0   0  0   0   0   0  0   0   0   0  0   0   0
    WFB  ATH 928  ATH 345  ATH 519  ATH 103  0 ATSL    3  ATS    0 ATSL    0  ATP    3 
  0 1271    0   0    0   0    0   0    0   0    0  0   0   0   0  0   0   0   0  0   0   0   0  0   0   0
    WFB  ATH 928  ATH 345  ATH 519  ATH 103  0 ATSL    3  ATS    0 ATSL    0 ATSL    3 
  0 1271    0   0    0   0    0   0    0   0    0  0   0   0   0  0   0   0   0  0   0   0   0  0   0   0
    WFB  ATH 928  ATH 345  ATH 519  ATH 103  0 ATSL    3  ATP    0 ATSL    0 ATSL    3 
  0 1271    0   0    0   0    0   0    0   0    0  0   0   0   0  0   0   0   0  0   0   0   0  0   0   0
    WFB  ATH 928  ATH 345  ATH 519  ATH 103  0 ATSL    3 ATSL    0 ATSL    0 ATSL    3 
  0 1271    0   0    0   0    0   0    0   0    0  0   0   0   0  0   0   0   0  0   0   0   0  0   0   0
    WFB   PB 928  ATH 345  ATH 519  ATH 103  0 ATSL    3 ATSL    0 ATSL    0 ATSL    3 
  0 1271    0   0    0   0    0   0    0   0    0  0   0   0   0  0   0   0   0  0   0   0   0  0   0   0
    WFB   WR 928  ATH 345  ATH 519  ATH 103  0 ATSL    3 ATSL    0 ATSL    0 ATSL    3 
  0 1271    1  58    0   0    0   0    0   0    0  0   0   0   0  0   0   0   0  0   0   0   0  0   0   0
    WFB   WR 928   PB 345  ATH 519  ATH 103  0 ATSL    3 ATSL    0 ATSL    0 ATSL    3 
  0 1271    1  58    0   0    0   0    0   0    0  0   0   0   0  0   0   0   0  0   0   0   0  0   0   0
    WFB   WR 928   WR 345   PB 519  ATH 103  0 ATSL    3 ATSL    0 ATSL    0 ATSL    3 
  0 1271    1  58    3  21    0   0    0   0    0  0   0   0   0  0   0   0   0  0   0   0   0  0   0   0
    WFB   WR 928   WR 345   PB 519  ATH 103  0 ATSL    3 ATSL    0 ATSL    0 ATSL    3 
  0 1271    1  58    3  21    0   0    0   0    0  0   0   0   0  0   0   0   0  0   0   0   0  0   0   0
    WFB   WR 928   WR 345   PB 519   PB 103  0 ATSL    3 ATSL    0 ATSL    0 ATSL    3 
  0 1271    1  58    3  21    0   0    0   0    0  0   0   0   0  0   0   0   0  0   0   0   0  0   0   0
    WFB   WR 928   WR 345   WR 519   PB 103  0 ATSL    3 ATSL    0 ATSL    0 ATSL    3 
  0 1271    1  58    3  21    2 194    0   0    0  0   0   0   0  0   0   0   0  0   0   0   0  0   0   0
    WFB   WR 928   WR 345   WR 519   WR 103  0 ATSL    3 ATSL    0 ATSL    0 ATSL    3 
  0 1271    1  58    3  21    2 194    0   6    0  0   0   0   0  0   0   0   0  0   0   0   0  0   0   0
    STR   WR 928   WR 345   WR 519   WR 103  0 ATSL    3 ATSL    0 ATSL    0 ATSL    3 
  0 1271    1  58    3  21    2 194    0   6    0  0   0   0   0  0   0   0   0  0   0   0   0  0   0   0
