AFTERNOON AT THE RACE TRACK - Description of the internal state of the problem
MAN/BRK           SPECTATOR/BETTER              HORSE/JOCKEY PAIR at Race RN
  Stat  St0  Am0 St1  Am1 St2  Am2 St3  Am3 RN St0  Len0 St1  Len1 St2  Len2 St3  Len3 
                                        Race RN Status
 RN Dist BS0  BA0 BS1  BA1 BS2  BA2 BS3  BA3  Od0 N0 Ps0 SD0 Od1 N1 Ps1 SD1 Od2 N2 Ps2 SD2 Od3 N3 Ps3 SD3 
    OTE WFRTS 259        0        0        0  0         0         0         0         0 
  0    0    0   0    0   0    0   0    0   0    0  0   0   0   0  0   0   0   0  0   0   0   0  0   0   0
    OTE WFRTS 259 WFRTS 873        0        0  0         0         0         0         0 
  0    0    0   0    0   0    0   0    0   0    0  0   0   0   0  0   0   0   0  0   0   0   0  0   0   0
    OTE WFRTS 259 WFRTS 873 WFRTS 755        0  0         0         0         0         0 
  0    0    0   0    0   0    0   0    0   0    0  0   0   0   0  0   0   0   0  0   0   0   0  0   0   0
    OTE WFRTS 259 WFRTS 873 WFRTS 755 WFRTS 790  0         0         0         0         0 
  0    0    0   0    0   0    0   0    0   0    0  0   0   0   0  0   0   0   0  0   0   0   0  0   0   0
    OTE WFRTS 259 WFRTS 873 WFRTS 755 WFRTS 790  0  ATS    2         0         0         0 
  0    0    0   0    0   0    0   0    0   0    0  0   0   0   0  0   0   0   0  0   0   0   0  0   0   0
    OTE WFRTS 259 WFRTS 873 WFRTS 755 WFRTS 790  0  ATS    2         0         0         0 
  0    0    0   0    0   0    0   0    0   0    0  0   0   0   0  0   0   0   0  0   0   0   0  0   0   0
    OTE WFRTS 259 WFRTS 873 WFRTS 755 WFRTS 790  0  ATS    2  ATS    0         0         0 
  0    0    0   0    0   0    0   0    0   0    0  0   0   0   0  0   0   0   0  0   0   0   0  0   0   0
    OTE WFRTS 259 WFRTS 873 WFRTS 755 WFRTS 790  0  ATS    2  ATS    0         0         0 
  0    0    0   0    0   0    0   0    0   0    0  0   0   0   0  0   0   0   0  0   0   0   0  0   0   0
    OTE WFRTS 259 WFRTS 873 WFRTS 755 WFRTS 790  0  ATS    2  ATS    0  ATS    0         0 
  0    0    0   0    0   0    0   0    0   0    0  0   0   0   0  0   0   0   0  0   0   0   0  0   0   0
    OTE WFRTS 259 WFRTS 873 WFRTS 755 WFRTS 790  0  ATS    2  ATS    0  ATS    0         0 
  0    0    0   0    0   0    0   0    0   0    0  0   0   0   0  0   0   0   0  0   0   0   0  0   0   0
    OTE WFRTS 259 WFRTS 873 WFRTS 755 WFRTS 790  0  ATS    2  ATS    0  ATS    0  ATS    1 
  0    0    0   0    0   0    0   0    0   0    0  0   0   0   0  0   0   0   0  0   0   0   0  0   0   0
    OTE WFRTS 259 WFRTS 873 WFRTS 755 WFRTS 790  0  ATS    2  ATS    0  ATS    0  ATS    1 
  0    0    0   0    0   0    0   0    0   0    0  0   0   0   0  0   0   0   0  0   0   0   0  0   0   0
    OTE  ATH 259 WFRTS 873 WFRTS 755 WFRTS 790  0  ATS    2  ATS    0  ATS    0  ATS    1 
  0    0    0   0    0   0    0   0    0   0    0  0   0   0   0  0   0   0   0  0   0   0   0  0   0   0
    OTE  ATH 259 WFRTS 873 WFRTS 755 WFRTS 790  0  ATS    2  ATS    0  ATS    0  ATS    1 
  0    0    0   0    0   0    0   0    0   0    0  0   0   0   0  0   0   0   0  0   0   0   0  0   0   0
    OTE  ATH 259 WFRTS 873 WFRTS 755 WFRTS 790  0  ATS    2  ATS    0  ATS    0  ATS    1 
  0    0    0   0    0   0    0   0    0   0    0  0   0   0   0  0   0   0   0  0   0   0   0  0   0   0
    OTE  ATH 259 WFRTS 873 WFRTS 755 WFRTS 790  0  ATS    2  ATS    0  ATS    0  ATS    1 
  0    0    0   0    0   0    0   0    0   0    0  0   0   0   0  0   0   0   0  0   0   0   0  0   0   0
    OTE  ATH 259 WFRTS 873 WFRTS 755 WFRTS 790  0  ATS    2  ATS    0  ATS    0  ATS    1 
  0    0    0   0    0   0    0   0    0   0    0  0   0   0   0  0   0   0   0  0   0   0   0  0   0   0
    OTE  ATH 259  ATH 873 WFRTS 755 WFRTS 790  0  ATS    2  ATS    0  ATS    0  ATS    1 
  0    0    0   0    0   0    0   0    0   0    0  0   0   0   0  0   0   0   0  0   0   0   0  0   0   0
    OTE  ATH 259  ATH 873  ATH 755 WFRTS 790  0  ATS    2  ATS    0  ATS    0  ATS    1 
  0    0    0   0    0   0    0   0    0   0    0  0   0   0   0  0   0   0   0  0   0   0   0  0   0   0
    ANR  ATH 259  ATH 873  ATH 755  ATH 790  0  ATS    2  ATS    0  ATS    0  ATS    1 
  0    0    0   0    0   0    0   0    0   0    0  0   0   0   0  0   0   0   0  0   0   0   0  0   0   0
    ANR  ATH 259  ATH 873  ATH 755  ATH 790  0  ATP    2  ATS    0  ATS    0  ATS    1 
  0    0    0   0    0   0    0   0    0   0    0  0   0   0   0  0   0   0   0  0   0   0   0  0   0   0
    ANR  ATH 259  ATH 873  ATH 755  ATH 790  0  ATP    2  ATS    0  ATS    0  ATS    1 
  0    0    0   0    0   0    0   0    0   0    0  0   0   0   0  0   0   0   0  0   0   0   0  0   0   0
    ANR  ATH 259  ATH 873  ATH 755  ATH 790  0  ATP    2  ATS    0  ATS    0  ATP    1 
  0    0    0   0    0   0    0   0    0   0    0  0   0   0   0  0   0   0   0  0   0   0   0  0   0   0
    ANR  ATH 259  ATH 873  ATH 755  ATH 790  0  ATP    2  ATS    0  ATS    0  ATP    1 
  0    0    0   0    0   0    0   0    0   0    0  0   0   0   0  0   0   0   0  0   0   0   0  0   0   0
    WFB  ATH 259  ATH 873  ATH 755  ATH 790  0  ATP    2  ATS    0  ATP    0  ATP    1 
  0    0    0   0    0   0    0   0    0   0    0  0   0   0   0  0   0   0   0  0   0   0   0  0   0   0
    WFB  ATH 259  ATH 873  ATH 755  ATH 790  0  ATP    2  ATS    0  ATP    0  ATP    1 
  0    0    0   0    0   0    0   0    0   0    0  0   0   0   0  0   0   0   0  0   0   0   0  0   0   0
    WFB  ATH 259  ATH 873  ATH 755  ATH 790  0  ATP    2  ATP    0  ATP    0  ATP    1 
  0    0    0   0    0   0    0   0    0   0    0  0   0   0   0  0   0   0   0  0   0   0   0  0   0   0
    WFB   PB 259  ATH 873  ATH 755  ATH 790  0  ATP    2  ATP    0  ATP    0  ATP    1 
  0    0    0   0    0   0    0   0    0   0    0  0   0   0   0  0   0   0   0  0   0   0   0  0   0   0
    WFB   PB 259  ATH 873  ATH 755   PB 790  0  ATP    2  ATP    0  ATP    0  ATP    1 
  0    0    2  16    0   0    0   0    0   0    0  0   0   0   0  0   0   0   0  0   0   0   0  0   0   0
    WFB   PB 259  ATH 873   PB 755   PB 790  0  ATP    2  ATP    0  ATP    0  ATP    1 
  0    0    2  16    0   0    0   0    2 296    0  0   0   0   0  0   0   0   0  0   0   0   0  0   0   0
    WFB   PB 259   PB 873   PB 755   PB 790  0  ATP    2  ATP    0  ATP    0  ATP    1 
  0    0    2  16    0   0    0   0    2 296    0  0   0   0   0  0   0   0   0  0   0   0   0  0   0   0
