AFTERNOON AT THE RACE TRACK - Description of the internal state of the problem
MAN/BRK           SPECTATOR/BETTER              HORSE/JOCKEY PAIR at Race RN
  Stat  St0  Am0 St1  Am1 St2  Am2 St3  Am3 RN St0  Len0 St1  Len1 St2  Len2 St3  Len3 
                                        Race RN Status
 RN Dist BS0  BA0 BS1  BA1 BS2  BA2 BS3  BA3  Od0 N0 Ps0 SD0 Od1 N1 Ps1 SD1 Od2 N2 Ps2 SD2 Od3 N3 Ps3 SD3 
    OTE WFRTS 658        0        0        0  0         0         0         0         0 
  0    0    0   0    0   0    0   0    0   0    0  0   0   0   0  0   0   0   0  0   0   0   0  0   0   0
    OTE WFRTS 658 WFRTS 569        0        0  0         0         0         0         0 
  0    0    0   0    0   0    0   0    0   0    0  0   0   0   0  0   0   0   0  0   0   0   0  0   0   0
    OTE WFRTS 658 WFRTS 569 WFRTS 380        0  0         0         0         0         0 
  0    0    0   0    0   0    0   0    0   0    0  0   0   0   0  0   0   0   0  0   0   0   0  0   0   0
    OTE WFRTS 658 WFRTS 569 WFRTS 380 WFRTS 436  0         0         0         0         0 
  0    0    0   0    0   0    0   0    0   0    0  0   0   0   0  0   0   0   0  0   0   0   0  0   0   0
    OTE WFRTS 658 WFRTS 569 WFRTS 380 WFRTS 436  0  ATS    2         0         0         0 
  0    0    0   0    0   0    0   0    0   0    0  0   0   0   0  0   0   0   0  0   0   0   0  0   0   0
    OTE WFRTS 658 WFRTS 569 WFRTS 380 WFRTS 436  0  ATS    2         0         0         0 
  0    0    0   0    0   0    0   0    0   0    0  0   0   0   0  0   0   0   0  0   0   0   0  0   0   0
    OTE WFRTS 658 WFRTS 569 WFRTS 380 WFRTS 436  0  ATS    2  ATS    3         0         0 
  0    0    0   0    0   0    0   0    0   0    0  0   0   0   0  0   0   0   0  0   0   0   0  0   0   0
    OTE WFRTS 658 WFRTS 569 WFRTS 380 WFRTS 436  0  ATS    2  ATS    3         0         0 
  0    0    0   0    0   0    0   0    0   0    0  0   0   0   0  0   0   0   0  0   0   0   0  0   0   0
    OTE WFRTS 658 WFRTS 569 WFRTS 380 WFRTS 436  0  ATS    2  ATS    3  ATS    2         0 
  0    0    0   0    0   0    0   0    0   0    0  0   0   0   0  0   0   0   0  0   0   0   0  0   0   0
    OTE WFRTS 658 WFRTS 569 WFRTS 380 WFRTS 436  0  ATS    2  ATS    3  ATS    2         0 
  0    0    0   0    0   0    0   0    0   0    0  0   0   0   0  0   0   0   0  0   0   0   0  0   0   0
    OTE WFRTS 658 WFRTS 569 WFRTS 380 WFRTS 436  0  ATS    2  ATS    3  ATS    2  ATS    4 
  0    0    0   0    0   0    0   0    0   0    0  0   0   0   0  0   0   0   0  0   0   0   0  0   0   0
    OTE WFRTS 658 WFRTS 569 WFRTS 380 WFRTS 436  0  ATS    2  ATS    3  ATS    2  ATS    4 
  0    0    0   0    0   0    0   0    0   0    0  0   0   0   0  0   0   0   0  0   0   0   0  0   0   0
    OTE WFRTS 658 WFRTS 569 WFRTS 380 WFRTS 436  0  ATS    2  ATS    3  ATS    2  ATS    4 
  0    0    0   0    0   0    0   0    0   0    0  0   0   0   0  0   0   0   0  0   0   0   0  0   0   0
    OTE  ATH 658 WFRTS 569 WFRTS 380 WFRTS 436  0  ATS    2  ATS    3  ATS    2  ATS    4 
  0    0    0   0    0   0    0   0    0   0    0  0   0   0   0  0   0   0   0  0   0   0   0  0   0   0
    OTE  ATH 658 WFRTS 569 WFRTS 380 WFRTS 436  0  ATS    2  ATS    3  ATS    2  ATS    4 
  0    0    0   0    0   0    0   0    0   0    0  0   0   0   0  0   0   0   0  0   0   0   0  0   0   0
    OTE  ATH 658 WFRTS 569 WFRTS 380  ATH 436  0  ATS    2  ATS    3  ATS    2  ATS    4 
  0    0    0   0    0   0    0   0    0   0    0  0   0   0   0  0   0   0   0  0   0   0   0  0   0   0
    OTE  ATH 658 WFRTS 569 WFRTS 380  ATH 436  0  ATS    2  ATS    3  ATS    2  ATS    4 
  0    0    0   0    0   0    0   0    0   0    0  0   0   0   0  0   0   0   0  0   0   0   0  0   0   0
    OTE  ATH 658 WFRTS 569  ATH 380  ATH 436  0  ATS    2  ATS    3  ATS    2  ATS    4 
  0    0    0   0    0   0    0   0    0   0    0  0   0   0   0  0   0   0   0  0   0   0   0  0   0   0
    OTE  ATH 658 WFRTS 569  ATH 380  ATH 436  0  ATS    2  ATS    3  ATS    2  ATS    4 
  0    0    0   0    0   0    0   0    0   0    0  0   0   0   0  0   0   0   0  0   0   0   0  0   0   0
    OTE  ATH 658  ATH 569  ATH 380  ATH 436  0  ATS    2  ATS    3  ATS    2  ATS    4 
  0    0    0   0    0   0    0   0    0   0    0  0   0   0   0  0   0   0   0  0   0   0   0  0   0   0
    OTE  ATH 658  ATH 569  ATH 380  ATH 436  0  ATP    2  ATS    3  ATS    2  ATS    4 
  0    0    0   0    0   0    0   0    0   0    0  0   0   0   0  0   0   0   0  0   0   0   0  0   0   0
    ANR  ATH 658  ATH 569  ATH 380  ATH 436  0  ATP    2  ATS    3  ATS    2  ATP    4 
  0    0    0   0    0   0    0   0    0   0    0  0   0   0   0  0   0   0   0  0   0   0   0  0   0   0
    ANR  ATH 658  ATH 569  ATH 380  ATH 436  0  ATP    2  ATS    3  ATS    2  ATP    4 
  0    0    0   0    0   0    0   0    0   0    0  0   0   0   0  0   0   0   0  0   0   0   0  0   0   0
    WFB  ATH 658  ATH 569  ATH 380  ATH 436  0  ATP    2  ATS    3  ATP    2  ATP    4 
  0    0    0   0    0   0    0   0    0   0    0  0   0   0   0  0   0   0   0  0   0   0   0  0   0   0
    WFB  ATH 658  ATH 569  ATH 380  ATH 436  0  ATP    2  ATS    3  ATP    2  ATP    4 
  0    0    0   0    0   0    0   0    0   0    0  0   0   0   0  0   0   0   0  0   0   0   0  0   0   0
    WFB  ATH 658  ATH 569  ATH 380  ATH 436  0  ATP    2  ATS    3  ATP    2  ATP    4 
  0    0    0   0    0   0    0   0    0   0    0  0   0   0   0  0   0   0   0  0   0   0   0  0   0   0
    WFB  ATH 658  ATH 569  ATH 380  ATH 436  0  ATP    2  ATP    3  ATP    2  ATP    4 
  0    0    0   0    0   0    0   0    0   0    0  0   0   0   0  0   0   0   0  0   0   0   0  0   0   0
    WFB   PB 658  ATH 569  ATH 380  ATH 436  0  ATP    2  ATP    3  ATP    2  ATP    4 
  0    0    0   0    0   0    0   0    0   0    0  0   0   0   0  0   0   0   0  0   0   0   0  0   0   0
    WFB   PB 658  ATH 569  ATH 380   PB 436  0  ATP    2  ATP    3  ATP    2  ATP    4 
  0    0    2 164    0   0    0   0    0   0    0  0   0   0   0  0   0   0   0  0   0   0   0  0   0   0
    WFB   PB 658  ATH 569   PB 380   PB 436  0  ATP    2  ATP    3  ATP    2  ATP    4 
  0    0    2 164    0   0    0   0    0 109    0  0   0   0   0  0   0   0   0  0   0   0   0  0   0   0
    WFB   PB 658   PB 569   PB 380   PB 436  0  ATP    2  ATP    3  ATP    2  ATP    4 
  0    0    2 164    0   0    0   0    0 109    0  0   0   0   0  0   0   0   0  0   0   0   0  0   0   0
