AFTERNOON AT THE RACE TRACK - Description of the internal state of the problem
MAN/BRK           SPECTATOR/BETTER              HORSE/JOCKEY PAIR at Race RN
  Stat  St0  Am0 St1  Am1 St2  Am2 St3  Am3 RN St0  Len0 St1  Len1 St2  Len2 St3  Len3 
                                        Race RN Status
 RN Dist BS0  BA0 BS1  BA1 BS2  BA2 BS3  BA3  Od0 N0 Ps0 SD0 Od1 N1 Ps1 SD1 Od2 N2 Ps2 SD2 Od3 N3 Ps3 SD3 
    OTE WFRTS 509        0        0        0  0         0         0         0         0 
  0  771    0   0    0   0    0   0    0   0    0  0   0   0   0  0   0   0   0  0   0   0   0  0   0   0
    OTE WFRTS 509        0        0        0  0         0         0         0         0 
  0  771    0   0    0   0    0   0    0   0    0  0   0   0   0  0   0   0   0  0   0   0   0  0   0   0
    OTE WFRTS 509 WFRTS 615        0        0  0         0         0         0         0 
  0  771    0   0    0   0    0   0    0   0    0  0   0   0   0  0   0   0   0  0   0   0   0  0   0   0
    OTE WFRTS 509 WFRTS 615        0        0  0         0         0         0         0 
  0  771    0   0    0   0    0   0    0   0    0  0   0   0   0  0   0   0   0  0   0   0   0  0   0   0
    OTE WFRTS 509 WFRTS 615 WFRTS 458        0  0         0         0         0         0 
  0  771    0   0    0   0    0   0    0   0    0  0   0   0   0  0   0   0   0  0   0   0   0  0   0   0
    OTE WFRTS 509 WFRTS 615 WFRTS 458        0  0         0         0         0         0 
  0  771    0   0    0   0    0   0    0   0    0  0   0   0   0  0   0   0   0  0   0   0   0  0   0   0
    OTE WFRTS 509 WFRTS 615 WFRTS 458 WFRTS 970  0         0         0         0         0 
  0  771    0   0    0   0    0   0    0   0    0  0   0   0   0  0   0   0   0  0   0   0   0  0   0   0
    OTE WFRTS 509 WFRTS 615 WFRTS 458 WFRTS 970  0         0         0         0         0 
  0  771    0   0    0   0    0   0    0   0    0  0   0   0   0  0   0   0   0  0   0   0   0  0   0   0
    OTE WFRTS 509 WFRTS 615 WFRTS 458 WFRTS 970  0  ATS    3         0         0         0 
  0  771    0   0    0   0    0   0    0   0    0  0   0   0   0  0   0   0   0  0   0   0   0  0   0   0
    OTE WFRTS 509 WFRTS 615 WFRTS 458 WFRTS 970  0  ATS    3         0         0         0 
  0  771    0   0    0   0    0   0    0   0    0  0   0   0   0  0   0   0   0  0   0   0   0  0   0   0
    OTE WFRTS 509 WFRTS 615 WFRTS 458 WFRTS 970  0  ATS    3  ATS    2         0         0 
  0  771    0   0    0   0    0   0    0   0    0  0   0   0   0  0   0   0   0  0   0   0   0  0   0   0
    OTE WFRTS 509 WFRTS 615 WFRTS 458 WFRTS 970  0  ATS    3  ATS    2         0         0 
  0  771    0   0    0   0    0   0    0   0    0  0   0   0   0  0   0   0   0  0   0   0   0  0   0   0
    OTE WFRTS 509 WFRTS 615 WFRTS 458 WFRTS 970  0  ATS    3  ATS    2  ATS    1         0 
  0  771    0   0    0   0    0   0    0   0    0  0   0   0   0  0   0   0   0  0   0   0   0  0   0   0
    OTE WFRTS 509 WFRTS 615 WFRTS 458 WFRTS 970  0  ATS    3  ATS    2  ATS    1         0 
  0  771    0   0    0   0    0   0    0   0    0  0   0   0   0  0   0   0   0  0   0   0   0  0   0   0
    OTE WFRTS 509 WFRTS 615 WFRTS 458 WFRTS 970  0  ATS    3  ATS    2  ATS    1  ATS    3 
  0  771    0   0    0   0    0   0    0   0    0  0   0   0   0  0   0   0   0  0   0   0   0  0   0   0
    OTE WFRTS 509 WFRTS 615 WFRTS 458 WFRTS 970  0  ATS    3  ATS    2  ATS    1  ATS    3 
  0  771    0   0    0   0    0   0    0   0    0  0   0   0   0  0   0   0   0  0   0   0   0  0   0   0
    ANR WFRTS 509 WFRTS 615 WFRTS 458 WFRTS 970  0  ATS    3  ATS    2  ATS    1  ATS    3 
  0  771    0   0    0   0    0   0    0   0    0  0   0   0   0  0   0   0   0  0   0   0   0  0   0   0
    ANR  ATH 509 WFRTS 615 WFRTS 458 WFRTS 970  0  ATS    3  ATS    2  ATS    1  ATS    3 
  0  771    0   0    0   0    0   0    0   0    0  0   0   0   0  0   0   0   0  0   0   0   0  0   0   0
    ANR  ATH 509 WFRTS 615 WFRTS 458 WFRTS 970  0  ATS    3  ATS    2  ATS    1  ATS    3 
  0  771    0   0    0   0    0   0    0   0    0  0   0   0   0  0   0   0   0  0   0   0   0  0   0   0
    ANR  ATH 509 WFRTS 615  ATH 458 WFRTS 970  0  ATS    3  ATS    2  ATS    1  ATS    3 
  0  771    0   0    0   0    0   0    0   0    0  0   0   0   0  0   0   0   0  0   0   0   0  0   0   0
    ANR  ATH 509 WFRTS 615  ATH 458  ATH 970  0  ATS    3  ATS    2  ATS    1  ATS    3 
  0  771    0   0    0   0    0   0    0   0    0  0   0   0   0  0   0   0   0  0   0   0   0  0   0   0
    WFB  ATH 509  ATH 615  ATH 458  ATH 970  0  ATS    3  ATS    2  ATS    1  ATS    3 
  0  771    0   0    0   0    0   0    0   0    0  0   0   0   0  0   0   0   0  0   0   0   0  0   0   0
    WFB  ATH 509  ATH 615  ATH 458  ATH 970  0  ATS    3  ATS    2  ATS    1  ATS    3 
  0  771    0   0    0   0    0   0    0   0    0  0   0   0   0  0   0   0   0  0   0   0   0  0   0   0
    WFB  ATH 509  ATH 615  ATH 458  ATH 970  0  ATP    3  ATS    2  ATS    1  ATS    3 
  0  771    0   0    0   0    0   0    0   0    0  0   0   0   0  0   0   0   0  0   0   0   0  0   0   0
    WFB  ATH 509  ATH 615  ATH 458  ATH 970  0 ATSL    3  ATS    2  ATS    1  ATP    3 
  0  771    0   0    0   0    0   0    0   0    0  0   0   0   0  0   0   0   0  0   0   0   0  0   0   0
    WFB  ATH 509  ATH 615  ATH 458  ATH 970  0 ATSL    3  ATS    2  ATS    1  ATP    3 
  0  771    0   0    0   0    0   0    0   0    0  0   0   0   0  0   0   0   0  0   0   0   0  0   0   0
    WFB  ATH 509  ATH 615  ATH 458  ATH 970  0 ATSL    3  ATS    2  ATP    1 ATSL    3 
  0  771    0   0    0   0    0   0    0   0    0  0   0   0   0  0   0   0   0  0   0   0   0  0   0   0
    WFB  ATH 509  ATH 615  ATH 458  ATH 970  0 ATSL    3  ATS    2  ATP    1 ATSL    3 
  0  771    0   0    0   0    0   0    0   0    0  0   0   0   0  0   0   0   0  0   0   0   0  0   0   0
    WFB  ATH 509  ATH 615  ATH 458  ATH 970  0 ATSL    3  ATP    2 ATSL    1 ATSL    3 
  0  771    0   0    0   0    0   0    0   0    0  0   0   0   0  0   0   0   0  0   0   0   0  0   0   0
    WFB  ATH 509  ATH 615  ATH 458  ATH 970  0 ATSL    3  ATP    2 ATSL    1 ATSL    3 
  0  771    0   0    0   0    0   0    0   0    0  0   0   0   0  0   0   0   0  0   0   0   0  0   0   0
    WFB  ATH 509  ATH 615  ATH 458  ATH 970  0 ATSL    3 ATSL    2 ATSL    1 ATSL    3 
  0  771    0   0    0   0    0   0    0   0    0  0   0   0   0  0   0   0   0  0   0   0   0  0   0   0
    WFB  ATH 509   PB 615  ATH 458  ATH 970  0 ATSL    3 ATSL    2 ATSL    1 ATSL    3 
  0  771    0   0    0   0    0   0    0   0    0  0   0   0   0  0   0   0   0  0   0   0   0  0   0   0
    WFB  ATH 509   WR 615  ATH 458  ATH 970  0 ATSL    3 ATSL    2 ATSL    1 ATSL    3 
  0  771    0   0    1  38    0   0    0   0    0  0   0   0   0  0   0   0   0  0   0   0   0  0   0   0
    WFB   PB 509   WR 615  ATH 458  ATH 970  0 ATSL    3 ATSL    2 ATSL    1 ATSL    3 
  0  771    0   0    1  38    0   0    0   0    0  0   0   0   0  0   0   0   0  0   0   0   0  0   0   0
    WFB   WR 509   WR 615  ATH 458  ATH 970  0 ATSL    3 ATSL    2 ATSL    1 ATSL    3 
  0  771    3 127    1  38    0   0    0   0    0  0   0   0   0  0   0   0   0  0   0   0   0  0   0   0
    WFB   WR 509   WR 615  ATH 458   PB 970  0 ATSL    3 ATSL    2 ATSL    1 ATSL    3 
  0  771    3 127    1  38    0   0    0   0    0  0   0   0   0  0   0   0   0  0   0   0   0  0   0   0
    WFB   WR 509   WR 615  ATH 458   WR 970  0 ATSL    3 ATSL    2 ATSL    1 ATSL    3 
  0  771    3 127    1  38    0   0    0 242    0  0   0   0   0  0   0   0   0  0   0   0   0  0   0   0
    WFB   WR 509   WR 615   PB 458   WR 970  0 ATSL    3 ATSL    2 ATSL    1 ATSL    3 
  0  771    3 127    1  38    0   0    0 242    0  0   0   0   0  0   0   0   0  0   0   0   0  0   0   0
    WFB   WR 509   WR 615   WR 458   WR 970  0 ATSL    3 ATSL    2 ATSL    1 ATSL    3 
  0  771    3 127    1  38    1  28    0 242    0  0   0   0   0  0   0   0   0  0   0   0   0  0   0   0
    STR   WR 509   WR 615   WR 458   WR 970  0 ATSL    3 ATSL    2 ATSL    1 ATSL    3 
  0  771    3 127    1  38    1  28    0 242    0  0   0   0   0  0   0   0   0  0   0   0   0  0   0   0
