AFTERNOON AT THE RACE TRACK - Description of the internal state of the problem
MAN/BRK           SPECTATOR/BETTER              HORSE/JOCKEY PAIR at Race RN
  Stat  St0  Am0 St1  Am1 St2  Am2 St3  Am3 RN St0  Len0 St1  Len1 St2  Len2 St3  Len3 
                                        Race RN Status
 RN Dist BS0  BA0 BS1  BA1 BS2  BA2 BS3  BA3  Od0 N0 Ps0 SD0 Od1 N1 Ps1 SD1 Od2 N2 Ps2 SD2 Od3 N3 Ps3 SD3 
    OTE WFRTS 542        0        0        0  0         0         0         0         0 
  0    0    0   0    0   0    0   0    0   0    0  0   0   0   0  0   0   0   0  0   0   0   0  0   0   0
    OTE WFRTS 542 WFRTS 498        0        0  0         0         0         0         0 
  0    0    0   0    0   0    0   0    0   0    0  0   0   0   0  0   0   0   0  0   0   0   0  0   0   0
    OTE WFRTS 542 WFRTS 498 WFRTS  14        0  0         0         0         0         0 
  0    0    0   0    0   0    0   0    0   0    0  0   0   0   0  0   0   0   0  0   0   0   0  0   0   0
    OTE WFRTS 542 WFRTS 498 WFRTS  14 WFRTS 900  0         0         0         0         0 
  0    0    0   0    0   0    0   0    0   0    0  0   0   0   0  0   0   0   0  0   0   0   0  0   0   0
    OTE WFRTS 542 WFRTS 498 WFRTS  14 WFRTS 900  0  ATS    4         0         0         0 
  0    0    0   0    0   0    0   0    0   0    0  0   0   0   0  0   0   0   0  0   0   0   0  0   0   0
    OTE WFRTS 542 WFRTS 498 WFRTS  14 WFRTS 900  0  ATS    4  ATS    0         0         0 
  0    0    0   0    0   0    0   0    0   0    0  0   0   0   0  0   0   0   0  0   0   0   0  0   0   0
    OTE WFRTS 542 WFRTS 498 WFRTS  14 WFRTS 900  0  ATS    4  ATS    2         0         0 
  0    0    0   0    0   0    0   0    0   0    0  0   0   0   0  0   0   0   0  0   0   0   0  0   0   0
    OTE WFRTS 542 WFRTS 498 WFRTS  14 WFRTS 900  0  ATS    4  ATS    2  ATS    0         0 
  0    0    0   0    0   0    0   0    0   0    0  0   0   0   0  0   0   0   0  0   0   0   0  0   0   0
    OTE WFRTS 542 WFRTS 498 WFRTS  14 WFRTS 900  0  ATS    4  ATS    2  ATS    1         0 
  0    0    0   0    0   0    0   0    0   0    0  0   0   0   0  0   0   0   0  0   0   0   0  0   0   0
    OTE WFRTS 542 WFRTS 498 WFRTS  14 WFRTS 900  0  ATS    4  ATS    2  ATS    1         0 
  0    0    0   0    0   0    0   0    0   0    0  0   0   0   0  0   0   0   0  0   0   0   0  0   0   0
    OTE WFRTS 542 WFRTS 498 WFRTS  14 WFRTS 900  0  ATS    4  ATS    2  ATS    1  ATS    4 
  0    0    0   0    0   0    0   0    0   0    0  0   0   0   0  0   0   0   0  0   0   0   0  0   0   0
    OTE WFRTS 542 WFRTS 498 WFRTS  14 WFRTS 900  0  ATS    4  ATS    2  ATS    1  ATS    4 
  0    0    0   0    0   0    0   0    0   0    0  0   0   0   0  0   0   0   0  0   0   0   0  0   0   0
    OTE WFRTS 542 WFRTS 498 WFRTS  14 WFRTS 900  0  ATS    4  ATS    2  ATS    1  ATS    4 
  0    0    0   0    0   0    0   0    0   0    0  0   0   0   0  0   0   0   0  0   0   0   0  0   0   0
    OTE  ATH 542 WFRTS 498 WFRTS  14 WFRTS 900  0  ATS    4  ATS    2  ATS    1  ATS    4 
  0    0    0   0    0   0    0   0    0   0    0  0   0   0   0  0   0   0   0  0   0   0   0  0   0   0
    OTE  ATH 542 WFRTS 498 WFRTS  14 WFRTS 900  0  ATS    4  ATS    2  ATS    1  ATS    4 
  0    0    0   0    0   0    0   0    0   0    0  0   0   0   0  0   0   0   0  0   0   0   0  0   0   0
    OTE  ATH 542 WFRTS 498 WFRTS  14  ATH 900  0  ATS    4  ATS    2  ATS    1  ATS    4 
  0    0    0   0    0   0    0   0    0   0    0  0   0   0   0  0   0   0   0  0   0   0   0  0   0   0
    OTE  ATH 542 WFRTS 498 WFRTS  14  ATH 900  0  ATS    4  ATS    2  ATS    1  ATS    4 
  0    0    0   0    0   0    0   0    0   0    0  0   0   0   0  0   0   0   0  0   0   0   0  0   0   0
    OTE  ATH 542 WFRTS 498 WFRTS  14  ATH 900  0  ATS    4  ATS    2  ATS    1  ATS    4 
  0    0    0   0    0   0    0   0    0   0    0  0   0   0   0  0   0   0   0  0   0   0   0  0   0   0
    OTE  ATH 542 WFRTS 498  ATH  14  ATH 900  0  ATS    4  ATS    2  ATS    1  ATS    4 
  0    0    0   0    0   0    0   0    0   0    0  0   0   0   0  0   0   0   0  0   0   0   0  0   0   0
    OTE  ATH 542 WFRTS 498  ATH  14  ATH 900  0  ATS    4  ATS    2  ATS    1  ATS    4 
  0    0    0   0    0   0    0   0    0   0    0  0   0   0   0  0   0   0   0  0   0   0   0  0   0   0
    ANR  ATH 542  ATH 498  ATH  14  ATH 900  0  ATS    4  ATS    2  ATS    1  ATS    4 
  0    0    0   0    0   0    0   0    0   0    0  0   0   0   0  0   0   0   0  0   0   0   0  0   0   0
    ANR  ATH 542  ATH 498  ATH  14  ATH 900  0  ATS    4  ATS    2  ATS    1  ATS    4 
  0    0    0   0    0   0    0   0    0   0    0  0   0   0   0  0   0   0   0  0   0   0   0  0   0   0
    ANR  ATH 542  ATH 498  ATH  14  ATH 900  0  ATP    4  ATS    2  ATS    1  ATS    4 
  0    0    0   0    0   0    0   0    0   0    0  0   0   0   0  0   0   0   0  0   0   0   0  0   0   0
    WFB  ATH 542  ATH 498  ATH  14  ATH 900  0  ATP    4  ATS    2  ATS    1  ATS    4 
  0    0    0   0    0   0    0   0    0   0    0  0   0   0   0  0   0   0   0  0   0   0   0  0   0   0
    WFB  ATH 542  ATH 498  ATH  14  ATH 900  0  ATP    4  ATS    2  ATS    1  ATP    4 
  0    0    0   0    0   0    0   0    0   0    0  0   0   0   0  0   0   0   0  0   0   0   0  0   0   0
    WFB  ATH 542  ATH 498  ATH  14  ATH 900  0  ATP    4  ATS    2  ATP    1  ATP    4 
  0    0    0   0    0   0    0   0    0   0    0  0   0   0   0  0   0   0   0  0   0   0   0  0   0   0
    WFB  ATH 542  ATH 498  ATH  14  ATH 900  0  ATP    4  ATP    2  ATP    1  ATP    4 
  0    0    0   0    0   0    0   0    0   0    0  0   0   0   0  0   0   0   0  0   0   0   0  0   0   0
    WFB   PB 542  ATH 498  ATH  14  ATH 900  0  ATP    4  ATP    2  ATP    1  ATP    4 
  0    0    0   0    0   0    0   0    0   0    0  0   0   0   0  0   0   0   0  0   0   0   0  0   0   0
    WFB   PB 542   PB 498  ATH  14  ATH 900  0  ATP    4  ATP    2  ATP    1  ATP    4 
  0    0    3 135    0   0    0   0    0   0    0  0   0   0   0  0   0   0   0  0   0   0   0  0   0   0
    WFB   PB 542   PB 498  ATH  14   PB 900  0  ATP    4  ATP    2  ATP    1  ATP    4 
  0    0    3 135    0   0    0   0    0   0    0  0   0   0   0  0   0   0   0  0   0   0   0  0   0   0
    WFB   PB 542   PB 498   PB  14   PB 900  0  ATP    4  ATP    2  ATP    1  ATP    4 
  0    0    3 135    0   0    0   0    0   0    0  0   0   0   0  0   0   0   0  0   0   0   0  0   0   0
