AFTERNOON AT THE RACE TRACK - Description of the internal state of the problem
MAN/BRK           SPECTATOR/BETTER              HORSE/JOCKEY PAIR at Race RN
  Stat  St0  Am0 St1  Am1 St2  Am2 St3  Am3 RN St0  Len0 St1  Len1 St2  Len2 St3  Len3 
                                        Race RN Status
 RN Dist BS0  BA0 BS1  BA1 BS2  BA2 BS3  BA3  Od0 N0 Ps0 SD0 Od1 N1 Ps1 SD1 Od2 N2 Ps2 SD2 Od3 N3 Ps3 SD3 
    OTE WFRTS 388        0        0        0  0         0         0         0         0 
  0  953    0   0    0   0    0   0    0   0    0  0   0   0   0  0   0   0   0  0   0   0   0  0   0   0
    OTE WFRTS 388        0        0        0  0         0         0         0         0 
  0  953    0   0    0   0    0   0    0   0    0  0   0   0   0  0   0   0   0  0   0   0   0  0   0   0
    OTE WFRTS 388 WFRTS 506        0        0  0         0         0         0         0 
  0  953    0   0    0   0    0   0    0   0    0  0   0   0   0  0   0   0   0  0   0   0   0  0   0   0
    OTE WFRTS 388 WFRTS 506        0        0  0         0         0         0         0 
  0  953    0   0    0   0    0   0    0   0    0  0   0   0   0  0   0   0   0  0   0   0   0  0   0   0
    OTE WFRTS 388 WFRTS 506 WFRTS 195        0  0         0         0         0         0 
  0  953    0   0    0   0    0   0    0   0    0  0   0   0   0  0   0   0   0  0   0   0   0  0   0   0
    OTE WFRTS 388 WFRTS 506 WFRTS 195 WFRTS   0  0         0         0         0         0 
  0  953    0   0    0   0    0   0    0   0    0  0   0   0   0  0   0   0   0  0   0   0   0  0   0   0
    OTE WFRTS 388 WFRTS 506 WFRTS 195 WFRTS 219  0         0         0         0         0 
  0  953    0   0    0   0    0   0    0   0    0  0   0   0   0  0   0   0   0  0   0   0   0  0   0   0
    OTE WFRTS 388 WFRTS 506 WFRTS 195 WFRTS 219  0         0         0         0         0 
  0  953    0   0    0   0    0   0    0   0    0  0   0   0   0  0   0   0   0  0   0   0   0  0   0   0
    OTE WFRTS 388 WFRTS 506 WFRTS 195 WFRTS 219  0  ATS    4         0         0         0 
  0  953    0   0    0   0    0   0    0   0    0  0   0   0   0  0   0   0   0  0   0   0   0  0   0   0
    OTE WFRTS 388 WFRTS 506 WFRTS 195 WFRTS 219  0  ATS    4  ATS    0         0         0 
  0  953    0   0    0   0    0   0    0   0    0  0   0   0   0  0   0   0   0  0   0   0   0  0   0   0
    OTE WFRTS 388 WFRTS 506 WFRTS 195 WFRTS 219  0  ATS    4  ATS    1         0         0 
  0  953    0   0    0   0    0   0    0   0    0  0   0   0   0  0   0   0   0  0   0   0   0  0   0   0
    OTE WFRTS 388 WFRTS 506 WFRTS 195 WFRTS 219  0  ATS    4  ATS    1  ATS    0         0 
  0  953    0   0    0   0    0   0    0   0    0  0   0   0   0  0   0   0   0  0   0   0   0  0   0   0
    OTE WFRTS 388 WFRTS 506 WFRTS 195 WFRTS 219  0  ATS    4  ATS    1  ATS    1         0 
  0  953    0   0    0   0    0   0    0   0    0  0   0   0   0  0   0   0   0  0   0   0   0  0   0   0
    OTE WFRTS 388 WFRTS 506 WFRTS 195 WFRTS 219  0  ATS    4  ATS    1  ATS    1  ATS    0 
  0  953    0   0    0   0    0   0    0   0    0  0   0   0   0  0   0   0   0  0   0   0   0  0   0   0
    OTE WFRTS 388 WFRTS 506 WFRTS 195 WFRTS 219  0  ATS    4  ATS    1  ATS    1  ATS    1 
  0  953    0   0    0   0    0   0    0   0    0  0   0   0   0  0   0   0   0  0   0   0   0  0   0   0
    OTE WFRTS 388 WFRTS 506 WFRTS 195 WFRTS 219  0  ATS    4  ATS    1  ATS    1  ATS    1 
  0  953    0   0    0   0    0   0    0   0    0  0   0   0   0  0   0   0   0  0   0   0   0  0   0   0
    OTE WFRTS 388 WFRTS 506 WFRTS 195 WFRTS 219  0  ATS    4  ATS    1  ATS    1  ATS    1 
  0  953    0   0    0   0    0   0    0   0    0  0   0   0   0  0   0   0   0  0   0   0   0  0   0   0
    OTE  ATH 388 WFRTS 506 WFRTS 195 WFRTS 219  0  ATS    4  ATS    1  ATS    1  ATS    1 
  0  953    0   0    0   0    0   0    0   0    0  0   0   0   0  0   0   0   0  0   0   0   0  0   0   0
    ANR  ATH 388 WFRTS 506 WFRTS 195 WFRTS 219  0  ATS    4  ATS    1  ATS    1  ATS    1 
  0  953    0   0    0   0    0   0    0   0    0  0   0   0   0  0   0   0   0  0   0   0   0  0   0   0
    ANR  ATH 388 WFRTS 506 WFRTS 195  ATH 219  0  ATS    4  ATS    1  ATS    1  ATS    1 
  0  953    0   0    0   0    0   0    0   0    0  0   0   0   0  0   0   0   0  0   0   0   0  0   0   0
    ANR  ATH 388  ATH 506 WFRTS 195  ATH 219  0  ATS    4  ATS    1  ATS    1  ATS    1 
  0  953    0   0    0   0    0   0    0   0    0  0   0   0   0  0   0   0   0  0   0   0   0  0   0   0
    WFB  ATH 388  ATH 506  ATH 195  ATH 219  0  ATS    4  ATS    1  ATS    1  ATS    1 
  0  953    0   0    0   0    0   0    0   0    0  0   0   0   0  0   0   0   0  0   0   0   0  0   0   0
    WFB  ATH 388  ATH 506  ATH 195  ATH 219  0  ATS    4  ATS    1  ATS    1  ATS    1 
  0  953    0   0    0   0    0   0    0   0    0  0   0   0   0  0   0   0   0  0   0   0   0  0   0   0
    WFB  ATH 388  ATH 506  ATH 195  ATH 219  0  ATP    4  ATS    1  ATS    1  ATS    1 
  0  953    0   0    0   0    0   0    0   0    0  0   0   0   0  0   0   0   0  0   0   0   0  0   0   0
    WFB  ATH 388  ATH 506  ATH 195  ATH 219  0 ATSL    4  ATS    1  ATS    1  ATP    1 
  0  953    0   0    0   0    0   0    0   0    0  0   0   0   0  0   0   0   0  0   0   0   0  0   0   0
    WFB  ATH 388  ATH 506  ATH 195  ATH 219  0 ATSL    4  ATS    1  ATS    1  ATP    1 
  0  953    0   0    0   0    0   0    0   0    0  0   0   0   0  0   0   0   0  0   0   0   0  0   0   0
    WFB  ATH 388  ATH 506  ATH 195  ATH 219  0 ATSL    4  ATS    1  ATP    1 ATSL    1 
  0  953    0   0    0   0    0   0    0   0    0  0   0   0   0  0   0   0   0  0   0   0   0  0   0   0
    WFB  ATH 388  ATH 506  ATH 195  ATH 219  0 ATSL    4  ATS    1  ATP    1 ATSL    1 
  0  953    0   0    0   0    0   0    0   0    0  0   0   0   0  0   0   0   0  0   0   0   0  0   0   0
    WFB  ATH 388  ATH 506  ATH 195  ATH 219  0 ATSL    4  ATP    1 ATSL    1 ATSL    1 
  0  953    0   0    0   0    0   0    0   0    0  0   0   0   0  0   0   0   0  0   0   0   0  0   0   0
    WFB  ATH 388  ATH 506  ATH 195  ATH 219  0 ATSL    4  ATP    1 ATSL    1 ATSL    1 
  0  953    0   0    0   0    0   0    0   0    0  0   0   0   0  0   0   0   0  0   0   0   0  0   0   0
    WFB  ATH 388  ATH 506  ATH 195   PB 219  0 ATSL    4  ATP    1 ATSL    1 ATSL    1 
  0  953    0   0    0   0    0   0    0   0    0  0   0   0   0  0   0   0   0  0   0   0   0  0   0   0
    WFB  ATH 388  ATH 506  ATH 195   PB 219  0 ATSL    4 ATSL    1 ATSL    1 ATSL    1 
  0  953    0   0    0   0    0   0    0   0    0  0   0   0   0  0   0   0   0  0   0   0   0  0   0   0
    WFB  ATH 388  ATH 506  ATH 195   WR 219  0 ATSL    4 ATSL    1 ATSL    1 ATSL    1 
  0  953    0   0    0   0    0   0    0  13    0  0   0   0   0  0   0   0   0  0   0   0   0  0   0   0
    WFB  ATH 388   PB 506  ATH 195   WR 219  0 ATSL    4 ATSL    1 ATSL    1 ATSL    1 
  0  953    0   0    0   0    0   0    0  13    0  0   0   0   0  0   0   0   0  0   0   0   0  0   0   0
    WFB  ATH 388   WR 506  ATH 195   WR 219  0 ATSL    4 ATSL    1 ATSL    1 ATSL    1 
  0  953    0   0    1 189    0   0    0  13    0  0   0   0   0  0   0   0   0  0   0   0   0  0   0   0
    WFB   PB 388   WR 506  ATH 195   WR 219  0 ATSL    4 ATSL    1 ATSL    1 ATSL    1 
  0  953    0   0    1 189    0   0    0  13    0  0   0   0   0  0   0   0   0  0   0   0   0  0   0   0
    WFB   PB 388   WR 506   PB 195   WR 219  0 ATSL    4 ATSL    1 ATSL    1 ATSL    1 
  0  953    0   0    1 189    0   0    0  13    0  0   0   0   0  0   0   0   0  0   0   0   0  0   0   0
    WFB   WR 388   WR 506   PB 195   WR 219  0 ATSL    4 ATSL    1 ATSL    1 ATSL    1 
  0  953    3  97    1 189    0  12    0  13    0  0   0   0   0  0   0   0   0  0   0   0   0  0   0   0
    WFB   WR 388   WR 506   WR 195   WR 219  0 ATSL    4 ATSL    1 ATSL    1 ATSL    1 
  0  953    3  97    1 189    2  12    0  13    0  0   0   0   0  0   0   0   0  0   0   0   0  0   0   0
    STR   WR 388   WR 506   WR 195   WR 219  0 ATSL    4 ATSL    1 ATSL    1 ATSL    1 
  0  953    3  97    1 189    2  12    0  13    0  0   0   0   0  0   0   0   0  0   0   0   0  0   0   0
