AFTERNOON AT THE RACE TRACK - Description of the internal state of the problem
MAN/BRK           SPECTATOR/BETTER              HORSE/JOCKEY PAIR at Race RN
  Stat  St0  Am0 St1  Am1 St2  Am2 St3  Am3 RN St0  Len0 St1  Len1 St2  Len2 St3  Len3 
                                        Race RN Status
 RN Dist BS0  BA0 BS1  BA1 BS2  BA2 BS3  BA3  Od0 N0 Ps0 SD0 Od1 N1 Ps1 SD1 Od2 N2 Ps2 SD2 Od3 N3 Ps3 SD3 
    OTE WFRTS  99        0        0        0  0         0         0         0         0 
  0 1222    0   0    0   0    0   0    0   0    0  0   0   0   0  0   0   0   0  0   0   0   0  0   0   0
    OTE WFRTS  99 WFRTS 493        0        0  0         0         0         0         0 
  0 1222    0   0    0   0    0   0    0   0    0  0   0   0   0  0   0   0   0  0   0   0   0  0   0   0
    OTE WFRTS  99 WFRTS 493        0        0  0         0         0         0         0 
  0 1222    0   0    0   0    0   0    0   0    0  0   0   0   0  0   0   0   0  0   0   0   0  0   0   0
    OTE WFRTS  99 WFRTS 493 WFRTS 956        0  0         0         0         0         0 
  0 1222    0   0    0   0    0   0    0   0    0  0   0   0   0  0   0   0   0  0   0   0   0  0   0   0
    OTE WFRTS  99 WFRTS 493 WFRTS 956        0  0         0         0         0         0 
  0 1222    0   0    0   0    0   0    0   0    0  0   0   0   0  0   0   0   0  0   0   0   0  0   0   0
    OTE WFRTS  99 WFRTS 493 WFRTS 956 WFRTS 280  0         0         0         0         0 
  0 1222    0   0    0   0    0   0    0   0    0  0   0   0   0  0   0   0   0  0   0   0   0  0   0   0
    OTE WFRTS  99 WFRTS 493 WFRTS 956 WFRTS 280  0         0         0         0         0 
  0 1222    0   0    0   0    0   0    0   0    0  0   0   0   0  0   0   0   0  0   0   0   0  0   0   0
    OTE WFRTS  99 WFRTS 493 WFRTS 956 WFRTS 280  0         0         0         0         0 
  0 1222    0   0    0   0    0   0    0   0    0  0   0   0   0  0   0   0   0  0   0   0   0  0   0   0
    OTE WFRTS  99 WFRTS 493 WFRTS 956 WFRTS 280  0  ATS    3         0         0         0 
  0 1222    0   0    0   0    0   0    0   0    0  0   0   0   0  0   0   0   0  0   0   0   0  0   0   0
    OTE WFRTS  99 WFRTS 493 WFRTS 956 WFRTS 280  0  ATS    3  ATS    0         0         0 
  0 1222    0   0    0   0    0   0    0   0    0  0   0   0   0  0   0   0   0  0   0   0   0  0   0   0
    OTE WFRTS  99 WFRTS 493 WFRTS 956 WFRTS 280  0  ATS    3  ATS    4         0         0 
  0 1222    0   0    0   0    0   0    0   0    0  0   0   0   0  0   0   0   0  0   0   0   0  0   0   0
    OTE WFRTS  99 WFRTS 493 WFRTS 956 WFRTS 280  0  ATS    3  ATS    4  ATS    0         0 
  0 1222    0   0    0   0    0   0    0   0    0  0   0   0   0  0   0   0   0  0   0   0   0  0   0   0
    OTE WFRTS  99 WFRTS 493 WFRTS 956 WFRTS 280  0  ATS    3  ATS    4  ATS    3         0 
  0 1222    0   0    0   0    0   0    0   0    0  0   0   0   0  0   0   0   0  0   0   0   0  0   0   0
    OTE WFRTS  99 WFRTS 493 WFRTS 956 WFRTS 280  0  ATS    3  ATS    4  ATS    3  ATS    0 
  0 1222    0   0    0   0    0   0    0   0    0  0   0   0   0  0   0   0   0  0   0   0   0  0   0   0
    OTE WFRTS  99 WFRTS 493 WFRTS 956 WFRTS 280  0  ATS    3  ATS    4  ATS    3  ATS    1 
  0 1222    0   0    0   0    0   0    0   0    0  0   0   0   0  0   0   0   0  0   0   0   0  0   0   0
    OTE WFRTS  99 WFRTS 493 WFRTS 956 WFRTS 280  0  ATS    3  ATS    4  ATS    3  ATS    1 
  0 1222    0   0    0   0    0   0    0   0    0  0   0   0   0  0   0   0   0  0   0   0   0  0   0   0
    OTE WFRTS  99 WFRTS 493 WFRTS 956 WFRTS 280  0  ATS    3  ATS    4  ATS    3  ATS    1 
  0 1222    0   0    0   0    0   0    0   0    0  0   0   0   0  0   0   0   0  0   0   0   0  0   0   0
    ANR WFRTS  99 WFRTS 493 WFRTS 956 WFRTS 280  0  ATS    3  ATS    4  ATS    3  ATS    1 
  0 1222    0   0    0   0    0   0    0   0    0  0   0   0   0  0   0   0   0  0   0   0   0  0   0   0
    ANR  ATH  99 WFRTS 493 WFRTS 956 WFRTS 280  0  ATS    3  ATS    4  ATS    3  ATS    1 
  0 1222    0   0    0   0    0   0    0   0    0  0   0   0   0  0   0   0   0  0   0   0   0  0   0   0
    ANR  ATH  99 WFRTS 493  ATH 956 WFRTS 280  0  ATS    3  ATS    4  ATS    3  ATS    1 
  0 1222    0   0    0   0    0   0    0   0    0  0   0   0   0  0   0   0   0  0   0   0   0  0   0   0
    ANR  ATH  99  ATH 493  ATH 956 WFRTS 280  0  ATS    3  ATS    4  ATS    3  ATS    1 
  0 1222    0   0    0   0    0   0    0   0    0  0   0   0   0  0   0   0   0  0   0   0   0  0   0   0
    WFB  ATH  99  ATH 493  ATH 956  ATH 280  0  ATS    3  ATS    4  ATS    3  ATS    1 
  0 1222    0   0    0   0    0   0    0   0    0  0   0   0   0  0   0   0   0  0   0   0   0  0   0   0
    WFB  ATH  99  ATH 493  ATH 956  ATH 280  0  ATS    3  ATS    4  ATS    3  ATS    1 
  0 1222    0   0    0   0    0   0    0   0    0  0   0   0   0  0   0   0   0  0   0   0   0  0   0   0
    WFB  ATH  99  ATH 493  ATH 956  ATH 280  0  ATP    3  ATS    4  ATS    3  ATS    1 
  0 1222    0   0    0   0    0   0    0   0    0  0   0   0   0  0   0   0   0  0   0   0   0  0   0   0
    WFB  ATH  99  ATH 493  ATH 956  ATH 280  0 ATSL    3  ATS    4  ATS    3  ATP    1 
  0 1222    0   0    0   0    0   0    0   0    0  0   0   0   0  0   0   0   0  0   0   0   0  0   0   0
    WFB  ATH  99  ATH 493  ATH 956  ATH 280  0 ATSL    3  ATS    4  ATS    3  ATP    1 
  0 1222    0   0    0   0    0   0    0   0    0  0   0   0   0  0   0   0   0  0   0   0   0  0   0   0
    WFB  ATH  99  ATH 493  ATH 956  ATH 280  0 ATSL    3  ATS    4  ATP    3 ATSL    1 
  0 1222    0   0    0   0    0   0    0   0    0  0   0   0   0  0   0   0   0  0   0   0   0  0   0   0
    WFB  ATH  99  ATH 493  ATH 956  ATH 280  0 ATSL    3  ATS    4  ATP    3 ATSL    1 
  0 1222    0   0    0   0    0   0    0   0    0  0   0   0   0  0   0   0   0  0   0   0   0  0   0   0
    WFB  ATH  99  ATH 493  ATH 956  ATH 280  0 ATSL    3  ATP    4 ATSL    3 ATSL    1 
  0 1222    0   0    0   0    0   0    0   0    0  0   0   0   0  0   0   0   0  0   0   0   0  0   0   0
    WFB  ATH  99  ATH 493  ATH 956  ATH 280  0 ATSL    3  ATP    4 ATSL    3 ATSL    1 
  0 1222    0   0    0   0    0   0    0   0    0  0   0   0   0  0   0   0   0  0   0   0   0  0   0   0
    WFB  ATH  99  ATH 493  ATH 956  ATH 280  0 ATSL    3 ATSL    4 ATSL    3 ATSL    1 
  0 1222    0   0    0   0    0   0    0   0    0  0   0   0   0  0   0   0   0  0   0   0   0  0   0   0
    WFB   PB  99  ATH 493  ATH 956  ATH 280  0 ATSL    3 ATSL    4 ATSL    3 ATSL    1 
  0 1222    0   0    0   0    0   0    0   0    0  0   0   0   0  0   0   0   0  0   0   0   0  0   0   0
    WFB   WR  99  ATH 493  ATH 956  ATH 280  0 ATSL    3 ATSL    4 ATSL    3 ATSL    1 
  0 1222    1  24    0   0    0   0    0   0    0  0   0   0   0  0   0   0   0  0   0   0   0  0   0   0
    WFB   WR  99   PB 493  ATH 956  ATH 280  0 ATSL    3 ATSL    4 ATSL    3 ATSL    1 
  0 1222    1  24    0   0    0   0    0   0    0  0   0   0   0  0   0   0   0  0   0   0   0  0   0   0
    WFB   WR  99   WR 493  ATH 956   PB 280  0 ATSL    3 ATSL    4 ATSL    3 ATSL    1 
  0 1222    1  24    2 123    0   0    0   0    0  0   0   0   0  0   0   0   0  0   0   0   0  0   0   0
    WFB   WR  99   WR 493  ATH 956   PB 280  0 ATSL    3 ATSL    4 ATSL    3 ATSL    1 
  0 1222    1  24    2 123    0   0    0   0    0  0   0   0   0  0   0   0   0  0   0   0   0  0   0   0
    WFB   WR  99   WR 493   PB 956   PB 280  0 ATSL    3 ATSL    4 ATSL    3 ATSL    1 
  0 1222    1  24    2 123    0   0    0   0    0  0   0   0   0  0   0   0   0  0   0   0   0  0   0   0
    WFB   WR  99   WR 493   PB 956   WR 280  0 ATSL    3 ATSL    4 ATSL    3 ATSL    1 
  0 1222    1  24    2 123    0   0    2  17    0  0   0   0   0  0   0   0   0  0   0   0   0  0   0   0
    WFB   WR  99   WR 493   WR 956   WR 280  0 ATSL    3 ATSL    4 ATSL    3 ATSL    1 
  0 1222    1  24    2 123    0  59    2  17    0  0   0   0   0  0   0   0   0  0   0   0   0  0   0   0
    STR   WR  99   WR 493   WR 956   WR 280  0 ATSL    3 ATSL    4 ATSL    3 ATSL    1 
  0 1222    1  24    2 123    0  59    2  17    0  0   0   0   0  0   0   0   0  0   0   0   0  0   0   0
