AFTERNOON AT THE RACE TRACK - Description of the internal state of the problem
MAN/BRK           SPECTATOR/BETTER              HORSE/JOCKEY PAIR at Race RN
  Stat  St0  Am0 St1  Am1 St2  Am2 St3  Am3 RN St0  Len0 St1  Len1 St2  Len2 St3  Len3 
                                        Race RN Status
 RN Dist BS0  BA0 BS1  BA1 BS2  BA2 BS3  BA3  Od0 N0 Ps0 SD0 Od1 N1 Ps1 SD1 Od2 N2 Ps2 SD2 Od3 N3 Ps3 SD3 
    OTE WFRTS 860        0        0        0  0         0         0         0         0 
  0 1047    0   0    0   0    0   0    0   0    0  0   0   0   0  0   0   0   0  0   0   0   0  0   0   0
    OTE WFRTS 860        0        0        0  0         0         0         0         0 
  0 1047    0   0    0   0    0   0    0   0    0  0   0   0   0  0   0   0   0  0   0   0   0  0   0   0
    OTE WFRTS 860 WFRTS 706        0        0  0         0         0         0         0 
  0 1047    0   0    0   0    0   0    0   0    0  0   0   0   0  0   0   0   0  0   0   0   0  0   0   0
    OTE WFRTS 860 WFRTS 706        0        0  0         0         0         0         0 
  0 1047    0   0    0   0    0   0    0   0    0  0   0   0   0  0   0   0   0  0   0   0   0  0   0   0
    OTE WFRTS 860 WFRTS 706 WFRTS 751        0  0         0         0         0         0 
  0 1047    0   0    0   0    0   0    0   0    0  0   0   0   0  0   0   0   0  0   0   0   0  0   0   0
    OTE WFRTS 860 WFRTS 706 WFRTS 751        0  0         0         0         0         0 
  0 1047    0   0    0   0    0   0    0   0    0  0   0   0   0  0   0   0   0  0   0   0   0  0   0   0
    OTE WFRTS 860 WFRTS 706 WFRTS 751 WFRTS 160  0         0         0         0         0 
  0 1047    0   0    0   0    0   0    0   0    0  0   0   0   0  0   0   0   0  0   0   0   0  0   0   0
    OTE WFRTS 860 WFRTS 706 WFRTS 751 WFRTS 160  0         0         0         0         0 
  0 1047    0   0    0   0    0   0    0   0    0  0   0   0   0  0   0   0   0  0   0   0   0  0   0   0
    OTE WFRTS 860 WFRTS 706 WFRTS 751 WFRTS 160  0  ATS    0         0         0         0 
  0 1047    0   0    0   0    0   0    0   0    0  0   0   0   0  0   0   0   0  0   0   0   0  0   0   0
    OTE WFRTS 860 WFRTS 706 WFRTS 751 WFRTS 160  0  ATS    0         0         0         0 
  0 1047    0   0    0   0    0   0    0   0    0  0   0   0   0  0   0   0   0  0   0   0   0  0   0   0
    OTE WFRTS 860 WFRTS 706 WFRTS 751 WFRTS 160  0  ATS    0  ATS    1         0         0 
  0 1047    0   0    0   0    0   0    0   0    0  0   0   0   0  0   0   0   0  0   0   0   0  0   0   0
    OTE WFRTS 860 WFRTS 706 WFRTS 751 WFRTS 160  0  ATS    0  ATS    1         0         0 
  0 1047    0   0    0   0    0   0    0   0    0  0   0   0   0  0   0   0   0  0   0   0   0  0   0   0
    OTE WFRTS 860 WFRTS 706 WFRTS 751 WFRTS 160  0  ATS    0  ATS    1  ATS    2         0 
  0 1047    0   0    0   0    0   0    0   0    0  0   0   0   0  0   0   0   0  0   0   0   0  0   0   0
    OTE WFRTS 860 WFRTS 706 WFRTS 751 WFRTS 160  0  ATS    0  ATS    1  ATS    2         0 
  0 1047    0   0    0   0    0   0    0   0    0  0   0   0   0  0   0   0   0  0   0   0   0  0   0   0
    OTE WFRTS 860 WFRTS 706 WFRTS 751 WFRTS 160  0  ATS    0  ATS    1  ATS    2  ATS    4 
  0 1047    0   0    0   0    0   0    0   0    0  0   0   0   0  0   0   0   0  0   0   0   0  0   0   0
    OTE WFRTS 860 WFRTS 706 WFRTS 751  ATH 160  0  ATS    0  ATS    1  ATS    2  ATS    4 
  0 1047    0   0    0   0    0   0    0   0    0  0   0   0   0  0   0   0   0  0   0   0   0  0   0   0
    OTE WFRTS 860  ATH 706 WFRTS 751  ATH 160  0  ATS    0  ATS    1  ATS    2  ATS    4 
  0 1047    0   0    0   0    0   0    0   0    0  0   0   0   0  0   0   0   0  0   0   0   0  0   0   0
    OTE  ATH 860  ATH 706 WFRTS 751  ATH 160  0  ATS    0  ATS    1  ATS    2  ATS    4 
  0 1047    0   0    0   0    0   0    0   0    0  0   0   0   0  0   0   0   0  0   0   0   0  0   0   0
    OTE  ATH 860  ATH 706  ATH 751  ATH 160  0  ATS    0  ATS    1  ATS    2  ATS    4 
  0 1047    0   0    0   0    0   0    0   0    0  0   0   0   0  0   0   0   0  0   0   0   0  0   0   0
    OTE  ATH 860  ATH 706  ATH 751  ATH 160  0  ATP    0  ATS    1  ATS    2  ATS    4 
  0 1047    0   0    0   0    0   0    0   0    0  0   0   0   0  0   0   0   0  0   0   0   0  0   0   0
    OTE  ATH 860  ATH 706  ATH 751  ATH 160  0 ATSL    0  ATS    1  ATS    2  ATS    4 
  0 1047    0   0    0   0    0   0    0   0    0  0   0   0   0  0   0   0   0  0   0   0   0  0   0   0
    OTE  ATH 860  ATH 706  ATH 751  ATH 160  0 ATSL    0  ATS    1  ATS    2  ATS    4 
  0 1047    0   0    0   0    0   0    0   0    0  0   0   0   0  0   0   0   0  0   0   0   0  0   0   0
    OTE  ATH 860  ATH 706  ATH 751  ATH 160  0 ATSL    0  ATS    1  ATS    2  ATP    4 
  0 1047    0   0    0   0    0   0    0   0    0  0   0   0   0  0   0   0   0  0   0   0   0  0   0   0
    OTE  ATH 860  ATH 706  ATH 751  ATH 160  0 ATSL    0  ATS    1  ATP    2 ATSL    4 
  0 1047    0   0    0   0    0   0    0   0    0  0   0   0   0  0   0   0   0  0   0   0   0  0   0   0
    OTE  ATH 860  ATH 706  ATH 751  ATH 160  0 ATSL    0  ATS    1  ATP    2 ATSL    4 
  0 1047    0   0    0   0    0   0    0   0    0  0   0   0   0  0   0   0   0  0   0   0   0  0   0   0
    ANR  ATH 860  ATH 706  ATH 751  ATH 160  0 ATSL    0  ATS    1  ATP    2 ATSL    4 
  0 1047    0   0    0   0    0   0    0   0    0  0   0   0   0  0   0   0   0  0   0   0   0  0   0   0
    ANR  ATH 860  ATH 706  ATH 751  ATH 160  0 ATSL    0  ATS    1  ATP    2 ATSL    4 
  0 1047    0   0    0   0    0   0    0   0    0  0   0   0   0  0   0   0   0  0   0   0   0  0   0   0
    WFB  ATH 860  ATH 706  ATH 751  ATH 160  0 ATSL    0  ATP    1  ATP    2 ATSL    4 
  0 1047    0   0    0   0    0   0    0   0    0  0   0   0   0  0   0   0   0  0   0   0   0  0   0   0
    WFB  ATH 860  ATH 706  ATH 751  ATH 160  0 ATSL    0 ATSL    1 ATSL    2 ATSL    4 
  0 1047    0   0    0   0    0   0    0   0    0  0   0   0   0  0   0   0   0  0   0   0   0  0   0   0
    WFB  ATH 860  ATH 706  ATH 751  ATH 160  0 ATSL    0 ATSL    1 ATSL    2 ATSL    4 
  0 1047    0   0    0   0    0   0    0   0    0  0   0   0   0  0   0   0   0  0   0   0   0  0   0   0
    WFB  ATH 860  ATH 706  ATH 751  ATH 160  0 ATSL    0 ATSL    1 ATSL    2 ATSL    4 
  0 1047    0   0    0   0    0   0    0   0    0  0   0   0   0  0   0   0   0  0   0   0   0  0   0   0
    WFB  ATH 860  ATH 706   PB 751  ATH 160  0 ATSL    0 ATSL    1 ATSL    2 ATSL    4 
  0 1047    0   0    0   0    0   0    0   0    0  0   0   0   0  0   0   0   0  0   0   0   0  0   0   0
    WFB  ATH 860  ATH 706   WR 751  ATH 160  0 ATSL    0 ATSL    1 ATSL    2 ATSL    4 
  0 1047    0   0    0   0    0 281    0   0    0  0   0   0   0  0   0   0   0  0   0   0   0  0   0   0
    WFB  ATH 860   PB 706   WR 751  ATH 160  0 ATSL    0 ATSL    1 ATSL    2 ATSL    4 
  0 1047    0   0    0   0    0 281    0   0    0  0   0   0   0  0   0   0   0  0   0   0   0  0   0   0
    WFB   PB 860   WR 706   WR 751  ATH 160  0 ATSL    0 ATSL    1 ATSL    2 ATSL    4 
  0 1047    0   0    3  44    0 281    0   0    0  0   0   0   0  0   0   0   0  0   0   0   0  0   0   0
    WFB   PB 860   WR 706   WR 751  ATH 160  0 ATSL    0 ATSL    1 ATSL    2 ATSL    4 
  0 1047    0   0    3  44    0 281    0   0    0  0   0   0   0  0   0   0   0  0   0   0   0  0   0   0
    WFB   PB 860   WR 706   WR 751   PB 160  0 ATSL    0 ATSL    1 ATSL    2 ATSL    4 
  0 1047    0   0    3  44    0 281    0   0    0  0   0   0   0  0   0   0   0  0   0   0   0  0   0   0
    WFB   WR 860   WR 706   WR 751   PB 160  0 ATSL    0 ATSL    1 ATSL    2 ATSL    4 
  0 1047    1 215    3  44    0 281    0   0    0  0   0   0   0  0   0   0   0  0   0   0   0  0   0   0
    WFB   WR 860   WR 706   WR 751   WR 160  0 ATSL    0 ATSL    1 ATSL    2 ATSL    4 
  0 1047    1 215    3  44    0 281    1  40    0  0   0   0   0  0   0   0   0  0   0   0   0  0   0   0
    STR   WR 860   WR 706   WR 751   WR 160  0 ATSL    0 ATSL    1 ATSL    2 ATSL    4 
  0 1047    1 215    3  44    0 281    1  40    0  0   0   0   0  0   0   0   0  0   0   0   0  0   0   0
