AFTERNOON AT THE RACE TRACK - Description of the internal state of the problem
MAN/BRK           SPECTATOR/BETTER              HORSE/JOCKEY PAIR at Race RN
  Stat  St0  Am0 St1  Am1 St2  Am2 St3  Am3 RN St0  Len0 St1  Len1 St2  Len2 St3  Len3 
                                        Race RN Status
 RN Dist BS0  BA0 BS1  BA1 BS2  BA2 BS3  BA3  Od0 N0 Ps0 SD0 Od1 N1 Ps1 SD1 Od2 N2 Ps2 SD2 Od3 N3 Ps3 SD3 
    OTE WFRTS 718        0        0        0  0         0         0         0         0 
  0 1148    0   0    0   0    0   0    0   0    0  0   0   0   0  0   0   0   0  0   0   0   0  0   0   0
    OTE WFRTS 718        0        0        0  0         0         0         0         0 
  0 1148    0   0    0   0    0   0    0   0    0  0   0   0   0  0   0   0   0  0   0   0   0  0   0   0
    OTE WFRTS 718 WFRTS 868        0        0  0         0         0         0         0 
  0 1148    0   0    0   0    0   0    0   0    0  0   0   0   0  0   0   0   0  0   0   0   0  0   0   0
    OTE WFRTS 718 WFRTS 868        0        0  0         0         0         0         0 
  0 1148    0   0    0   0    0   0    0   0    0  0   0   0   0  0   0   0   0  0   0   0   0  0   0   0
    OTE WFRTS 718 WFRTS 868 WFRTS 381        0  0         0         0         0         0 
  0 1148    0   0    0   0    0   0    0   0    0  0   0   0   0  0   0   0   0  0   0   0   0  0   0   0
    OTE WFRTS 718 WFRTS 868 WFRTS 381        0  0         0         0         0         0 
  0 1148    0   0    0   0    0   0    0   0    0  0   0   0   0  0   0   0   0  0   0   0   0  0   0   0
    OTE WFRTS 718 WFRTS 868 WFRTS 381 WFRTS 583  0         0         0         0         0 
  0 1148    0   0    0   0    0   0    0   0    0  0   0   0   0  0   0   0   0  0   0   0   0  0   0   0
    OTE WFRTS 718 WFRTS 868 WFRTS 381 WFRTS 583  0         0         0         0         0 
  0 1148    0   0    0   0    0   0    0   0    0  0   0   0   0  0   0   0   0  0   0   0   0  0   0   0
    OTE WFRTS 718 WFRTS 868 WFRTS 381 WFRTS 583  0  ATS    1         0         0         0 
  0 1148    0   0    0   0    0   0    0   0    0  0   0   0   0  0   0   0   0  0   0   0   0  0   0   0
    OTE WFRTS 718 WFRTS 868 WFRTS 381 WFRTS 583  0  ATS    1         0         0         0 
  0 1148    0   0    0   0    0   0    0   0    0  0   0   0   0  0   0   0   0  0   0   0   0  0   0   0
    OTE WFRTS 718 WFRTS 868 WFRTS 381 WFRTS 583  0  ATS    1  ATS    4         0         0 
  0 1148    0   0    0   0    0   0    0   0    0  0   0   0   0  0   0   0   0  0   0   0   0  0   0   0
    OTE WFRTS 718 WFRTS 868 WFRTS 381 WFRTS 583  0  ATS    1  ATS    4  ATS    0         0 
  0 1148    0   0    0   0    0   0    0   0    0  0   0   0   0  0   0   0   0  0   0   0   0  0   0   0
    OTE WFRTS 718 WFRTS 868 WFRTS 381 WFRTS 583  0  ATS    1  ATS    4  ATS    4         0 
  0 1148    0   0    0   0    0   0    0   0    0  0   0   0   0  0   0   0   0  0   0   0   0  0   0   0
    OTE WFRTS 718 WFRTS 868 WFRTS 381 WFRTS 583  0  ATS    1  ATS    4  ATS    4         0 
  0 1148    0   0    0   0    0   0    0   0    0  0   0   0   0  0   0   0   0  0   0   0   0  0   0   0
    OTE WFRTS 718 WFRTS 868 WFRTS 381 WFRTS 583  0  ATS    1  ATS    4  ATS    4  ATS    0 
  0 1148    0   0    0   0    0   0    0   0    0  0   0   0   0  0   0   0   0  0   0   0   0  0   0   0
    OTE  ATH 718 WFRTS 868 WFRTS 381 WFRTS 583  0  ATS    1  ATS    4  ATS    4  ATS    0 
  0 1148    0   0    0   0    0   0    0   0    0  0   0   0   0  0   0   0   0  0   0   0   0  0   0   0
    OTE  ATH 718  ATH 868 WFRTS 381 WFRTS 583  0  ATS    1  ATS    4  ATS    4  ATS    0 
  0 1148    0   0    0   0    0   0    0   0    0  0   0   0   0  0   0   0   0  0   0   0   0  0   0   0
    OTE  ATH 718  ATH 868  ATH 381 WFRTS 583  0  ATS    1  ATS    4  ATS    4  ATS    0 
  0 1148    0   0    0   0    0   0    0   0    0  0   0   0   0  0   0   0   0  0   0   0   0  0   0   0
    OTE  ATH 718  ATH 868  ATH 381  ATH 583  0  ATS    1  ATS    4  ATS    4  ATS    0 
  0 1148    0   0    0   0    0   0    0   0    0  0   0   0   0  0   0   0   0  0   0   0   0  0   0   0
    OTE  ATH 718  ATH 868  ATH 381  ATH 583  0  ATS    1  ATS    4  ATS    4  ATP    0 
  0 1148    0   0    0   0    0   0    0   0    0  0   0   0   0  0   0   0   0  0   0   0   0  0   0   0
    OTE  ATH 718  ATH 868  ATH 381  ATH 583  0  ATS    1  ATS    4  ATP    4  ATP    0 
  0 1148    0   0    0   0    0   0    0   0    0  0   0   0   0  0   0   0   0  0   0   0   0  0   0   0
    OTE  ATH 718  ATH 868  ATH 381  ATH 583  0  ATS    1  ATS    4  ATP    4  ATP    0 
  0 1148    0   0    0   0    0   0    0   0    0  0   0   0   0  0   0   0   0  0   0   0   0  0   0   0
    OTE  ATH 718  ATH 868  ATH 381  ATH 583  0  ATS    1  ATP    4 ATSL    4  ATP    0 
  0 1148    0   0    0   0    0   0    0   0    0  0   0   0   0  0   0   0   0  0   0   0   0  0   0   0
    OTE  ATH 718  ATH 868  ATH 381  ATH 583  0  ATS    1  ATP    4 ATSL    4  ATP    0 
  0 1148    0   0    0   0    0   0    0   0    0  0   0   0   0  0   0   0   0  0   0   0   0  0   0   0
    OTE  ATH 718  ATH 868  ATH 381  ATH 583  0  ATS    1 ATSL    4 ATSL    4  ATP    0 
  0 1148    0   0    0   0    0   0    0   0    0  0   0   0   0  0   0   0   0  0   0   0   0  0   0   0
    OTE  ATH 718  ATH 868  ATH 381  ATH 583  0  ATP    1 ATSL    4 ATSL    4  ATP    0 
  0 1148    0   0    0   0    0   0    0   0    0  0   0   0   0  0   0   0   0  0   0   0   0  0   0   0
    OTE  ATH 718  ATH 868  ATH 381  ATH 583  0  ATP    1 ATSL    4    R    4 ATSL    0 
  0 1148    0   0    0   0    0   0    0   0    0  0   0   0   0  0   0   0   0  0   0   0   0  0   0   0
    OTE   PB 718  ATH 868  ATH 381  ATH 583  0  ATP    1 ATSL    4    R    4 ATSL    0 
  0 1148    0   0    0   0    0   0    0   0    0  0   0   0   0  0   0   0   0  0   0   0   0  0   0   0
    OTE   PB 718  ATH 868  ATH 381  ATH 583  0  ATP    1 ATSL    4    R    4 ATSL    0 
  0 1148    0   0    0   0    0   0    0   0    0  0   0   0   0  0   0   0   0  0   0   0   0  0   0   0
    OTE   PB 718  ATH 868  ATH 381  ATH 583  0 ATSL    1 ATSL    4    R    4 ATSL    0 
  0 1148    0   0    0   0    0   0    0   0    0  0   0   0   0  0   0   0   0  0   0   0   0  0   0   0
    OTE   PB 718  ATH 868  ATH 381  ATH 583  0 ATSL    1    R    4    R    4 ATSL    0 
  0 1148    0   0    0   0    0   0    0   0    0  0   0   0   0  0   0   0   0  0   0   0   0  0   0   0
    OTE   PB 718  ATH 868   PB 381  ATH 583  0 ATSL    1    R    4    R    4 ATSL    0 
  0 1148    0   0    0   0    0   0    0   0    0  0   0   0   0  0   0   0   0  0   0   0   0  0   0   0
    OTE   PB 718   PB 868   PB 381  ATH 583  0 ATSL    1    R    4    R    4 ATSL    0 
  0 1148    0   0    0   0    0   0    0   0    0  0   0   0   0  0   0   0   0  0   0   0   0  0   0   0
    OTE   PB 718   PB 868   PB 381   PB 583  0 ATSL    1    R    4    R    4 ATSL    0 
  0 1148    0   0    0   0    0   0    0   0    0  0   0   0   0  0   0   0   0  0   0   0   0  0   0   0
    OTE   PB 718   PB 868   PB 381   PB 583  0    R    1    R    4    R    4    R    0 
  0 1148    0   0    0   0    0   0    0   0    0  0   0   0   0  0   0   0   0  0   0   0   0  0   0   0
    OTE   PB 718   PB 868   PB 381   PB 583  0    R    1    R    4    R    4    R    0 
  0 1148    0   0    0   0    0   0    0   0    0  0   0   0   0  0   0   0   0  0   0   0   0  0   0   0
    OTE   PB 718   PB 868   PB 381   PB 583  0    R    1    R    4    R    4    R    0 
  0 1148    0   0    0   0    0   0    0   0    0  0   0   0   0  0   0   0   0  0   0   0   0  0   0   0
    ANR   PB 718   PB 868   PB 381   PB 583  0    R    1    R    4    R    4    R    0 
  0 1148    0   0    0   0    0   0    0   0    0  0   0   0   0  0   0   0   0  0   0   0   0  0   0   0
    WFB   PB 718   PB 868   PB 381   PB 583  0    R    1    R    4    R    4    R    0 
  0 1148    0   0    0   0    0   0    0   0    0  0   0   0   0  0   0   0   0  0   0   0   0  0   0   0
    WFB   PB 718   PB 868   PB 381   PB 583  0    R    1    R    4    R    4    R    0 
  0 1148    3  44    0   0    0   0    0   0    0  0   0   0   0  0   0   0   0  0   0   0   0  0   0   0
    WFB   WR 718   PB 868   PB 381   PB 583  0    R    1    R    4    R    4    R    0 
  0 1148    3  44    0 325    3 142    0   0    0  0   0   0   0  0   0   0   0  0   0   0   0  0   0   0
    WFB   WR 718   PB 868   WR 381   PB 583  0    R    1    R    4    R    4    R    0 
  0 1148    3  44    2 325    3 142    0   0    0  0   0   0   0  0   0   0   0  0   0   0   0  0   0   0
    WFB   WR 718   WR 868   WR 381   PB 583  0    R    1    R    4    R    4    R    0 
  0 1148    3  44    2 325    3 142    1 145    0  0   0   0   0  0   0   0   0  0   0   0   0  0   0   0
    STR   WR 718   WR 868   WR 381   PB 583  0    R    1    R    4    R    4    R    0 
  0 1148    3  44    2 325    3 142    1 145    0  0   0   0   0  0   0   0   0  0   0   0   0  0   0   0
    STR   WR 718   WR 868   WR 381   WR 583  0    R    1    R    4    R    4    R    0 
  0 1148    3  44    2 325    3 142    1 145    0  0   0   0   0  0   0   0   0  0   0   0   0  0   0   0
